[2013-08-21 18:31:42] kp_app.ERROR: Symfony\Component\HttpKernel\Exception\NotFoundHttpException: No route found for "GET /" (uncaught exception) at /var/www/work/InternalDevelopment/ProjectV/vendor/symfony/http-kernel/Symfony/Component/HttpKernel/EventListener/RouterListener.php line 116 {"exception":"[object] (Symfony\\Component\\HttpKernel\\Exception\\NotFoundHttpException: No route found for \"GET /\" at /var/www/work/InternalDevelopment/ProjectV/vendor/symfony/http-kernel/Symfony/Component/HttpKernel/EventListener/RouterListener.php:116, Symfony\\Component\\Routing\\Exception\\ResourceNotFoundException:  at /var/www/work/InternalDevelopment/ProjectV/vendor/symfony/routing/Symfony/Component/Routing/Matcher/UrlMatcher.php:91)"} []
[2013-08-21 18:35:08] kp_app.CRITICAL: Twig_Error_Loader: Template "index.html.twig" is not defined (). (uncaught exception) at /var/www/work/InternalDevelopment/ProjectV/vendor/twig/twig/lib/Twig/Loader/Chain.php line 116 {"exception":"[object] (Twig_Error_Loader: Template \"index.html.twig\" is not defined (). at /var/www/work/InternalDevelopment/ProjectV/vendor/twig/twig/lib/Twig/Loader/Chain.php:116)"} []
[2013-08-21 18:43:31] kp_app.ERROR: Symfony\Component\HttpKernel\Exception\NotFoundHttpException: No route found for "GET /sifter/time/" (uncaught exception) at /var/www/work/InternalDevelopment/ProjectV/vendor/symfony/http-kernel/Symfony/Component/HttpKernel/EventListener/RouterListener.php line 116 {"exception":"[object] (Symfony\\Component\\HttpKernel\\Exception\\NotFoundHttpException: No route found for \"GET /sifter/time/\" at /var/www/work/InternalDevelopment/ProjectV/vendor/symfony/http-kernel/Symfony/Component/HttpKernel/EventListener/RouterListener.php:116, Symfony\\Component\\Routing\\Exception\\ResourceNotFoundException:  at /var/www/work/InternalDevelopment/ProjectV/vendor/symfony/routing/Symfony/Component/Routing/Matcher/UrlMatcher.php:91)"} []
[2013-08-21 18:50:56] kp_app.ERROR: Symfony\Component\HttpKernel\Exception\NotFoundHttpException: No route found for "GET /sifter/time/Humayun%20Khalid" (uncaught exception) at /var/www/work/InternalDevelopment/ProjectV/vendor/symfony/http-kernel/Symfony/Component/HttpKernel/EventListener/RouterListener.php line 116 {"exception":"[object] (Symfony\\Component\\HttpKernel\\Exception\\NotFoundHttpException: No route found for \"GET /sifter/time/Humayun%20Khalid\" at /var/www/work/InternalDevelopment/ProjectV/vendor/symfony/http-kernel/Symfony/Component/HttpKernel/EventListener/RouterListener.php:116, Symfony\\Component\\Routing\\Exception\\ResourceNotFoundException:  at /var/www/work/InternalDevelopment/ProjectV/vendor/symfony/routing/Symfony/Component/Routing/Matcher/UrlMatcher.php:91)"} []
[2013-08-21 18:51:02] kp_app.ERROR: Symfony\Component\HttpKernel\Exception\NotFoundHttpException: No route found for "GET /sifter/time/Humayun%20Khalid/mail" (uncaught exception) at /var/www/work/InternalDevelopment/ProjectV/vendor/symfony/http-kernel/Symfony/Component/HttpKernel/EventListener/RouterListener.php line 116 {"exception":"[object] (Symfony\\Component\\HttpKernel\\Exception\\NotFoundHttpException: No route found for \"GET /sifter/time/Humayun%20Khalid/mail\" at /var/www/work/InternalDevelopment/ProjectV/vendor/symfony/http-kernel/Symfony/Component/HttpKernel/EventListener/RouterListener.php:116, Symfony\\Component\\Routing\\Exception\\ResourceNotFoundException:  at /var/www/work/InternalDevelopment/ProjectV/vendor/symfony/routing/Symfony/Component/Routing/Matcher/UrlMatcher.php:91)"} []
[2013-08-21 18:51:04] kp_app.ERROR: Symfony\Component\HttpKernel\Exception\NotFoundHttpException: No route found for "GET /sifter/time/Humayun%20Khalid/mail/" (uncaught exception) at /var/www/work/InternalDevelopment/ProjectV/vendor/symfony/http-kernel/Symfony/Component/HttpKernel/EventListener/RouterListener.php line 116 {"exception":"[object] (Symfony\\Component\\HttpKernel\\Exception\\NotFoundHttpException: No route found for \"GET /sifter/time/Humayun%20Khalid/mail/\" at /var/www/work/InternalDevelopment/ProjectV/vendor/symfony/http-kernel/Symfony/Component/HttpKernel/EventListener/RouterListener.php:116, Symfony\\Component\\Routing\\Exception\\ResourceNotFoundException:  at /var/www/work/InternalDevelopment/ProjectV/vendor/symfony/routing/Symfony/Component/Routing/Matcher/UrlMatcher.php:91)"} []
[2013-08-21 18:51:43] kp_app.ERROR: Symfony\Component\HttpKernel\Exception\NotFoundHttpException: No route found for "GET /sifter/time/Humayun%20Khalid/mail/" (uncaught exception) at /var/www/work/InternalDevelopment/ProjectV/vendor/symfony/http-kernel/Symfony/Component/HttpKernel/EventListener/RouterListener.php line 116 {"exception":"[object] (Symfony\\Component\\HttpKernel\\Exception\\NotFoundHttpException: No route found for \"GET /sifter/time/Humayun%20Khalid/mail/\" at /var/www/work/InternalDevelopment/ProjectV/vendor/symfony/http-kernel/Symfony/Component/HttpKernel/EventListener/RouterListener.php:116, Symfony\\Component\\Routing\\Exception\\ResourceNotFoundException:  at /var/www/work/InternalDevelopment/ProjectV/vendor/symfony/routing/Symfony/Component/Routing/Matcher/UrlMatcher.php:91)"} []
[2013-08-21 18:54:44] kp_app.ERROR: Symfony\Component\HttpKernel\Exception\NotFoundHttpException: No route found for "GET /sifter/time/Humayun%20Khalid/mail/" (uncaught exception) at /var/www/work/InternalDevelopment/ProjectV/vendor/symfony/http-kernel/Symfony/Component/HttpKernel/EventListener/RouterListener.php line 116 {"exception":"[object] (Symfony\\Component\\HttpKernel\\Exception\\NotFoundHttpException: No route found for \"GET /sifter/time/Humayun%20Khalid/mail/\" at /var/www/work/InternalDevelopment/ProjectV/vendor/symfony/http-kernel/Symfony/Component/HttpKernel/EventListener/RouterListener.php:116, Symfony\\Component\\Routing\\Exception\\ResourceNotFoundException:  at /var/www/work/InternalDevelopment/ProjectV/vendor/symfony/routing/Symfony/Component/Routing/Matcher/UrlMatcher.php:91)"} []
[2013-08-21 18:54:53] kp_app.ERROR: Symfony\Component\HttpKernel\Exception\NotFoundHttpException: No route found for "GET /sifter/time/Humayun%20Khalid/ewan.valentine89@gmail.com" (uncaught exception) at /var/www/work/InternalDevelopment/ProjectV/vendor/symfony/http-kernel/Symfony/Component/HttpKernel/EventListener/RouterListener.php line 116 {"exception":"[object] (Symfony\\Component\\HttpKernel\\Exception\\NotFoundHttpException: No route found for \"GET /sifter/time/Humayun%20Khalid/ewan.valentine89@gmail.com\" at /var/www/work/InternalDevelopment/ProjectV/vendor/symfony/http-kernel/Symfony/Component/HttpKernel/EventListener/RouterListener.php:116, Symfony\\Component\\Routing\\Exception\\ResourceNotFoundException:  at /var/www/work/InternalDevelopment/ProjectV/vendor/symfony/routing/Symfony/Component/Routing/Matcher/UrlMatcher.php:91)"} []
[2013-08-21 19:01:50] kp_app.ERROR: Symfony\Component\HttpKernel\Exception\NotFoundHttpException: No route found for "GET /sifter/unresolved" (uncaught exception) at /var/www/work/InternalDevelopment/ProjectV/vendor/symfony/http-kernel/Symfony/Component/HttpKernel/EventListener/RouterListener.php line 116 {"exception":"[object] (Symfony\\Component\\HttpKernel\\Exception\\NotFoundHttpException: No route found for \"GET /sifter/unresolved\" at /var/www/work/InternalDevelopment/ProjectV/vendor/symfony/http-kernel/Symfony/Component/HttpKernel/EventListener/RouterListener.php:116, Symfony\\Component\\Routing\\Exception\\ResourceNotFoundException:  at /var/www/work/InternalDevelopment/ProjectV/vendor/symfony/routing/Symfony/Component/Routing/Matcher/UrlMatcher.php:91)"} []
[2013-08-21 19:02:16] kp_app.CRITICAL: UnexpectedValueException: The Response content must be a string or object implementing __toString(), "array" given. (uncaught exception) at /var/www/work/InternalDevelopment/ProjectV/vendor/symfony/http-foundation/Symfony/Component/HttpFoundation/Response.php line 350 {"exception":"[object] (UnexpectedValueException: The Response content must be a string or object implementing __toString(), \"array\" given. at /var/www/work/InternalDevelopment/ProjectV/vendor/symfony/http-foundation/Symfony/Component/HttpFoundation/Response.php:350)"} []
[2013-08-22 15:47:55] kp_app.CRITICAL: Twig_Error_Loader: Template "sifter_times.html.twig" is not defined (). (uncaught exception) at /var/www/work/InternalDevelopment/ProjectV/vendor/twig/twig/lib/Twig/Loader/Chain.php line 116 {"exception":"[object] (Twig_Error_Loader: Template \"sifter_times.html.twig\" is not defined (). at /var/www/work/InternalDevelopment/ProjectV/vendor/twig/twig/lib/Twig/Loader/Chain.php:116)"} []
[2013-08-22 15:48:59] kp_app.CRITICAL: Twig_Error_Loader: Template "sifter_times.html.twig" is not defined (). (uncaught exception) at /var/www/work/InternalDevelopment/ProjectV/vendor/twig/twig/lib/Twig/Loader/Chain.php line 116 {"exception":"[object] (Twig_Error_Loader: Template \"sifter_times.html.twig\" is not defined (). at /var/www/work/InternalDevelopment/ProjectV/vendor/twig/twig/lib/Twig/Loader/Chain.php:116)"} []
[2013-08-22 15:50:18] kp_app.CRITICAL: Twig_Error_Loader: Template "sifter_times.html.twig" is not defined (). (uncaught exception) at /var/www/work/InternalDevelopment/ProjectV/vendor/twig/twig/lib/Twig/Loader/Chain.php line 116 {"exception":"[object] (Twig_Error_Loader: Template \"sifter_times.html.twig\" is not defined (). at /var/www/work/InternalDevelopment/ProjectV/vendor/twig/twig/lib/Twig/Loader/Chain.php:116)"} []
[2013-08-22 15:51:20] kp_app.CRITICAL: Twig_Error_Loader: Template "sifter_times.html.twig" is not defined (). (uncaught exception) at /var/www/work/InternalDevelopment/ProjectV/vendor/twig/twig/lib/Twig/Loader/Chain.php line 116 {"exception":"[object] (Twig_Error_Loader: Template \"sifter_times.html.twig\" is not defined (). at /var/www/work/InternalDevelopment/ProjectV/vendor/twig/twig/lib/Twig/Loader/Chain.php:116)"} []
[2013-08-22 15:53:05] kp_app.CRITICAL: Twig_Error_Loader: Template "sifter_times.html.twig" is not defined (). (uncaught exception) at /var/www/work/InternalDevelopment/ProjectV/vendor/twig/twig/lib/Twig/Loader/Chain.php line 116 {"exception":"[object] (Twig_Error_Loader: Template \"sifter_times.html.twig\" is not defined (). at /var/www/work/InternalDevelopment/ProjectV/vendor/twig/twig/lib/Twig/Loader/Chain.php:116)"} []
[2013-08-22 15:53:15] kp_app.CRITICAL: Twig_Error_Loader: Template "sifter_times.html.twig" is not defined (). (uncaught exception) at /var/www/work/InternalDevelopment/ProjectV/vendor/twig/twig/lib/Twig/Loader/Chain.php line 116 {"exception":"[object] (Twig_Error_Loader: Template \"sifter_times.html.twig\" is not defined (). at /var/www/work/InternalDevelopment/ProjectV/vendor/twig/twig/lib/Twig/Loader/Chain.php:116)"} []
[2013-08-22 15:53:17] kp_app.CRITICAL: Twig_Error_Loader: Template "sifter_times.html.twig" is not defined (). (uncaught exception) at /var/www/work/InternalDevelopment/ProjectV/vendor/twig/twig/lib/Twig/Loader/Chain.php line 116 {"exception":"[object] (Twig_Error_Loader: Template \"sifter_times.html.twig\" is not defined (). at /var/www/work/InternalDevelopment/ProjectV/vendor/twig/twig/lib/Twig/Loader/Chain.php:116)"} []
[2013-08-22 15:53:31] kp_app.CRITICAL: Twig_Error_Loader: Template "sifter_times.html.twig" is not defined (). (uncaught exception) at /var/www/work/InternalDevelopment/ProjectV/vendor/twig/twig/lib/Twig/Loader/Chain.php line 116 {"exception":"[object] (Twig_Error_Loader: Template \"sifter_times.html.twig\" is not defined (). at /var/www/work/InternalDevelopment/ProjectV/vendor/twig/twig/lib/Twig/Loader/Chain.php:116)"} []
[2013-08-22 15:53:35] kp_app.CRITICAL: Twig_Error_Loader: Template "sifter_times.html.twig" is not defined (). (uncaught exception) at /var/www/work/InternalDevelopment/ProjectV/vendor/twig/twig/lib/Twig/Loader/Chain.php line 116 {"exception":"[object] (Twig_Error_Loader: Template \"sifter_times.html.twig\" is not defined (). at /var/www/work/InternalDevelopment/ProjectV/vendor/twig/twig/lib/Twig/Loader/Chain.php:116)"} []
[2013-08-22 16:13:48] kp_app.CRITICAL: Twig_Error_Loader: Template "sifter_times.html.twig" is not defined (). (uncaught exception) at /var/www/work/InternalDevelopment/ProjectV/vendor/twig/twig/lib/Twig/Loader/Chain.php line 116 {"exception":"[object] (Twig_Error_Loader: Template \"sifter_times.html.twig\" is not defined (). at /var/www/work/InternalDevelopment/ProjectV/vendor/twig/twig/lib/Twig/Loader/Chain.php:116)"} []
[2013-08-22 16:14:31] kp_app.CRITICAL: Twig_Error_Loader: Template "sifter_times.html.twig" is not defined (). (uncaught exception) at /var/www/work/InternalDevelopment/ProjectV/vendor/twig/twig/lib/Twig/Loader/Chain.php line 116 {"exception":"[object] (Twig_Error_Loader: Template \"sifter_times.html.twig\" is not defined (). at /var/www/work/InternalDevelopment/ProjectV/vendor/twig/twig/lib/Twig/Loader/Chain.php:116)"} []
[2013-08-22 16:15:13] kp_app.CRITICAL: Twig_Error_Loader: Template "sifter_times.html.twig" is not defined (). (uncaught exception) at /var/www/work/InternalDevelopment/ProjectV/vendor/twig/twig/lib/Twig/Loader/Chain.php line 116 {"exception":"[object] (Twig_Error_Loader: Template \"sifter_times.html.twig\" is not defined (). at /var/www/work/InternalDevelopment/ProjectV/vendor/twig/twig/lib/Twig/Loader/Chain.php:116)"} []
[2013-08-22 16:16:09] kp_app.CRITICAL: Twig_Error_Loader: Template "sifter_times.html.twig" is not defined (). (uncaught exception) at /var/www/work/InternalDevelopment/ProjectV/vendor/twig/twig/lib/Twig/Loader/Chain.php line 116 {"exception":"[object] (Twig_Error_Loader: Template \"sifter_times.html.twig\" is not defined (). at /var/www/work/InternalDevelopment/ProjectV/vendor/twig/twig/lib/Twig/Loader/Chain.php:116)"} []
[2013-08-22 16:16:29] kp_app.CRITICAL: Twig_Error_Loader: Template "sifter_times.html.twig" is not defined (). (uncaught exception) at /var/www/work/InternalDevelopment/ProjectV/vendor/twig/twig/lib/Twig/Loader/Chain.php line 116 {"exception":"[object] (Twig_Error_Loader: Template \"sifter_times.html.twig\" is not defined (). at /var/www/work/InternalDevelopment/ProjectV/vendor/twig/twig/lib/Twig/Loader/Chain.php:116)"} []
[2013-08-22 16:16:41] kp_app.CRITICAL: Twig_Error_Loader: Template "sifter_times.html.twig" is not defined (). (uncaught exception) at /var/www/work/InternalDevelopment/ProjectV/vendor/twig/twig/lib/Twig/Loader/Chain.php line 116 {"exception":"[object] (Twig_Error_Loader: Template \"sifter_times.html.twig\" is not defined (). at /var/www/work/InternalDevelopment/ProjectV/vendor/twig/twig/lib/Twig/Loader/Chain.php:116)"} []
[2013-08-22 17:30:58] kp_app.CRITICAL: Twig_Error_Syntax: Unexpected token "name" of value "content" ("end of print statement" expected) in "sifter_times.html.twig" at line 3 (uncaught exception) at /var/www/work/InternalDevelopment/ProjectV/vendor/twig/twig/lib/Twig/TokenStream.php line 76 {"exception":"[object] (Twig_Error_Syntax: Unexpected token \"name\" of value \"content\" (\"end of print statement\" expected) in \"sifter_times.html.twig\" at line 3 at /var/www/work/InternalDevelopment/ProjectV/vendor/twig/twig/lib/Twig/TokenStream.php:76)"} []
[2013-08-22 17:31:15] kp_app.CRITICAL: Twig_Error_Syntax: Unexpected token "name" of value "content" ("end of print statement" expected) in "sifter_times.html.twig" at line 3 (uncaught exception) at /var/www/work/InternalDevelopment/ProjectV/vendor/twig/twig/lib/Twig/TokenStream.php line 76 {"exception":"[object] (Twig_Error_Syntax: Unexpected token \"name\" of value \"content\" (\"end of print statement\" expected) in \"sifter_times.html.twig\" at line 3 at /var/www/work/InternalDevelopment/ProjectV/vendor/twig/twig/lib/Twig/TokenStream.php:76)"} []
[2013-08-22 17:31:39] kp_app.CRITICAL: Twig_Error_Syntax: The function "asset_url" does not exist in "layout.html.twig" at line 5 (uncaught exception) at /var/www/work/InternalDevelopment/ProjectV/vendor/twig/twig/lib/Twig/ExpressionParser.php line 555 {"exception":"[object] (Twig_Error_Syntax: The function \"asset_url\" does not exist in \"layout.html.twig\" at line 5 at /var/www/work/InternalDevelopment/ProjectV/vendor/twig/twig/lib/Twig/ExpressionParser.php:555)"} []
[2013-08-22 17:34:16] kp_app.ERROR: Symfony\Component\HttpKernel\Exception\NotFoundHttpException: No route found for "GET /sifter/web/css/bootstrap-responsive.css" (uncaught exception) at /var/www/work/InternalDevelopment/ProjectV/vendor/symfony/http-kernel/Symfony/Component/HttpKernel/EventListener/RouterListener.php line 116 {"exception":"[object] (Symfony\\Component\\HttpKernel\\Exception\\NotFoundHttpException: No route found for \"GET /sifter/web/css/bootstrap-responsive.css\" at /var/www/work/InternalDevelopment/ProjectV/vendor/symfony/http-kernel/Symfony/Component/HttpKernel/EventListener/RouterListener.php:116, Symfony\\Component\\Routing\\Exception\\ResourceNotFoundException:  at /var/www/work/InternalDevelopment/ProjectV/vendor/symfony/routing/Symfony/Component/Routing/Matcher/UrlMatcher.php:91)"} []
[2013-08-22 17:34:24] kp_app.ERROR: Symfony\Component\HttpKernel\Exception\NotFoundHttpException: No route found for "GET /web/css/bootstrap-responsive.css" (uncaught exception) at /var/www/work/InternalDevelopment/ProjectV/vendor/symfony/http-kernel/Symfony/Component/HttpKernel/EventListener/RouterListener.php line 116 {"exception":"[object] (Symfony\\Component\\HttpKernel\\Exception\\NotFoundHttpException: No route found for \"GET /web/css/bootstrap-responsive.css\" at /var/www/work/InternalDevelopment/ProjectV/vendor/symfony/http-kernel/Symfony/Component/HttpKernel/EventListener/RouterListener.php:116, Symfony\\Component\\Routing\\Exception\\ResourceNotFoundException:  at /var/www/work/InternalDevelopment/ProjectV/vendor/symfony/routing/Symfony/Component/Routing/Matcher/UrlMatcher.php:91)"} []
[2013-08-22 17:34:32] kp_app.ERROR: Symfony\Component\HttpKernel\Exception\NotFoundHttpException: No route found for "GET /sifter/times/web/css/bootstrap-responsive.css" (uncaught exception) at /var/www/work/InternalDevelopment/ProjectV/vendor/symfony/http-kernel/Symfony/Component/HttpKernel/EventListener/RouterListener.php line 116 {"exception":"[object] (Symfony\\Component\\HttpKernel\\Exception\\NotFoundHttpException: No route found for \"GET /sifter/times/web/css/bootstrap-responsive.css\" at /var/www/work/InternalDevelopment/ProjectV/vendor/symfony/http-kernel/Symfony/Component/HttpKernel/EventListener/RouterListener.php:116, Symfony\\Component\\Routing\\Exception\\ResourceNotFoundException:  at /var/www/work/InternalDevelopment/ProjectV/vendor/symfony/routing/Symfony/Component/Routing/Matcher/UrlMatcher.php:91)"} []
[2013-08-22 17:38:30] kp_app.ERROR: Symfony\Component\HttpKernel\Exception\NotFoundHttpException: No route found for "GET /sifter/times/project/%3Ch1%3EInternal%20Framework%20-%20Home%3C/h1%3E/web/css/bootstrap-responsive.css" (uncaught exception) at /var/www/work/InternalDevelopment/ProjectV/vendor/symfony/http-kernel/Symfony/Component/HttpKernel/EventListener/RouterListener.php line 116 {"exception":"[object] (Symfony\\Component\\HttpKernel\\Exception\\NotFoundHttpException: No route found for \"GET /sifter/times/project/%3Ch1%3EInternal%20Framework%20-%20Home%3C/h1%3E/web/css/bootstrap-responsive.css\" at /var/www/work/InternalDevelopment/ProjectV/vendor/symfony/http-kernel/Symfony/Component/HttpKernel/EventListener/RouterListener.php:116, Symfony\\Component\\Routing\\Exception\\ResourceNotFoundException:  at /var/www/work/InternalDevelopment/ProjectV/vendor/symfony/routing/Symfony/Component/Routing/Matcher/UrlMatcher.php:91)"} []
[2013-08-22 17:39:15] kp_app.ERROR: Symfony\Component\HttpKernel\Exception\NotFoundHttpException: No route found for "GET /sifter/times/project/%3Ch1%3EInternal%20Framework%20-%20Home%3C/h1%3E/bootstrap-responsive.css" (uncaught exception) at /var/www/work/InternalDevelopment/ProjectV/vendor/symfony/http-kernel/Symfony/Component/HttpKernel/EventListener/RouterListener.php line 116 {"exception":"[object] (Symfony\\Component\\HttpKernel\\Exception\\NotFoundHttpException: No route found for \"GET /sifter/times/project/%3Ch1%3EInternal%20Framework%20-%20Home%3C/h1%3E/bootstrap-responsive.css\" at /var/www/work/InternalDevelopment/ProjectV/vendor/symfony/http-kernel/Symfony/Component/HttpKernel/EventListener/RouterListener.php:116, Symfony\\Component\\Routing\\Exception\\ResourceNotFoundException:  at /var/www/work/InternalDevelopment/ProjectV/vendor/symfony/routing/Symfony/Component/Routing/Matcher/UrlMatcher.php:91)"} []
[2013-08-22 17:42:02] kp_app.ERROR: Symfony\Component\HttpKernel\Exception\NotFoundHttpException: No route found for "GET /web/css/bootstrap-responsive.css" (uncaught exception) at /var/www/work/InternalDevelopment/ProjectV/vendor/symfony/http-kernel/Symfony/Component/HttpKernel/EventListener/RouterListener.php line 116 {"exception":"[object] (Symfony\\Component\\HttpKernel\\Exception\\NotFoundHttpException: No route found for \"GET /web/css/bootstrap-responsive.css\" at /var/www/work/InternalDevelopment/ProjectV/vendor/symfony/http-kernel/Symfony/Component/HttpKernel/EventListener/RouterListener.php:116, Symfony\\Component\\Routing\\Exception\\ResourceNotFoundException:  at /var/www/work/InternalDevelopment/ProjectV/vendor/symfony/routing/Symfony/Component/Routing/Matcher/UrlMatcher.php:91)"} []
[2013-08-22 17:42:17] kp_app.ERROR: Symfony\Component\HttpKernel\Exception\NotFoundHttpException: No route found for "GET /css/bootstrap-responsive.css" (uncaught exception) at /var/www/work/InternalDevelopment/ProjectV/vendor/symfony/http-kernel/Symfony/Component/HttpKernel/EventListener/RouterListener.php line 116 {"exception":"[object] (Symfony\\Component\\HttpKernel\\Exception\\NotFoundHttpException: No route found for \"GET /css/bootstrap-responsive.css\" at /var/www/work/InternalDevelopment/ProjectV/vendor/symfony/http-kernel/Symfony/Component/HttpKernel/EventListener/RouterListener.php:116, Symfony\\Component\\Routing\\Exception\\ResourceNotFoundException:  at /var/www/work/InternalDevelopment/ProjectV/vendor/symfony/routing/Symfony/Component/Routing/Matcher/UrlMatcher.php:91)"} []
[2013-08-22 17:43:25] kp_app.ERROR: Symfony\Component\HttpKernel\Exception\NotFoundHttpException: No route found for "GET /css/bootstrap-responsive.css" (uncaught exception) at /var/www/work/InternalDevelopment/ProjectV/vendor/symfony/http-kernel/Symfony/Component/HttpKernel/EventListener/RouterListener.php line 116 {"exception":"[object] (Symfony\\Component\\HttpKernel\\Exception\\NotFoundHttpException: No route found for \"GET /css/bootstrap-responsive.css\" at /var/www/work/InternalDevelopment/ProjectV/vendor/symfony/http-kernel/Symfony/Component/HttpKernel/EventListener/RouterListener.php:116, Symfony\\Component\\Routing\\Exception\\ResourceNotFoundException:  at /var/www/work/InternalDevelopment/ProjectV/vendor/symfony/routing/Symfony/Component/Routing/Matcher/UrlMatcher.php:91)"} []
[2013-08-22 17:54:03] kp_app.CRITICAL: Twig_Error_Runtime: An exception has been thrown during the rendering of a template ("Unable to generate a URL for the named route "cm_homepage" as such route does not exist.") in "index.html.twig" at line 4. (uncaught exception) at /var/www/work/InternalDevelopment/ProjectV/vendor/twig/twig/lib/Twig/Template.php line 279 {"exception":"[object] (Twig_Error_Runtime: An exception has been thrown during the rendering of a template (\"Unable to generate a URL for the named route \"cm_homepage\" as such route does not exist.\") in \"index.html.twig\" at line 4. at /var/www/work/InternalDevelopment/ProjectV/vendor/twig/twig/lib/Twig/Template.php:279, Symfony\\Component\\Routing\\Exception\\RouteNotFoundException: Unable to generate a URL for the named route \"cm_homepage\" as such route does not exist. at /var/www/work/InternalDevelopment/ProjectV/vendor/symfony/routing/Symfony/Component/Routing/Generator/UrlGenerator.php:134)"} []
[2013-08-22 17:54:04] kp_app.CRITICAL: Twig_Error_Runtime: An exception has been thrown during the rendering of a template ("Unable to generate a URL for the named route "cm_homepage" as such route does not exist.") in "index.html.twig" at line 4. (uncaught exception) at /var/www/work/InternalDevelopment/ProjectV/vendor/twig/twig/lib/Twig/Template.php line 279 {"exception":"[object] (Twig_Error_Runtime: An exception has been thrown during the rendering of a template (\"Unable to generate a URL for the named route \"cm_homepage\" as such route does not exist.\") in \"index.html.twig\" at line 4. at /var/www/work/InternalDevelopment/ProjectV/vendor/twig/twig/lib/Twig/Template.php:279, Symfony\\Component\\Routing\\Exception\\RouteNotFoundException: Unable to generate a URL for the named route \"cm_homepage\" as such route does not exist. at /var/www/work/InternalDevelopment/ProjectV/vendor/symfony/routing/Symfony/Component/Routing/Generator/UrlGenerator.php:134)"} []
[2013-08-22 17:54:07] kp_app.CRITICAL: Twig_Error_Runtime: An exception has been thrown during the rendering of a template ("Unable to generate a URL for the named route "cm_homepage" as such route does not exist.") in "index.html.twig" at line 4. (uncaught exception) at /var/www/work/InternalDevelopment/ProjectV/vendor/twig/twig/lib/Twig/Template.php line 279 {"exception":"[object] (Twig_Error_Runtime: An exception has been thrown during the rendering of a template (\"Unable to generate a URL for the named route \"cm_homepage\" as such route does not exist.\") in \"index.html.twig\" at line 4. at /var/www/work/InternalDevelopment/ProjectV/vendor/twig/twig/lib/Twig/Template.php:279, Symfony\\Component\\Routing\\Exception\\RouteNotFoundException: Unable to generate a URL for the named route \"cm_homepage\" as such route does not exist. at /var/www/work/InternalDevelopment/ProjectV/vendor/symfony/routing/Symfony/Component/Routing/Generator/UrlGenerator.php:134)"} []
[2013-08-22 23:39:18] kp_app.CRITICAL: Twig_Error_Loader: Template "sifter_hours.html.twig" is not defined (). (uncaught exception) at /var/www/work/InternalDevelopment/ProjectV/vendor/twig/twig/lib/Twig/Loader/Chain.php line 116 {"exception":"[object] (Twig_Error_Loader: Template \"sifter_hours.html.twig\" is not defined (). at /var/www/work/InternalDevelopment/ProjectV/vendor/twig/twig/lib/Twig/Loader/Chain.php:116)"} []
[2013-08-22 23:39:33] kp_app.CRITICAL: Twig_Error_Loader: Template "sifter_hours.html.twig" is not defined (). (uncaught exception) at /var/www/work/InternalDevelopment/ProjectV/vendor/twig/twig/lib/Twig/Loader/Chain.php line 116 {"exception":"[object] (Twig_Error_Loader: Template \"sifter_hours.html.twig\" is not defined (). at /var/www/work/InternalDevelopment/ProjectV/vendor/twig/twig/lib/Twig/Loader/Chain.php:116)"} []
[2013-08-23 00:12:07] kp_app.CRITICAL: Twig_Error_Syntax: Unclosed "(" in "index.html.twig" at line 21 (uncaught exception) at /var/www/work/InternalDevelopment/ProjectV/vendor/twig/twig/lib/Twig/Lexer.php line 267 {"exception":"[object] (Twig_Error_Syntax: Unclosed \"(\" in \"index.html.twig\" at line 21 at /var/www/work/InternalDevelopment/ProjectV/vendor/twig/twig/lib/Twig/Lexer.php:267)"} []
[2013-08-28 14:36:12] kp_app.ERROR: Symfony\Component\HttpKernel\Exception\NotFoundHttpException: No route found for "GET /contacts" (uncaught exception) at /var/www/work/pushon/vendor/symfony/http-kernel/Symfony/Component/HttpKernel/EventListener/RouterListener.php line 116 {"exception":"[object] (Symfony\\Component\\HttpKernel\\Exception\\NotFoundHttpException: No route found for \"GET /contacts\" at /var/www/work/pushon/vendor/symfony/http-kernel/Symfony/Component/HttpKernel/EventListener/RouterListener.php:116, Symfony\\Component\\Routing\\Exception\\ResourceNotFoundException:  at /var/www/work/pushon/vendor/symfony/routing/Symfony/Component/Routing/Matcher/UrlMatcher.php:91)"} []
[2013-08-29 14:13:17] kp_app.CRITICAL: UnexpectedValueException: The Response content must be a string or object implementing __toString(), "array" given. (uncaught exception) at /var/www/work/pushon/vendor/symfony/http-foundation/Symfony/Component/HttpFoundation/Response.php line 350 {"exception":"[object] (UnexpectedValueException: The Response content must be a string or object implementing __toString(), \"array\" given. at /var/www/work/pushon/vendor/symfony/http-foundation/Symfony/Component/HttpFoundation/Response.php:350)"} []
[2013-08-29 15:04:26] kp_app.CRITICAL: UnexpectedValueException: The Response content must be a string or object implementing __toString(), "array" given. (uncaught exception) at /var/www/work/pushon/vendor/symfony/http-foundation/Symfony/Component/HttpFoundation/Response.php line 350 {"exception":"[object] (UnexpectedValueException: The Response content must be a string or object implementing __toString(), \"array\" given. at /var/www/work/pushon/vendor/symfony/http-foundation/Symfony/Component/HttpFoundation/Response.php:350)"} []
[2013-08-29 15:51:20] kp_app.ERROR: Symfony\Component\HttpKernel\Exception\NotFoundHttpException: No route found for "GET /mob" (uncaught exception) at /var/www/work/pushon/vendor/symfony/http-kernel/Symfony/Component/HttpKernel/EventListener/RouterListener.php line 116 {"exception":"[object] (Symfony\\Component\\HttpKernel\\Exception\\NotFoundHttpException: No route found for \"GET /mob\" at /var/www/work/pushon/vendor/symfony/http-kernel/Symfony/Component/HttpKernel/EventListener/RouterListener.php:116, Symfony\\Component\\Routing\\Exception\\ResourceNotFoundException:  at /var/www/work/pushon/vendor/symfony/routing/Symfony/Component/Routing/Matcher/UrlMatcher.php:91)"} []
[2013-08-29 16:06:59] kp_app.CRITICAL: InvalidArgumentException: Identifier "twig" is not defined. (uncaught exception) at /var/www/work/pushon/vendor/pimple/pimple/lib/Pimple.php line 78 {"exception":"[object] (InvalidArgumentException: Identifier \"twig\" is not defined. at /var/www/work/pushon/vendor/pimple/pimple/lib/Pimple.php:78)"} []
[2013-08-29 16:07:44] kp_app.CRITICAL: InvalidArgumentException: Identifier "twig" is not defined. (uncaught exception) at /var/www/work/pushon/vendor/pimple/pimple/lib/Pimple.php line 78 {"exception":"[object] (InvalidArgumentException: Identifier \"twig\" is not defined. at /var/www/work/pushon/vendor/pimple/pimple/lib/Pimple.php:78)"} []
[2013-08-29 16:07:51] kp_app.CRITICAL: InvalidArgumentException: Identifier "twig" is not defined. (uncaught exception) at /var/www/work/pushon/vendor/pimple/pimple/lib/Pimple.php line 78 {"exception":"[object] (InvalidArgumentException: Identifier \"twig\" is not defined. at /var/www/work/pushon/vendor/pimple/pimple/lib/Pimple.php:78)"} []
[2013-08-29 16:09:04] kp_app.CRITICAL: InvalidArgumentException: Identifier "twig" is not defined. (uncaught exception) at /var/www/work/pushon/vendor/pimple/pimple/lib/Pimple.php line 78 {"exception":"[object] (InvalidArgumentException: Identifier \"twig\" is not defined. at /var/www/work/pushon/vendor/pimple/pimple/lib/Pimple.php:78)"} []
[2013-08-29 16:09:11] kp_app.CRITICAL: InvalidArgumentException: Identifier "twig" is not defined. (uncaught exception) at /var/www/work/pushon/vendor/pimple/pimple/lib/Pimple.php line 78 {"exception":"[object] (InvalidArgumentException: Identifier \"twig\" is not defined. at /var/www/work/pushon/vendor/pimple/pimple/lib/Pimple.php:78)"} []
[2013-08-29 16:10:16] kp_app.CRITICAL: InvalidArgumentException: Identifier "base.path" is not defined. (uncaught exception) at /var/www/work/pushon/vendor/pimple/pimple/lib/Pimple.php line 78 {"exception":"[object] (InvalidArgumentException: Identifier \"base.path\" is not defined. at /var/www/work/pushon/vendor/pimple/pimple/lib/Pimple.php:78)"} []
[2013-08-29 21:30:04] kp_app.ERROR: Symfony\Component\HttpKernel\Exception\NotFoundHttpException: No route found for "GET /test2" (uncaught exception) at /var/www/php/Rhodium/vendor/symfony/http-kernel/Symfony/Component/HttpKernel/EventListener/RouterListener.php line 116 {"exception":"[object] (Symfony\\Component\\HttpKernel\\Exception\\NotFoundHttpException: No route found for \"GET /test2\" at /var/www/php/Rhodium/vendor/symfony/http-kernel/Symfony/Component/HttpKernel/EventListener/RouterListener.php:116, Symfony\\Component\\Routing\\Exception\\ResourceNotFoundException:  at /var/www/php/Rhodium/vendor/symfony/routing/Symfony/Component/Routing/Matcher/UrlMatcher.php:91)"} []
[2013-08-30 15:41:19] kp_app.CRITICAL: InvalidArgumentException: Identifier "db" is not defined. (uncaught exception) at /var/www/php/Rhodium/vendor/pimple/pimple/lib/Pimple.php line 78 {"exception":"[object] (InvalidArgumentException: Identifier \"db\" is not defined. at /var/www/php/Rhodium/vendor/pimple/pimple/lib/Pimple.php:78)"} []
[2013-08-30 15:41:20] kp_app.CRITICAL: InvalidArgumentException: Identifier "db" is not defined. (uncaught exception) at /var/www/php/Rhodium/vendor/pimple/pimple/lib/Pimple.php line 78 {"exception":"[object] (InvalidArgumentException: Identifier \"db\" is not defined. at /var/www/php/Rhodium/vendor/pimple/pimple/lib/Pimple.php:78)"} []
[2013-08-30 15:41:24] kp_app.CRITICAL: InvalidArgumentException: Identifier "db" is not defined. (uncaught exception) at /var/www/php/Rhodium/vendor/pimple/pimple/lib/Pimple.php line 78 {"exception":"[object] (InvalidArgumentException: Identifier \"db\" is not defined. at /var/www/php/Rhodium/vendor/pimple/pimple/lib/Pimple.php:78)"} []
[2013-08-30 15:48:07] kp_app.CRITICAL: InvalidArgumentException: Identifier "db" is not defined. (uncaught exception) at /var/www/php/Rhodium/vendor/pimple/pimple/lib/Pimple.php line 78 {"exception":"[object] (InvalidArgumentException: Identifier \"db\" is not defined. at /var/www/php/Rhodium/vendor/pimple/pimple/lib/Pimple.php:78)"} []
[2013-08-30 15:48:08] kp_app.CRITICAL: InvalidArgumentException: Identifier "db" is not defined. (uncaught exception) at /var/www/php/Rhodium/vendor/pimple/pimple/lib/Pimple.php line 78 {"exception":"[object] (InvalidArgumentException: Identifier \"db\" is not defined. at /var/www/php/Rhodium/vendor/pimple/pimple/lib/Pimple.php:78)"} []
[2013-08-30 15:51:19] kp_app.CRITICAL: InvalidArgumentException: Identifier "db" is not defined. (uncaught exception) at /var/www/php/Rhodium/vendor/pimple/pimple/lib/Pimple.php line 78 {"exception":"[object] (InvalidArgumentException: Identifier \"db\" is not defined. at /var/www/php/Rhodium/vendor/pimple/pimple/lib/Pimple.php:78)"} []
[2013-08-30 15:52:10] kp_app.CRITICAL: InvalidArgumentException: Identifier "db" is not defined. (uncaught exception) at /var/www/php/Rhodium/vendor/pimple/pimple/lib/Pimple.php line 78 {"exception":"[object] (InvalidArgumentException: Identifier \"db\" is not defined. at /var/www/php/Rhodium/vendor/pimple/pimple/lib/Pimple.php:78)"} []
[2013-08-30 15:52:11] kp_app.CRITICAL: InvalidArgumentException: Identifier "db" is not defined. (uncaught exception) at /var/www/php/Rhodium/vendor/pimple/pimple/lib/Pimple.php line 78 {"exception":"[object] (InvalidArgumentException: Identifier \"db\" is not defined. at /var/www/php/Rhodium/vendor/pimple/pimple/lib/Pimple.php:78)"} []
[2013-08-30 15:52:48] kp_app.CRITICAL: InvalidArgumentException: Identifier "db" is not defined. (uncaught exception) at /var/www/php/Rhodium/vendor/pimple/pimple/lib/Pimple.php line 78 {"exception":"[object] (InvalidArgumentException: Identifier \"db\" is not defined. at /var/www/php/Rhodium/vendor/pimple/pimple/lib/Pimple.php:78)"} []
[2013-08-30 18:51:04] kp_app.CRITICAL: InvalidArgumentException: Identifier "db" is not defined. (uncaught exception) at /var/www/php/Rhodium/vendor/pimple/pimple/lib/Pimple.php line 78 {"exception":"[object] (InvalidArgumentException: Identifier \"db\" is not defined. at /var/www/php/Rhodium/vendor/pimple/pimple/lib/Pimple.php:78)"} []
[2013-08-30 18:51:05] kp_app.CRITICAL: InvalidArgumentException: Identifier "db" is not defined. (uncaught exception) at /var/www/php/Rhodium/vendor/pimple/pimple/lib/Pimple.php line 78 {"exception":"[object] (InvalidArgumentException: Identifier \"db\" is not defined. at /var/www/php/Rhodium/vendor/pimple/pimple/lib/Pimple.php:78)"} []
[2013-08-30 18:51:05] kp_app.CRITICAL: InvalidArgumentException: Identifier "db" is not defined. (uncaught exception) at /var/www/php/Rhodium/vendor/pimple/pimple/lib/Pimple.php line 78 {"exception":"[object] (InvalidArgumentException: Identifier \"db\" is not defined. at /var/www/php/Rhodium/vendor/pimple/pimple/lib/Pimple.php:78)"} []
[2013-08-30 18:51:06] kp_app.CRITICAL: InvalidArgumentException: Identifier "db" is not defined. (uncaught exception) at /var/www/php/Rhodium/vendor/pimple/pimple/lib/Pimple.php line 78 {"exception":"[object] (InvalidArgumentException: Identifier \"db\" is not defined. at /var/www/php/Rhodium/vendor/pimple/pimple/lib/Pimple.php:78)"} []
[2013-08-30 18:51:16] kp_app.CRITICAL: InvalidArgumentException: Identifier "db" is not defined. (uncaught exception) at /var/www/php/Rhodium/vendor/pimple/pimple/lib/Pimple.php line 78 {"exception":"[object] (InvalidArgumentException: Identifier \"db\" is not defined. at /var/www/php/Rhodium/vendor/pimple/pimple/lib/Pimple.php:78)"} []
[2013-08-30 19:45:14] kp_app.CRITICAL: Twig_Error_Syntax: A block must start with a tag name in "index.html.twig" at line 5 (uncaught exception) at /var/www/php/Rhodium/vendor/twig/twig/lib/Twig/Parser.php line 155 {"exception":"[object] (Twig_Error_Syntax: A block must start with a tag name in \"index.html.twig\" at line 5 at /var/www/php/Rhodium/vendor/twig/twig/lib/Twig/Parser.php:155)"} []
[2013-08-30 19:47:25] kp_app.CRITICAL: Twig_Error_Syntax: A block must start with a tag name in "index.html.twig" at line 5 (uncaught exception) at /var/www/php/Rhodium/vendor/twig/twig/lib/Twig/Parser.php line 155 {"exception":"[object] (Twig_Error_Syntax: A block must start with a tag name in \"index.html.twig\" at line 5 at /var/www/php/Rhodium/vendor/twig/twig/lib/Twig/Parser.php:155)"} []
[2013-08-30 19:47:33] kp_app.CRITICAL: Twig_Error_Syntax: A block must start with a tag name in "index.html.twig" at line 5 (uncaught exception) at /var/www/php/Rhodium/vendor/twig/twig/lib/Twig/Parser.php line 155 {"exception":"[object] (Twig_Error_Syntax: A block must start with a tag name in \"index.html.twig\" at line 5 at /var/www/php/Rhodium/vendor/twig/twig/lib/Twig/Parser.php:155)"} []
[2013-08-30 19:48:08] kp_app.CRITICAL: Twig_Error_Syntax: A block must start with a tag name in "index.html.twig" at line 5 (uncaught exception) at /var/www/php/Rhodium/vendor/twig/twig/lib/Twig/Parser.php line 155 {"exception":"[object] (Twig_Error_Syntax: A block must start with a tag name in \"index.html.twig\" at line 5 at /var/www/php/Rhodium/vendor/twig/twig/lib/Twig/Parser.php:155)"} []
[2013-08-31 13:25:07] kp_app.ERROR: Symfony\Component\HttpKernel\Exception\NotFoundHttpException: No route found for "GET /controllers" (uncaught exception) at /var/www/php/Rhodium/vendor/symfony/http-kernel/Symfony/Component/HttpKernel/EventListener/RouterListener.php line 116 {"exception":"[object] (Symfony\\Component\\HttpKernel\\Exception\\NotFoundHttpException: No route found for \"GET /controllers\" at /var/www/php/Rhodium/vendor/symfony/http-kernel/Symfony/Component/HttpKernel/EventListener/RouterListener.php:116, Symfony\\Component\\Routing\\Exception\\ResourceNotFoundException:  at /var/www/php/Rhodium/vendor/symfony/routing/Symfony/Component/Routing/Matcher/UrlMatcher.php:91)"} []
[2013-08-31 13:25:18] kp_app.ERROR: Symfony\Component\HttpKernel\Exception\NotFoundHttpException: No route found for "GET /installation" (uncaught exception) at /var/www/php/Rhodium/vendor/symfony/http-kernel/Symfony/Component/HttpKernel/EventListener/RouterListener.php line 116 {"exception":"[object] (Symfony\\Component\\HttpKernel\\Exception\\NotFoundHttpException: No route found for \"GET /installation\" at /var/www/php/Rhodium/vendor/symfony/http-kernel/Symfony/Component/HttpKernel/EventListener/RouterListener.php:116, Symfony\\Component\\Routing\\Exception\\ResourceNotFoundException:  at /var/www/php/Rhodium/vendor/symfony/routing/Symfony/Component/Routing/Matcher/UrlMatcher.php:91)"} []
[2013-09-02 17:12:40] kp_app.CRITICAL: PDOException: SQLSTATE[42S02]: Base table or view not found: 1146 Table 'Rhodium.Rhodium' doesn't exist (uncaught exception) at /var/www/php/Rhodium/vendor/doctrine/dbal/lib/Doctrine/DBAL/Connection.php line 618 {"exception":"[object] (PDOException: SQLSTATE[42S02]: Base table or view not found: 1146 Table 'Rhodium.Rhodium' doesn't exist at /var/www/php/Rhodium/vendor/doctrine/dbal/lib/Doctrine/DBAL/Connection.php:618)"} []
[2013-09-03 00:04:45] kp_app.ERROR: Symfony\Component\HttpKernel\Exception\NotFoundHttpException: No route found for "POST /localhost/php/Rhodium/web/index.php/checkout" (uncaught exception) at /var/www/php/Rhodium/vendor/symfony/http-kernel/Symfony/Component/HttpKernel/EventListener/RouterListener.php line 116 {"exception":"[object] (Symfony\\Component\\HttpKernel\\Exception\\NotFoundHttpException: No route found for \"POST /localhost/php/Rhodium/web/index.php/checkout\" at /var/www/php/Rhodium/vendor/symfony/http-kernel/Symfony/Component/HttpKernel/EventListener/RouterListener.php:116, Symfony\\Component\\Routing\\Exception\\ResourceNotFoundException:  at /var/www/php/Rhodium/vendor/symfony/routing/Symfony/Component/Routing/Matcher/UrlMatcher.php:91)"} []
[2013-09-03 00:05:29] kp_app.ERROR: Symfony\Component\HttpKernel\Exception\NotFoundHttpException: No route found for "POST /localhost/php/Rhodium/web/index.php/checkout" (uncaught exception) at /var/www/php/Rhodium/vendor/symfony/http-kernel/Symfony/Component/HttpKernel/EventListener/RouterListener.php line 116 {"exception":"[object] (Symfony\\Component\\HttpKernel\\Exception\\NotFoundHttpException: No route found for \"POST /localhost/php/Rhodium/web/index.php/checkout\" at /var/www/php/Rhodium/vendor/symfony/http-kernel/Symfony/Component/HttpKernel/EventListener/RouterListener.php:116, Symfony\\Component\\Routing\\Exception\\ResourceNotFoundException:  at /var/www/php/Rhodium/vendor/symfony/routing/Symfony/Component/Routing/Matcher/UrlMatcher.php:91)"} []
[2013-09-03 00:05:36] kp_app.ERROR: Symfony\Component\HttpKernel\Exception\NotFoundHttpException: No route found for "POST /localhost/php/Rhodium/web/index.php/checkout" (uncaught exception) at /var/www/php/Rhodium/vendor/symfony/http-kernel/Symfony/Component/HttpKernel/EventListener/RouterListener.php line 116 {"exception":"[object] (Symfony\\Component\\HttpKernel\\Exception\\NotFoundHttpException: No route found for \"POST /localhost/php/Rhodium/web/index.php/checkout\" at /var/www/php/Rhodium/vendor/symfony/http-kernel/Symfony/Component/HttpKernel/EventListener/RouterListener.php:116, Symfony\\Component\\Routing\\Exception\\ResourceNotFoundException:  at /var/www/php/Rhodium/vendor/symfony/routing/Symfony/Component/Routing/Matcher/UrlMatcher.php:91)"} []
[2013-09-03 00:07:05] kp_app.ERROR: Symfony\Component\HttpKernel\Exception\NotFoundHttpException: No route found for "POST /localhost/php/Rhodium/web/index.php/checkout" (uncaught exception) at /var/www/php/Rhodium/vendor/symfony/http-kernel/Symfony/Component/HttpKernel/EventListener/RouterListener.php line 116 {"exception":"[object] (Symfony\\Component\\HttpKernel\\Exception\\NotFoundHttpException: No route found for \"POST /localhost/php/Rhodium/web/index.php/checkout\" at /var/www/php/Rhodium/vendor/symfony/http-kernel/Symfony/Component/HttpKernel/EventListener/RouterListener.php:116, Symfony\\Component\\Routing\\Exception\\ResourceNotFoundException:  at /var/www/php/Rhodium/vendor/symfony/routing/Symfony/Component/Routing/Matcher/UrlMatcher.php:91)"} []
[2013-09-03 00:07:22] kp_app.ERROR: Symfony\Component\HttpKernel\Exception\NotFoundHttpException: No route found for "POST /localhost/php/Rhodium/web/index.php/checkout" (uncaught exception) at /var/www/php/Rhodium/vendor/symfony/http-kernel/Symfony/Component/HttpKernel/EventListener/RouterListener.php line 116 {"exception":"[object] (Symfony\\Component\\HttpKernel\\Exception\\NotFoundHttpException: No route found for \"POST /localhost/php/Rhodium/web/index.php/checkout\" at /var/www/php/Rhodium/vendor/symfony/http-kernel/Symfony/Component/HttpKernel/EventListener/RouterListener.php:116, Symfony\\Component\\Routing\\Exception\\ResourceNotFoundException:  at /var/www/php/Rhodium/vendor/symfony/routing/Symfony/Component/Routing/Matcher/UrlMatcher.php:91)"} []
[2013-09-03 00:09:47] kp_app.ERROR: Symfony\Component\HttpKernel\Exception\NotFoundHttpException: No route found for "POST /localhost/php/Rhodium/web/index.php/checkout" (uncaught exception) at /var/www/php/Rhodium/vendor/symfony/http-kernel/Symfony/Component/HttpKernel/EventListener/RouterListener.php line 116 {"exception":"[object] (Symfony\\Component\\HttpKernel\\Exception\\NotFoundHttpException: No route found for \"POST /localhost/php/Rhodium/web/index.php/checkout\" at /var/www/php/Rhodium/vendor/symfony/http-kernel/Symfony/Component/HttpKernel/EventListener/RouterListener.php:116, Symfony\\Component\\Routing\\Exception\\ResourceNotFoundException:  at /var/www/php/Rhodium/vendor/symfony/routing/Symfony/Component/Routing/Matcher/UrlMatcher.php:91)"} []
[2013-09-03 00:17:14] kp_app.ERROR: Symfony\Component\HttpKernel\Exception\MethodNotAllowedHttpException: No route found for "GET /checkout": Method Not Allowed (Allow: POST) (uncaught exception) at /var/www/php/Rhodium/vendor/symfony/http-kernel/Symfony/Component/HttpKernel/EventListener/RouterListener.php line 120 {"exception":"[object] (Symfony\\Component\\HttpKernel\\Exception\\MethodNotAllowedHttpException: No route found for \"GET /checkout\": Method Not Allowed (Allow: POST) at /var/www/php/Rhodium/vendor/symfony/http-kernel/Symfony/Component/HttpKernel/EventListener/RouterListener.php:120, Symfony\\Component\\Routing\\Exception\\MethodNotAllowedException:  at /var/www/php/Rhodium/vendor/symfony/routing/Symfony/Component/Routing/Matcher/UrlMatcher.php:90)"} []
[2013-09-03 00:17:54] kp_app.ERROR: Symfony\Component\HttpKernel\Exception\MethodNotAllowedHttpException: No route found for "GET /checkout": Method Not Allowed (Allow: POST) (uncaught exception) at /var/www/php/Rhodium/vendor/symfony/http-kernel/Symfony/Component/HttpKernel/EventListener/RouterListener.php line 120 {"exception":"[object] (Symfony\\Component\\HttpKernel\\Exception\\MethodNotAllowedHttpException: No route found for \"GET /checkout\": Method Not Allowed (Allow: POST) at /var/www/php/Rhodium/vendor/symfony/http-kernel/Symfony/Component/HttpKernel/EventListener/RouterListener.php:120, Symfony\\Component\\Routing\\Exception\\MethodNotAllowedException:  at /var/www/php/Rhodium/vendor/symfony/routing/Symfony/Component/Routing/Matcher/UrlMatcher.php:90)"} []
[2013-09-03 00:17:54] kp_app.ERROR: Symfony\Component\HttpKernel\Exception\MethodNotAllowedHttpException: No route found for "GET /checkout": Method Not Allowed (Allow: POST) (uncaught exception) at /var/www/php/Rhodium/vendor/symfony/http-kernel/Symfony/Component/HttpKernel/EventListener/RouterListener.php line 120 {"exception":"[object] (Symfony\\Component\\HttpKernel\\Exception\\MethodNotAllowedHttpException: No route found for \"GET /checkout\": Method Not Allowed (Allow: POST) at /var/www/php/Rhodium/vendor/symfony/http-kernel/Symfony/Component/HttpKernel/EventListener/RouterListener.php:120, Symfony\\Component\\Routing\\Exception\\MethodNotAllowedException:  at /var/www/php/Rhodium/vendor/symfony/routing/Symfony/Component/Routing/Matcher/UrlMatcher.php:90)"} []
[2013-09-03 00:18:03] kp_app.ERROR: Symfony\Component\HttpKernel\Exception\MethodNotAllowedHttpException: No route found for "GET /checkout": Method Not Allowed (Allow: POST) (uncaught exception) at /var/www/php/Rhodium/vendor/symfony/http-kernel/Symfony/Component/HttpKernel/EventListener/RouterListener.php line 120 {"exception":"[object] (Symfony\\Component\\HttpKernel\\Exception\\MethodNotAllowedHttpException: No route found for \"GET /checkout\": Method Not Allowed (Allow: POST) at /var/www/php/Rhodium/vendor/symfony/http-kernel/Symfony/Component/HttpKernel/EventListener/RouterListener.php:120, Symfony\\Component\\Routing\\Exception\\MethodNotAllowedException:  at /var/www/php/Rhodium/vendor/symfony/routing/Symfony/Component/Routing/Matcher/UrlMatcher.php:90)"} []
[2013-09-03 00:18:04] kp_app.ERROR: Symfony\Component\HttpKernel\Exception\MethodNotAllowedHttpException: No route found for "GET /checkout": Method Not Allowed (Allow: POST) (uncaught exception) at /var/www/php/Rhodium/vendor/symfony/http-kernel/Symfony/Component/HttpKernel/EventListener/RouterListener.php line 120 {"exception":"[object] (Symfony\\Component\\HttpKernel\\Exception\\MethodNotAllowedHttpException: No route found for \"GET /checkout\": Method Not Allowed (Allow: POST) at /var/www/php/Rhodium/vendor/symfony/http-kernel/Symfony/Component/HttpKernel/EventListener/RouterListener.php:120, Symfony\\Component\\Routing\\Exception\\MethodNotAllowedException:  at /var/www/php/Rhodium/vendor/symfony/routing/Symfony/Component/Routing/Matcher/UrlMatcher.php:90)"} []
[2013-09-03 00:18:15] kp_app.ERROR: Symfony\Component\HttpKernel\Exception\MethodNotAllowedHttpException: No route found for "GET /checkout": Method Not Allowed (Allow: POST) (uncaught exception) at /var/www/php/Rhodium/vendor/symfony/http-kernel/Symfony/Component/HttpKernel/EventListener/RouterListener.php line 120 {"exception":"[object] (Symfony\\Component\\HttpKernel\\Exception\\MethodNotAllowedHttpException: No route found for \"GET /checkout\": Method Not Allowed (Allow: POST) at /var/www/php/Rhodium/vendor/symfony/http-kernel/Symfony/Component/HttpKernel/EventListener/RouterListener.php:120, Symfony\\Component\\Routing\\Exception\\MethodNotAllowedException:  at /var/www/php/Rhodium/vendor/symfony/routing/Symfony/Component/Routing/Matcher/UrlMatcher.php:90)"} []
[2013-09-03 00:18:15] kp_app.ERROR: Symfony\Component\HttpKernel\Exception\MethodNotAllowedHttpException: No route found for "GET /checkout": Method Not Allowed (Allow: POST) (uncaught exception) at /var/www/php/Rhodium/vendor/symfony/http-kernel/Symfony/Component/HttpKernel/EventListener/RouterListener.php line 120 {"exception":"[object] (Symfony\\Component\\HttpKernel\\Exception\\MethodNotAllowedHttpException: No route found for \"GET /checkout\": Method Not Allowed (Allow: POST) at /var/www/php/Rhodium/vendor/symfony/http-kernel/Symfony/Component/HttpKernel/EventListener/RouterListener.php:120, Symfony\\Component\\Routing\\Exception\\MethodNotAllowedException:  at /var/www/php/Rhodium/vendor/symfony/routing/Symfony/Component/Routing/Matcher/UrlMatcher.php:90)"} []
[2013-09-03 00:18:31] kp_app.ERROR: Symfony\Component\HttpKernel\Exception\MethodNotAllowedHttpException: No route found for "GET /checkout": Method Not Allowed (Allow: POST) (uncaught exception) at /var/www/php/Rhodium/vendor/symfony/http-kernel/Symfony/Component/HttpKernel/EventListener/RouterListener.php line 120 {"exception":"[object] (Symfony\\Component\\HttpKernel\\Exception\\MethodNotAllowedHttpException: No route found for \"GET /checkout\": Method Not Allowed (Allow: POST) at /var/www/php/Rhodium/vendor/symfony/http-kernel/Symfony/Component/HttpKernel/EventListener/RouterListener.php:120, Symfony\\Component\\Routing\\Exception\\MethodNotAllowedException:  at /var/www/php/Rhodium/vendor/symfony/routing/Symfony/Component/Routing/Matcher/UrlMatcher.php:90)"} []
[2013-09-03 00:19:53] kp_app.ERROR: Symfony\Component\HttpKernel\Exception\MethodNotAllowedHttpException: No route found for "GET /checkout": Method Not Allowed (Allow: POST) (uncaught exception) at /var/www/php/Rhodium/vendor/symfony/http-kernel/Symfony/Component/HttpKernel/EventListener/RouterListener.php line 120 {"exception":"[object] (Symfony\\Component\\HttpKernel\\Exception\\MethodNotAllowedHttpException: No route found for \"GET /checkout\": Method Not Allowed (Allow: POST) at /var/www/php/Rhodium/vendor/symfony/http-kernel/Symfony/Component/HttpKernel/EventListener/RouterListener.php:120, Symfony\\Component\\Routing\\Exception\\MethodNotAllowedException:  at /var/www/php/Rhodium/vendor/symfony/routing/Symfony/Component/Routing/Matcher/UrlMatcher.php:90)"} []
[2013-09-03 00:19:55] kp_app.ERROR: Symfony\Component\HttpKernel\Exception\MethodNotAllowedHttpException: No route found for "GET /checkout": Method Not Allowed (Allow: POST) (uncaught exception) at /var/www/php/Rhodium/vendor/symfony/http-kernel/Symfony/Component/HttpKernel/EventListener/RouterListener.php line 120 {"exception":"[object] (Symfony\\Component\\HttpKernel\\Exception\\MethodNotAllowedHttpException: No route found for \"GET /checkout\": Method Not Allowed (Allow: POST) at /var/www/php/Rhodium/vendor/symfony/http-kernel/Symfony/Component/HttpKernel/EventListener/RouterListener.php:120, Symfony\\Component\\Routing\\Exception\\MethodNotAllowedException:  at /var/www/php/Rhodium/vendor/symfony/routing/Symfony/Component/Routing/Matcher/UrlMatcher.php:90)"} []
[2013-09-03 00:24:43] kp_app.ERROR: Symfony\Component\HttpKernel\Exception\MethodNotAllowedHttpException: No route found for "GET /checkout": Method Not Allowed (Allow: POST) (uncaught exception) at /var/www/php/Rhodium/vendor/symfony/http-kernel/Symfony/Component/HttpKernel/EventListener/RouterListener.php line 120 {"exception":"[object] (Symfony\\Component\\HttpKernel\\Exception\\MethodNotAllowedHttpException: No route found for \"GET /checkout\": Method Not Allowed (Allow: POST) at /var/www/php/Rhodium/vendor/symfony/http-kernel/Symfony/Component/HttpKernel/EventListener/RouterListener.php:120, Symfony\\Component\\Routing\\Exception\\MethodNotAllowedException:  at /var/www/php/Rhodium/vendor/symfony/routing/Symfony/Component/Routing/Matcher/UrlMatcher.php:90)"} []
[2013-09-03 00:24:58] kp_app.ERROR: Symfony\Component\HttpKernel\Exception\MethodNotAllowedHttpException: No route found for "GET /checkout": Method Not Allowed (Allow: POST) (uncaught exception) at /var/www/php/Rhodium/vendor/symfony/http-kernel/Symfony/Component/HttpKernel/EventListener/RouterListener.php line 120 {"exception":"[object] (Symfony\\Component\\HttpKernel\\Exception\\MethodNotAllowedHttpException: No route found for \"GET /checkout\": Method Not Allowed (Allow: POST) at /var/www/php/Rhodium/vendor/symfony/http-kernel/Symfony/Component/HttpKernel/EventListener/RouterListener.php:120, Symfony\\Component\\Routing\\Exception\\MethodNotAllowedException:  at /var/www/php/Rhodium/vendor/symfony/routing/Symfony/Component/Routing/Matcher/UrlMatcher.php:90)"} []
[2013-09-03 00:24:58] kp_app.ERROR: Symfony\Component\HttpKernel\Exception\MethodNotAllowedHttpException: No route found for "GET /checkout": Method Not Allowed (Allow: POST) (uncaught exception) at /var/www/php/Rhodium/vendor/symfony/http-kernel/Symfony/Component/HttpKernel/EventListener/RouterListener.php line 120 {"exception":"[object] (Symfony\\Component\\HttpKernel\\Exception\\MethodNotAllowedHttpException: No route found for \"GET /checkout\": Method Not Allowed (Allow: POST) at /var/www/php/Rhodium/vendor/symfony/http-kernel/Symfony/Component/HttpKernel/EventListener/RouterListener.php:120, Symfony\\Component\\Routing\\Exception\\MethodNotAllowedException:  at /var/www/php/Rhodium/vendor/symfony/routing/Symfony/Component/Routing/Matcher/UrlMatcher.php:90)"} []
[2013-09-03 00:25:22] kp_app.ERROR: Symfony\Component\HttpKernel\Exception\NotFoundHttpException: No route found for "POST /localhost/php/Rhodium/web/index.php/checkout" (uncaught exception) at /var/www/php/Rhodium/vendor/symfony/http-kernel/Symfony/Component/HttpKernel/EventListener/RouterListener.php line 116 {"exception":"[object] (Symfony\\Component\\HttpKernel\\Exception\\NotFoundHttpException: No route found for \"POST /localhost/php/Rhodium/web/index.php/checkout\" at /var/www/php/Rhodium/vendor/symfony/http-kernel/Symfony/Component/HttpKernel/EventListener/RouterListener.php:116, Symfony\\Component\\Routing\\Exception\\ResourceNotFoundException:  at /var/www/php/Rhodium/vendor/symfony/routing/Symfony/Component/Routing/Matcher/UrlMatcher.php:91)"} []
[2013-09-03 15:07:41] kp_app.ERROR: Symfony\Component\HttpKernel\Exception\MethodNotAllowedHttpException: No route found for "GET /checkout": Method Not Allowed (Allow: POST) (uncaught exception) at /var/www/php/Rhodium/vendor/symfony/http-kernel/Symfony/Component/HttpKernel/EventListener/RouterListener.php line 120 {"exception":"[object] (Symfony\\Component\\HttpKernel\\Exception\\MethodNotAllowedHttpException: No route found for \"GET /checkout\": Method Not Allowed (Allow: POST) at /var/www/php/Rhodium/vendor/symfony/http-kernel/Symfony/Component/HttpKernel/EventListener/RouterListener.php:120, Symfony\\Component\\Routing\\Exception\\MethodNotAllowedException:  at /var/www/php/Rhodium/vendor/symfony/routing/Symfony/Component/Routing/Matcher/UrlMatcher.php:90)"} []
[2013-09-03 15:08:33] kp_app.ERROR: Symfony\Component\HttpKernel\Exception\MethodNotAllowedHttpException: No route found for "GET /checkout": Method Not Allowed (Allow: POST) (uncaught exception) at /var/www/php/Rhodium/vendor/symfony/http-kernel/Symfony/Component/HttpKernel/EventListener/RouterListener.php line 120 {"exception":"[object] (Symfony\\Component\\HttpKernel\\Exception\\MethodNotAllowedHttpException: No route found for \"GET /checkout\": Method Not Allowed (Allow: POST) at /var/www/php/Rhodium/vendor/symfony/http-kernel/Symfony/Component/HttpKernel/EventListener/RouterListener.php:120, Symfony\\Component\\Routing\\Exception\\MethodNotAllowedException:  at /var/www/php/Rhodium/vendor/symfony/routing/Symfony/Component/Routing/Matcher/UrlMatcher.php:90)"} []
[2013-09-03 15:08:34] kp_app.ERROR: Symfony\Component\HttpKernel\Exception\MethodNotAllowedHttpException: No route found for "GET /checkout": Method Not Allowed (Allow: POST) (uncaught exception) at /var/www/php/Rhodium/vendor/symfony/http-kernel/Symfony/Component/HttpKernel/EventListener/RouterListener.php line 120 {"exception":"[object] (Symfony\\Component\\HttpKernel\\Exception\\MethodNotAllowedHttpException: No route found for \"GET /checkout\": Method Not Allowed (Allow: POST) at /var/www/php/Rhodium/vendor/symfony/http-kernel/Symfony/Component/HttpKernel/EventListener/RouterListener.php:120, Symfony\\Component\\Routing\\Exception\\MethodNotAllowedException:  at /var/www/php/Rhodium/vendor/symfony/routing/Symfony/Component/Routing/Matcher/UrlMatcher.php:90)"} []
[2013-09-03 15:12:49] kp_app.ERROR: Symfony\Component\HttpKernel\Exception\MethodNotAllowedHttpException: No route found for "GET /checkout": Method Not Allowed (Allow: POST) (uncaught exception) at /var/www/php/Rhodium/vendor/symfony/http-kernel/Symfony/Component/HttpKernel/EventListener/RouterListener.php line 120 {"exception":"[object] (Symfony\\Component\\HttpKernel\\Exception\\MethodNotAllowedHttpException: No route found for \"GET /checkout\": Method Not Allowed (Allow: POST) at /var/www/php/Rhodium/vendor/symfony/http-kernel/Symfony/Component/HttpKernel/EventListener/RouterListener.php:120, Symfony\\Component\\Routing\\Exception\\MethodNotAllowedException:  at /var/www/php/Rhodium/vendor/symfony/routing/Symfony/Component/Routing/Matcher/UrlMatcher.php:90)"} []
[2013-09-03 15:12:51] kp_app.ERROR: Symfony\Component\HttpKernel\Exception\MethodNotAllowedHttpException: No route found for "GET /checkout": Method Not Allowed (Allow: POST) (uncaught exception) at /var/www/php/Rhodium/vendor/symfony/http-kernel/Symfony/Component/HttpKernel/EventListener/RouterListener.php line 120 {"exception":"[object] (Symfony\\Component\\HttpKernel\\Exception\\MethodNotAllowedHttpException: No route found for \"GET /checkout\": Method Not Allowed (Allow: POST) at /var/www/php/Rhodium/vendor/symfony/http-kernel/Symfony/Component/HttpKernel/EventListener/RouterListener.php:120, Symfony\\Component\\Routing\\Exception\\MethodNotAllowedException:  at /var/www/php/Rhodium/vendor/symfony/routing/Symfony/Component/Routing/Matcher/UrlMatcher.php:90)"} []
[2013-09-03 15:53:40] kp_app.ERROR: Symfony\Component\HttpKernel\Exception\MethodNotAllowedHttpException: No route found for "GET /checkout": Method Not Allowed (Allow: POST) (uncaught exception) at /var/www/php/Rhodium/vendor/symfony/http-kernel/Symfony/Component/HttpKernel/EventListener/RouterListener.php line 120 {"exception":"[object] (Symfony\\Component\\HttpKernel\\Exception\\MethodNotAllowedHttpException: No route found for \"GET /checkout\": Method Not Allowed (Allow: POST) at /var/www/php/Rhodium/vendor/symfony/http-kernel/Symfony/Component/HttpKernel/EventListener/RouterListener.php:120, Symfony\\Component\\Routing\\Exception\\MethodNotAllowedException:  at /var/www/php/Rhodium/vendor/symfony/routing/Symfony/Component/Routing/Matcher/UrlMatcher.php:90)"} []
[2013-09-03 15:53:58] kp_app.ERROR: Symfony\Component\HttpKernel\Exception\MethodNotAllowedHttpException: No route found for "GET /checkout": Method Not Allowed (Allow: POST) (uncaught exception) at /var/www/php/Rhodium/vendor/symfony/http-kernel/Symfony/Component/HttpKernel/EventListener/RouterListener.php line 120 {"exception":"[object] (Symfony\\Component\\HttpKernel\\Exception\\MethodNotAllowedHttpException: No route found for \"GET /checkout\": Method Not Allowed (Allow: POST) at /var/www/php/Rhodium/vendor/symfony/http-kernel/Symfony/Component/HttpKernel/EventListener/RouterListener.php:120, Symfony\\Component\\Routing\\Exception\\MethodNotAllowedException:  at /var/www/php/Rhodium/vendor/symfony/routing/Symfony/Component/Routing/Matcher/UrlMatcher.php:90)"} []
[2013-09-03 15:54:16] kp_app.ERROR: Symfony\Component\HttpKernel\Exception\MethodNotAllowedHttpException: No route found for "GET /checkout": Method Not Allowed (Allow: POST) (uncaught exception) at /var/www/php/Rhodium/vendor/symfony/http-kernel/Symfony/Component/HttpKernel/EventListener/RouterListener.php line 120 {"exception":"[object] (Symfony\\Component\\HttpKernel\\Exception\\MethodNotAllowedHttpException: No route found for \"GET /checkout\": Method Not Allowed (Allow: POST) at /var/www/php/Rhodium/vendor/symfony/http-kernel/Symfony/Component/HttpKernel/EventListener/RouterListener.php:120, Symfony\\Component\\Routing\\Exception\\MethodNotAllowedException:  at /var/www/php/Rhodium/vendor/symfony/routing/Symfony/Component/Routing/Matcher/UrlMatcher.php:90)"} []
[2013-09-03 16:04:02] kp_app.ERROR: Symfony\Component\HttpKernel\Exception\MethodNotAllowedHttpException: No route found for "GET /checkout": Method Not Allowed (Allow: POST) (uncaught exception) at /var/www/php/Rhodium/vendor/symfony/http-kernel/Symfony/Component/HttpKernel/EventListener/RouterListener.php line 120 {"exception":"[object] (Symfony\\Component\\HttpKernel\\Exception\\MethodNotAllowedHttpException: No route found for \"GET /checkout\": Method Not Allowed (Allow: POST) at /var/www/php/Rhodium/vendor/symfony/http-kernel/Symfony/Component/HttpKernel/EventListener/RouterListener.php:120, Symfony\\Component\\Routing\\Exception\\MethodNotAllowedException:  at /var/www/php/Rhodium/vendor/symfony/routing/Symfony/Component/Routing/Matcher/UrlMatcher.php:90)"} []
[2013-09-03 16:05:21] kp_app.ERROR: Symfony\Component\HttpKernel\Exception\MethodNotAllowedHttpException: No route found for "GET /checkout": Method Not Allowed (Allow: POST) (uncaught exception) at /var/www/php/Rhodium/vendor/symfony/http-kernel/Symfony/Component/HttpKernel/EventListener/RouterListener.php line 120 {"exception":"[object] (Symfony\\Component\\HttpKernel\\Exception\\MethodNotAllowedHttpException: No route found for \"GET /checkout\": Method Not Allowed (Allow: POST) at /var/www/php/Rhodium/vendor/symfony/http-kernel/Symfony/Component/HttpKernel/EventListener/RouterListener.php:120, Symfony\\Component\\Routing\\Exception\\MethodNotAllowedException:  at /var/www/php/Rhodium/vendor/symfony/routing/Symfony/Component/Routing/Matcher/UrlMatcher.php:90)"} []
[2013-09-03 16:27:44] kp_app.ERROR: Symfony\Component\HttpKernel\Exception\MethodNotAllowedHttpException: No route found for "GET /checkout": Method Not Allowed (Allow: POST) (uncaught exception) at /var/www/php/Rhodium/vendor/symfony/http-kernel/Symfony/Component/HttpKernel/EventListener/RouterListener.php line 120 {"exception":"[object] (Symfony\\Component\\HttpKernel\\Exception\\MethodNotAllowedHttpException: No route found for \"GET /checkout\": Method Not Allowed (Allow: POST) at /var/www/php/Rhodium/vendor/symfony/http-kernel/Symfony/Component/HttpKernel/EventListener/RouterListener.php:120, Symfony\\Component\\Routing\\Exception\\MethodNotAllowedException:  at /var/www/php/Rhodium/vendor/symfony/routing/Symfony/Component/Routing/Matcher/UrlMatcher.php:90)"} []
[2013-09-03 16:27:45] kp_app.ERROR: Symfony\Component\HttpKernel\Exception\MethodNotAllowedHttpException: No route found for "GET /checkout": Method Not Allowed (Allow: POST) (uncaught exception) at /var/www/php/Rhodium/vendor/symfony/http-kernel/Symfony/Component/HttpKernel/EventListener/RouterListener.php line 120 {"exception":"[object] (Symfony\\Component\\HttpKernel\\Exception\\MethodNotAllowedHttpException: No route found for \"GET /checkout\": Method Not Allowed (Allow: POST) at /var/www/php/Rhodium/vendor/symfony/http-kernel/Symfony/Component/HttpKernel/EventListener/RouterListener.php:120, Symfony\\Component\\Routing\\Exception\\MethodNotAllowedException:  at /var/www/php/Rhodium/vendor/symfony/routing/Symfony/Component/Routing/Matcher/UrlMatcher.php:90)"} []
[2013-09-03 16:32:35] kp_app.ERROR: Symfony\Component\HttpKernel\Exception\MethodNotAllowedHttpException: No route found for "GET /checkout": Method Not Allowed (Allow: POST) (uncaught exception) at /var/www/php/Rhodium/vendor/symfony/http-kernel/Symfony/Component/HttpKernel/EventListener/RouterListener.php line 120 {"exception":"[object] (Symfony\\Component\\HttpKernel\\Exception\\MethodNotAllowedHttpException: No route found for \"GET /checkout\": Method Not Allowed (Allow: POST) at /var/www/php/Rhodium/vendor/symfony/http-kernel/Symfony/Component/HttpKernel/EventListener/RouterListener.php:120, Symfony\\Component\\Routing\\Exception\\MethodNotAllowedException:  at /var/www/php/Rhodium/vendor/symfony/routing/Symfony/Component/Routing/Matcher/UrlMatcher.php:90)"} []
[2013-09-03 16:49:05] kp_app.ERROR: Symfony\Component\HttpKernel\Exception\NotFoundHttpException: No route found for "GET /test" (uncaught exception) at /var/www/php/Rhodium/vendor/symfony/http-kernel/Symfony/Component/HttpKernel/EventListener/RouterListener.php line 116 {"exception":"[object] (Symfony\\Component\\HttpKernel\\Exception\\NotFoundHttpException: No route found for \"GET /test\" at /var/www/php/Rhodium/vendor/symfony/http-kernel/Symfony/Component/HttpKernel/EventListener/RouterListener.php:116, Symfony\\Component\\Routing\\Exception\\ResourceNotFoundException:  at /var/www/php/Rhodium/vendor/symfony/routing/Symfony/Component/Routing/Matcher/UrlMatcher.php:91)"} []
[2013-09-03 16:49:38] kp_app.ERROR: Symfony\Component\HttpKernel\Exception\NotFoundHttpException: No route found for "GET /test" (uncaught exception) at /var/www/php/Rhodium/vendor/symfony/http-kernel/Symfony/Component/HttpKernel/EventListener/RouterListener.php line 116 {"exception":"[object] (Symfony\\Component\\HttpKernel\\Exception\\NotFoundHttpException: No route found for \"GET /test\" at /var/www/php/Rhodium/vendor/symfony/http-kernel/Symfony/Component/HttpKernel/EventListener/RouterListener.php:116, Symfony\\Component\\Routing\\Exception\\ResourceNotFoundException:  at /var/www/php/Rhodium/vendor/symfony/routing/Symfony/Component/Routing/Matcher/UrlMatcher.php:91)"} []
[2013-09-03 16:49:39] kp_app.ERROR: Symfony\Component\HttpKernel\Exception\NotFoundHttpException: No route found for "GET /test" (uncaught exception) at /var/www/php/Rhodium/vendor/symfony/http-kernel/Symfony/Component/HttpKernel/EventListener/RouterListener.php line 116 {"exception":"[object] (Symfony\\Component\\HttpKernel\\Exception\\NotFoundHttpException: No route found for \"GET /test\" at /var/www/php/Rhodium/vendor/symfony/http-kernel/Symfony/Component/HttpKernel/EventListener/RouterListener.php:116, Symfony\\Component\\Routing\\Exception\\ResourceNotFoundException:  at /var/www/php/Rhodium/vendor/symfony/routing/Symfony/Component/Routing/Matcher/UrlMatcher.php:91)"} []
[2013-09-03 16:50:01] kp_app.ERROR: Symfony\Component\HttpKernel\Exception\NotFoundHttpException: No route found for "GET /test" (uncaught exception) at /var/www/php/Rhodium/vendor/symfony/http-kernel/Symfony/Component/HttpKernel/EventListener/RouterListener.php line 116 {"exception":"[object] (Symfony\\Component\\HttpKernel\\Exception\\NotFoundHttpException: No route found for \"GET /test\" at /var/www/php/Rhodium/vendor/symfony/http-kernel/Symfony/Component/HttpKernel/EventListener/RouterListener.php:116, Symfony\\Component\\Routing\\Exception\\ResourceNotFoundException:  at /var/www/php/Rhodium/vendor/symfony/routing/Symfony/Component/Routing/Matcher/UrlMatcher.php:91)"} []
[2013-09-03 16:50:40] kp_app.ERROR: Symfony\Component\HttpKernel\Exception\NotFoundHttpException: No route found for "GET /test" (uncaught exception) at /var/www/php/Rhodium/vendor/symfony/http-kernel/Symfony/Component/HttpKernel/EventListener/RouterListener.php line 116 {"exception":"[object] (Symfony\\Component\\HttpKernel\\Exception\\NotFoundHttpException: No route found for \"GET /test\" at /var/www/php/Rhodium/vendor/symfony/http-kernel/Symfony/Component/HttpKernel/EventListener/RouterListener.php:116, Symfony\\Component\\Routing\\Exception\\ResourceNotFoundException:  at /var/www/php/Rhodium/vendor/symfony/routing/Symfony/Component/Routing/Matcher/UrlMatcher.php:91)"} []
[2013-09-03 16:50:59] kp_app.ERROR: Symfony\Component\HttpKernel\Exception\NotFoundHttpException: No route found for "GET /test" (uncaught exception) at /var/www/php/Rhodium/vendor/symfony/http-kernel/Symfony/Component/HttpKernel/EventListener/RouterListener.php line 116 {"exception":"[object] (Symfony\\Component\\HttpKernel\\Exception\\NotFoundHttpException: No route found for \"GET /test\" at /var/www/php/Rhodium/vendor/symfony/http-kernel/Symfony/Component/HttpKernel/EventListener/RouterListener.php:116, Symfony\\Component\\Routing\\Exception\\ResourceNotFoundException:  at /var/www/php/Rhodium/vendor/symfony/routing/Symfony/Component/Routing/Matcher/UrlMatcher.php:91)"} []
[2013-09-03 16:51:11] kp_app.ERROR: Symfony\Component\HttpKernel\Exception\NotFoundHttpException: No route found for "GET /test" (uncaught exception) at /var/www/php/Rhodium/vendor/symfony/http-kernel/Symfony/Component/HttpKernel/EventListener/RouterListener.php line 116 {"exception":"[object] (Symfony\\Component\\HttpKernel\\Exception\\NotFoundHttpException: No route found for \"GET /test\" at /var/www/php/Rhodium/vendor/symfony/http-kernel/Symfony/Component/HttpKernel/EventListener/RouterListener.php:116, Symfony\\Component\\Routing\\Exception\\ResourceNotFoundException:  at /var/www/php/Rhodium/vendor/symfony/routing/Symfony/Component/Routing/Matcher/UrlMatcher.php:91)"} []
[2013-09-05 15:54:58] kp_app.CRITICAL: Twig_Error_Loader: Template "index/Views/Main.html.twig" is not defined (). (uncaught exception) at /var/www/php/Rhodium/vendor/twig/twig/lib/Twig/Loader/Chain.php line 116 {"exception":"[object] (Twig_Error_Loader: Template \"index/Views/Main.html.twig\" is not defined (). at /var/www/php/Rhodium/vendor/twig/twig/lib/Twig/Loader/Chain.php:116)"} []
[2013-09-05 15:55:46] kp_app.CRITICAL: Twig_Error_Loader: Template "layout.html.twig" is not defined (). (uncaught exception) at /var/www/php/Rhodium/vendor/twig/twig/lib/Twig/Loader/Chain.php line 116 {"exception":"[object] (Twig_Error_Loader: Template \"layout.html.twig\" is not defined (). at /var/www/php/Rhodium/vendor/twig/twig/lib/Twig/Loader/Chain.php:116)"} []
[2013-09-05 15:55:48] kp_app.CRITICAL: Twig_Error_Loader: Template "layout.html.twig" is not defined (). (uncaught exception) at /var/www/php/Rhodium/vendor/twig/twig/lib/Twig/Loader/Chain.php line 116 {"exception":"[object] (Twig_Error_Loader: Template \"layout.html.twig\" is not defined (). at /var/www/php/Rhodium/vendor/twig/twig/lib/Twig/Loader/Chain.php:116)"} []
[2013-09-05 16:01:26] kp_app.CRITICAL: Twig_Error_Loader: The "Main/Views/" directory does not exist. (uncaught exception) at /var/www/php/Rhodium/vendor/twig/twig/lib/Twig/Loader/Filesystem.php line 93 {"exception":"[object] (Twig_Error_Loader: The \"Main/Views/\" directory does not exist. at /var/www/php/Rhodium/vendor/twig/twig/lib/Twig/Loader/Filesystem.php:93)"} []
[2013-09-05 16:01:27] kp_app.CRITICAL: Twig_Error_Loader: The "Main/Views/" directory does not exist. (uncaught exception) at /var/www/php/Rhodium/vendor/twig/twig/lib/Twig/Loader/Filesystem.php line 93 {"exception":"[object] (Twig_Error_Loader: The \"Main/Views/\" directory does not exist. at /var/www/php/Rhodium/vendor/twig/twig/lib/Twig/Loader/Filesystem.php:93)"} []
[2013-09-05 16:01:44] kp_app.CRITICAL: Twig_Error_Loader: The "Main/Views/" directory does not exist. (uncaught exception) at /var/www/php/Rhodium/vendor/twig/twig/lib/Twig/Loader/Filesystem.php line 93 {"exception":"[object] (Twig_Error_Loader: The \"Main/Views/\" directory does not exist. at /var/www/php/Rhodium/vendor/twig/twig/lib/Twig/Loader/Filesystem.php:93)"} []
[2013-09-05 16:02:03] kp_app.CRITICAL: Twig_Error_Loader: The "../Main/Views/" directory does not exist. (uncaught exception) at /var/www/php/Rhodium/vendor/twig/twig/lib/Twig/Loader/Filesystem.php line 93 {"exception":"[object] (Twig_Error_Loader: The \"../Main/Views/\" directory does not exist. at /var/www/php/Rhodium/vendor/twig/twig/lib/Twig/Loader/Filesystem.php:93)"} []
[2013-09-05 16:02:17] kp_app.CRITICAL: Twig_Error_Loader: The "/var/www/php/Rhodium/src/Rhodium../Main/Views/" directory does not exist. (uncaught exception) at /var/www/php/Rhodium/vendor/twig/twig/lib/Twig/Loader/Filesystem.php line 93 {"exception":"[object] (Twig_Error_Loader: The \"/var/www/php/Rhodium/src/Rhodium../Main/Views/\" directory does not exist. at /var/www/php/Rhodium/vendor/twig/twig/lib/Twig/Loader/Filesystem.php:93)"} []
[2013-09-05 16:03:13] kp_app.CRITICAL: Twig_Error_Loader: Template "Main.html.twig" is not defined (). (uncaught exception) at /var/www/php/Rhodium/vendor/twig/twig/lib/Twig/Loader/Chain.php line 116 {"exception":"[object] (Twig_Error_Loader: Template \"Main.html.twig\" is not defined (). at /var/www/php/Rhodium/vendor/twig/twig/lib/Twig/Loader/Chain.php:116)"} []
[2013-09-05 16:03:14] kp_app.CRITICAL: Twig_Error_Loader: Template "Main.html.twig" is not defined (). (uncaught exception) at /var/www/php/Rhodium/vendor/twig/twig/lib/Twig/Loader/Chain.php line 116 {"exception":"[object] (Twig_Error_Loader: Template \"Main.html.twig\" is not defined (). at /var/www/php/Rhodium/vendor/twig/twig/lib/Twig/Loader/Chain.php:116)"} []
[2013-09-05 16:03:27] kp_app.CRITICAL: Twig_Error_Loader: The "/var/www/php/Rhodium/src/Rhodium/../../Main/Views/" directory does not exist. (uncaught exception) at /var/www/php/Rhodium/vendor/twig/twig/lib/Twig/Loader/Filesystem.php line 93 {"exception":"[object] (Twig_Error_Loader: The \"/var/www/php/Rhodium/src/Rhodium/../../Main/Views/\" directory does not exist. at /var/www/php/Rhodium/vendor/twig/twig/lib/Twig/Loader/Filesystem.php:93)"} []
[2013-09-05 16:03:27] kp_app.CRITICAL: Twig_Error_Loader: The "/var/www/php/Rhodium/src/Rhodium/../../Main/Views/" directory does not exist. (uncaught exception) at /var/www/php/Rhodium/vendor/twig/twig/lib/Twig/Loader/Filesystem.php line 93 {"exception":"[object] (Twig_Error_Loader: The \"/var/www/php/Rhodium/src/Rhodium/../../Main/Views/\" directory does not exist. at /var/www/php/Rhodium/vendor/twig/twig/lib/Twig/Loader/Filesystem.php:93)"} []
[2013-09-05 16:03:53] kp_app.CRITICAL: Twig_Error_Loader: The "Array/Main/Views/" directory does not exist. (uncaught exception) at /var/www/php/Rhodium/vendor/twig/twig/lib/Twig/Loader/Filesystem.php line 93 {"exception":"[object] (Twig_Error_Loader: The \"Array/Main/Views/\" directory does not exist. at /var/www/php/Rhodium/vendor/twig/twig/lib/Twig/Loader/Filesystem.php:93)"} []
[2013-09-05 16:06:25] kp_app.CRITICAL: Twig_Error_Loader: Template "layout.html.twig" is not defined (). (uncaught exception) at /var/www/php/Rhodium/vendor/twig/twig/lib/Twig/Loader/Chain.php line 116 {"exception":"[object] (Twig_Error_Loader: Template \"layout.html.twig\" is not defined (). at /var/www/php/Rhodium/vendor/twig/twig/lib/Twig/Loader/Chain.php:116)"} []
[2013-09-05 16:09:32] kp_app.CRITICAL: Twig_Error_Loader: Template "layout.html.twig" is not defined (). (uncaught exception) at /var/www/php/Rhodium/vendor/twig/twig/lib/Twig/Loader/Chain.php line 116 {"exception":"[object] (Twig_Error_Loader: Template \"layout.html.twig\" is not defined (). at /var/www/php/Rhodium/vendor/twig/twig/lib/Twig/Loader/Chain.php:116)"} []
[2013-09-05 16:09:33] kp_app.CRITICAL: Twig_Error_Loader: Template "layout.html.twig" is not defined (). (uncaught exception) at /var/www/php/Rhodium/vendor/twig/twig/lib/Twig/Loader/Chain.php line 116 {"exception":"[object] (Twig_Error_Loader: Template \"layout.html.twig\" is not defined (). at /var/www/php/Rhodium/vendor/twig/twig/lib/Twig/Loader/Chain.php:116)"} []
[2013-09-05 16:09:50] kp_app.CRITICAL: Twig_Error_Loader: Template "layout.html.twig" is not defined (). (uncaught exception) at /var/www/php/Rhodium/vendor/twig/twig/lib/Twig/Loader/Chain.php line 116 {"exception":"[object] (Twig_Error_Loader: Template \"layout.html.twig\" is not defined (). at /var/www/php/Rhodium/vendor/twig/twig/lib/Twig/Loader/Chain.php:116)"} []
[2013-09-05 16:09:54] kp_app.CRITICAL: Twig_Error_Loader: Template "layout.html.twig" is not defined (). (uncaught exception) at /var/www/php/Rhodium/vendor/twig/twig/lib/Twig/Loader/Chain.php line 116 {"exception":"[object] (Twig_Error_Loader: Template \"layout.html.twig\" is not defined (). at /var/www/php/Rhodium/vendor/twig/twig/lib/Twig/Loader/Chain.php:116)"} []
[2013-09-05 16:10:11] kp_app.CRITICAL: Twig_Error_Loader: Template "layout.html.twig" is not defined (). (uncaught exception) at /var/www/php/Rhodium/vendor/twig/twig/lib/Twig/Loader/Chain.php line 116 {"exception":"[object] (Twig_Error_Loader: Template \"layout.html.twig\" is not defined (). at /var/www/php/Rhodium/vendor/twig/twig/lib/Twig/Loader/Chain.php:116)"} []
[2013-09-05 16:10:12] kp_app.CRITICAL: Twig_Error_Loader: Template "layout.html.twig" is not defined (). (uncaught exception) at /var/www/php/Rhodium/vendor/twig/twig/lib/Twig/Loader/Chain.php line 116 {"exception":"[object] (Twig_Error_Loader: Template \"layout.html.twig\" is not defined (). at /var/www/php/Rhodium/vendor/twig/twig/lib/Twig/Loader/Chain.php:116)"} []
[2013-09-05 16:10:37] kp_app.CRITICAL: Twig_Error_Loader: Template "layout.html.twig" is not defined (). (uncaught exception) at /var/www/php/Rhodium/vendor/twig/twig/lib/Twig/Loader/Chain.php line 116 {"exception":"[object] (Twig_Error_Loader: Template \"layout.html.twig\" is not defined (). at /var/www/php/Rhodium/vendor/twig/twig/lib/Twig/Loader/Chain.php:116)"} []
[2013-09-05 16:11:14] kp_app.CRITICAL: Twig_Error_Loader: Template "layout.html.twig" is not defined (). (uncaught exception) at /var/www/php/Rhodium/vendor/twig/twig/lib/Twig/Loader/Chain.php line 116 {"exception":"[object] (Twig_Error_Loader: Template \"layout.html.twig\" is not defined (). at /var/www/php/Rhodium/vendor/twig/twig/lib/Twig/Loader/Chain.php:116)"} []
[2013-09-05 16:11:15] kp_app.CRITICAL: Twig_Error_Loader: Template "layout.html.twig" is not defined (). (uncaught exception) at /var/www/php/Rhodium/vendor/twig/twig/lib/Twig/Loader/Chain.php line 116 {"exception":"[object] (Twig_Error_Loader: Template \"layout.html.twig\" is not defined (). at /var/www/php/Rhodium/vendor/twig/twig/lib/Twig/Loader/Chain.php:116)"} []
[2013-09-05 16:11:50] kp_app.CRITICAL: Twig_Error_Loader: Template "layout.html.twig" is not defined (). (uncaught exception) at /var/www/php/Rhodium/vendor/twig/twig/lib/Twig/Loader/Chain.php line 116 {"exception":"[object] (Twig_Error_Loader: Template \"layout.html.twig\" is not defined (). at /var/www/php/Rhodium/vendor/twig/twig/lib/Twig/Loader/Chain.php:116)"} []
[2013-09-05 16:11:52] kp_app.CRITICAL: Twig_Error_Loader: Template "layout.html.twig" is not defined (). (uncaught exception) at /var/www/php/Rhodium/vendor/twig/twig/lib/Twig/Loader/Chain.php line 116 {"exception":"[object] (Twig_Error_Loader: Template \"layout.html.twig\" is not defined (). at /var/www/php/Rhodium/vendor/twig/twig/lib/Twig/Loader/Chain.php:116)"} []
[2013-09-05 16:11:59] kp_app.CRITICAL: Twig_Error_Loader: Template "layout.html.twig" is not defined (). (uncaught exception) at /var/www/php/Rhodium/vendor/twig/twig/lib/Twig/Loader/Chain.php line 116 {"exception":"[object] (Twig_Error_Loader: Template \"layout.html.twig\" is not defined (). at /var/www/php/Rhodium/vendor/twig/twig/lib/Twig/Loader/Chain.php:116)"} []
[2013-09-05 16:11:59] kp_app.CRITICAL: Twig_Error_Loader: Template "layout.html.twig" is not defined (). (uncaught exception) at /var/www/php/Rhodium/vendor/twig/twig/lib/Twig/Loader/Chain.php line 116 {"exception":"[object] (Twig_Error_Loader: Template \"layout.html.twig\" is not defined (). at /var/www/php/Rhodium/vendor/twig/twig/lib/Twig/Loader/Chain.php:116)"} []
[2013-09-05 16:44:16] kp_app.CRITICAL: Twig_Error_Loader: Template "layout.html.twig" is not defined (). (uncaught exception) at /var/www/php/Rhodium/vendor/twig/twig/lib/Twig/Loader/Chain.php line 116 {"exception":"[object] (Twig_Error_Loader: Template \"layout.html.twig\" is not defined (). at /var/www/php/Rhodium/vendor/twig/twig/lib/Twig/Loader/Chain.php:116)"} []
[2013-09-05 16:44:20] kp_app.CRITICAL: Twig_Error_Loader: Template "layout.html.twig" is not defined (). (uncaught exception) at /var/www/php/Rhodium/vendor/twig/twig/lib/Twig/Loader/Chain.php line 116 {"exception":"[object] (Twig_Error_Loader: Template \"layout.html.twig\" is not defined (). at /var/www/php/Rhodium/vendor/twig/twig/lib/Twig/Loader/Chain.php:116)"} []
[2013-09-05 16:46:56] kp_app.CRITICAL: Twig_Error_Loader: Template "layout.html.twig" is not defined (). (uncaught exception) at /var/www/php/Rhodium/vendor/twig/twig/lib/Twig/Loader/Chain.php line 116 {"exception":"[object] (Twig_Error_Loader: Template \"layout.html.twig\" is not defined (). at /var/www/php/Rhodium/vendor/twig/twig/lib/Twig/Loader/Chain.php:116)"} []
[2013-09-05 16:46:57] kp_app.CRITICAL: Twig_Error_Loader: Template "layout.html.twig" is not defined (). (uncaught exception) at /var/www/php/Rhodium/vendor/twig/twig/lib/Twig/Loader/Chain.php line 116 {"exception":"[object] (Twig_Error_Loader: Template \"layout.html.twig\" is not defined (). at /var/www/php/Rhodium/vendor/twig/twig/lib/Twig/Loader/Chain.php:116)"} []
[2013-09-05 16:47:42] kp_app.CRITICAL: Twig_Error_Loader: Template "layout.html.twig" is not defined (). (uncaught exception) at /var/www/php/Rhodium/vendor/twig/twig/lib/Twig/Loader/Chain.php line 116 {"exception":"[object] (Twig_Error_Loader: Template \"layout.html.twig\" is not defined (). at /var/www/php/Rhodium/vendor/twig/twig/lib/Twig/Loader/Chain.php:116)"} []
[2013-09-05 16:47:43] kp_app.CRITICAL: Twig_Error_Loader: Template "layout.html.twig" is not defined (). (uncaught exception) at /var/www/php/Rhodium/vendor/twig/twig/lib/Twig/Loader/Chain.php line 116 {"exception":"[object] (Twig_Error_Loader: Template \"layout.html.twig\" is not defined (). at /var/www/php/Rhodium/vendor/twig/twig/lib/Twig/Loader/Chain.php:116)"} []
[2013-09-05 16:48:47] kp_app.CRITICAL: Twig_Error_Loader: Template "layout.html.twig" is not defined (). (uncaught exception) at /var/www/php/Rhodium/vendor/twig/twig/lib/Twig/Loader/Chain.php line 116 {"exception":"[object] (Twig_Error_Loader: Template \"layout.html.twig\" is not defined (). at /var/www/php/Rhodium/vendor/twig/twig/lib/Twig/Loader/Chain.php:116)"} []
[2013-09-05 16:48:54] kp_app.CRITICAL: Twig_Error_Loader: Template "layout.html.twig" is not defined (). (uncaught exception) at /var/www/php/Rhodium/vendor/twig/twig/lib/Twig/Loader/Chain.php line 116 {"exception":"[object] (Twig_Error_Loader: Template \"layout.html.twig\" is not defined (). at /var/www/php/Rhodium/vendor/twig/twig/lib/Twig/Loader/Chain.php:116)"} []
[2013-09-05 16:49:13] kp_app.CRITICAL: Twig_Error_Loader: Template "layout.html.twig" is not defined (). (uncaught exception) at /var/www/php/Rhodium/vendor/twig/twig/lib/Twig/Loader/Chain.php line 116 {"exception":"[object] (Twig_Error_Loader: Template \"layout.html.twig\" is not defined (). at /var/www/php/Rhodium/vendor/twig/twig/lib/Twig/Loader/Chain.php:116)"} []
[2013-09-05 16:49:25] kp_app.CRITICAL: Twig_Error_Loader: Template "layout.html.twig" is not defined (). (uncaught exception) at /var/www/php/Rhodium/vendor/twig/twig/lib/Twig/Loader/Chain.php line 116 {"exception":"[object] (Twig_Error_Loader: Template \"layout.html.twig\" is not defined (). at /var/www/php/Rhodium/vendor/twig/twig/lib/Twig/Loader/Chain.php:116)"} []
[2013-09-05 16:50:03] kp_app.CRITICAL: Twig_Error_Loader: Template "layout.html.twig" is not defined (). (uncaught exception) at /var/www/php/Rhodium/vendor/twig/twig/lib/Twig/Loader/Chain.php line 116 {"exception":"[object] (Twig_Error_Loader: Template \"layout.html.twig\" is not defined (). at /var/www/php/Rhodium/vendor/twig/twig/lib/Twig/Loader/Chain.php:116)"} []
[2013-09-05 16:51:42] kp_app.CRITICAL: Twig_Error_Loader: Template ".html.twig" is not defined (). (uncaught exception) at /var/www/php/Rhodium/vendor/twig/twig/lib/Twig/Loader/Chain.php line 116 {"exception":"[object] (Twig_Error_Loader: Template \".html.twig\" is not defined (). at /var/www/php/Rhodium/vendor/twig/twig/lib/Twig/Loader/Chain.php:116)"} []
[2013-09-05 16:51:49] kp_app.CRITICAL: Twig_Error_Loader: Template "Array.html.twig" is not defined (). (uncaught exception) at /var/www/php/Rhodium/vendor/twig/twig/lib/Twig/Loader/Chain.php line 116 {"exception":"[object] (Twig_Error_Loader: Template \"Array.html.twig\" is not defined (). at /var/www/php/Rhodium/vendor/twig/twig/lib/Twig/Loader/Chain.php:116)"} []
[2013-09-05 16:52:08] kp_app.CRITICAL: Twig_Error_Loader: Template "Array.html.twig" is not defined (). (uncaught exception) at /var/www/php/Rhodium/vendor/twig/twig/lib/Twig/Loader/Chain.php line 116 {"exception":"[object] (Twig_Error_Loader: Template \"Array.html.twig\" is not defined (). at /var/www/php/Rhodium/vendor/twig/twig/lib/Twig/Loader/Chain.php:116)"} []
[2013-09-05 16:52:49] kp_app.CRITICAL: Twig_Error_Loader: Template "index.html.twig" is not defined (). (uncaught exception) at /var/www/php/Rhodium/vendor/twig/twig/lib/Twig/Loader/Chain.php line 116 {"exception":"[object] (Twig_Error_Loader: Template \"index.html.twig\" is not defined (). at /var/www/php/Rhodium/vendor/twig/twig/lib/Twig/Loader/Chain.php:116)"} []
[2013-09-05 16:53:02] kp_app.CRITICAL: Twig_Error_Loader: Template "index.html.twig" is not defined (). (uncaught exception) at /var/www/php/Rhodium/vendor/twig/twig/lib/Twig/Loader/Chain.php line 116 {"exception":"[object] (Twig_Error_Loader: Template \"index.html.twig\" is not defined (). at /var/www/php/Rhodium/vendor/twig/twig/lib/Twig/Loader/Chain.php:116)"} []
[2013-09-05 16:53:03] kp_app.CRITICAL: Twig_Error_Loader: Template "index.html.twig" is not defined (). (uncaught exception) at /var/www/php/Rhodium/vendor/twig/twig/lib/Twig/Loader/Chain.php line 116 {"exception":"[object] (Twig_Error_Loader: Template \"index.html.twig\" is not defined (). at /var/www/php/Rhodium/vendor/twig/twig/lib/Twig/Loader/Chain.php:116)"} []
[2013-09-05 17:51:04] kp_app.CRITICAL: Twig_Error_Loader: Template "index.html.twig" is not defined (). (uncaught exception) at /var/www/php/Rhodium/vendor/twig/twig/lib/Twig/Loader/Chain.php line 116 {"exception":"[object] (Twig_Error_Loader: Template \"index.html.twig\" is not defined (). at /var/www/php/Rhodium/vendor/twig/twig/lib/Twig/Loader/Chain.php:116)"} []
[2013-09-05 17:52:32] kp_app.CRITICAL: Twig_Error_Loader: Template "index.html.twig" is not defined (). (uncaught exception) at /var/www/php/Rhodium/vendor/twig/twig/lib/Twig/Loader/Chain.php line 116 {"exception":"[object] (Twig_Error_Loader: Template \"index.html.twig\" is not defined (). at /var/www/php/Rhodium/vendor/twig/twig/lib/Twig/Loader/Chain.php:116)"} []
[2013-09-05 17:53:26] kp_app.CRITICAL: Twig_Error_Loader: Template "index.html.twig" is not defined (). (uncaught exception) at /var/www/php/Rhodium/vendor/twig/twig/lib/Twig/Loader/Chain.php line 116 {"exception":"[object] (Twig_Error_Loader: Template \"index.html.twig\" is not defined (). at /var/www/php/Rhodium/vendor/twig/twig/lib/Twig/Loader/Chain.php:116)"} []
[2013-09-05 17:53:58] kp_app.CRITICAL: Twig_Error_Loader: Template "layout.html.twig" is not defined (). (uncaught exception) at /var/www/php/Rhodium/vendor/twig/twig/lib/Twig/Loader/Chain.php line 116 {"exception":"[object] (Twig_Error_Loader: Template \"layout.html.twig\" is not defined (). at /var/www/php/Rhodium/vendor/twig/twig/lib/Twig/Loader/Chain.php:116)"} []
[2013-09-05 17:54:26] kp_app.CRITICAL: Twig_Error_Loader: Template "layout.html.twig" is not defined (). (uncaught exception) at /var/www/php/Rhodium/vendor/twig/twig/lib/Twig/Loader/Chain.php line 116 {"exception":"[object] (Twig_Error_Loader: Template \"layout.html.twig\" is not defined (). at /var/www/php/Rhodium/vendor/twig/twig/lib/Twig/Loader/Chain.php:116)"} []
[2013-09-05 17:54:27] kp_app.CRITICAL: Twig_Error_Loader: Template "layout.html.twig" is not defined (). (uncaught exception) at /var/www/php/Rhodium/vendor/twig/twig/lib/Twig/Loader/Chain.php line 116 {"exception":"[object] (Twig_Error_Loader: Template \"layout.html.twig\" is not defined (). at /var/www/php/Rhodium/vendor/twig/twig/lib/Twig/Loader/Chain.php:116)"} []
[2013-09-05 17:54:50] kp_app.CRITICAL: Twig_Error_Loader: Template "layout.html.twig" is not defined (). (uncaught exception) at /var/www/php/Rhodium/vendor/twig/twig/lib/Twig/Loader/Chain.php line 116 {"exception":"[object] (Twig_Error_Loader: Template \"layout.html.twig\" is not defined (). at /var/www/php/Rhodium/vendor/twig/twig/lib/Twig/Loader/Chain.php:116)"} []
[2013-09-05 17:55:05] kp_app.CRITICAL: Twig_Error_Loader: Template "layout.html.twig" is not defined (). (uncaught exception) at /var/www/php/Rhodium/vendor/twig/twig/lib/Twig/Loader/Chain.php line 116 {"exception":"[object] (Twig_Error_Loader: Template \"layout.html.twig\" is not defined (). at /var/www/php/Rhodium/vendor/twig/twig/lib/Twig/Loader/Chain.php:116)"} []
[2013-09-05 17:55:06] kp_app.CRITICAL: Twig_Error_Loader: Template "layout.html.twig" is not defined (). (uncaught exception) at /var/www/php/Rhodium/vendor/twig/twig/lib/Twig/Loader/Chain.php line 116 {"exception":"[object] (Twig_Error_Loader: Template \"layout.html.twig\" is not defined (). at /var/www/php/Rhodium/vendor/twig/twig/lib/Twig/Loader/Chain.php:116)"} []
[2013-09-05 17:55:06] kp_app.CRITICAL: Twig_Error_Loader: Template "layout.html.twig" is not defined (). (uncaught exception) at /var/www/php/Rhodium/vendor/twig/twig/lib/Twig/Loader/Chain.php line 116 {"exception":"[object] (Twig_Error_Loader: Template \"layout.html.twig\" is not defined (). at /var/www/php/Rhodium/vendor/twig/twig/lib/Twig/Loader/Chain.php:116)"} []
[2013-09-05 17:57:42] kp_app.CRITICAL: Twig_Error_Loader: Template "layout.html.twig" is not defined (). (uncaught exception) at /var/www/php/Rhodium/vendor/twig/twig/lib/Twig/Loader/Chain.php line 116 {"exception":"[object] (Twig_Error_Loader: Template \"layout.html.twig\" is not defined (). at /var/www/php/Rhodium/vendor/twig/twig/lib/Twig/Loader/Chain.php:116)"} []
[2013-09-05 17:57:43] kp_app.CRITICAL: Twig_Error_Loader: Template "layout.html.twig" is not defined (). (uncaught exception) at /var/www/php/Rhodium/vendor/twig/twig/lib/Twig/Loader/Chain.php line 116 {"exception":"[object] (Twig_Error_Loader: Template \"layout.html.twig\" is not defined (). at /var/www/php/Rhodium/vendor/twig/twig/lib/Twig/Loader/Chain.php:116)"} []
[2013-09-05 17:57:46] kp_app.CRITICAL: Twig_Error_Loader: Template "layout.html.twig" is not defined (). (uncaught exception) at /var/www/php/Rhodium/vendor/twig/twig/lib/Twig/Loader/Chain.php line 116 {"exception":"[object] (Twig_Error_Loader: Template \"layout.html.twig\" is not defined (). at /var/www/php/Rhodium/vendor/twig/twig/lib/Twig/Loader/Chain.php:116)"} []
[2013-09-05 17:58:04] kp_app.CRITICAL: Twig_Error_Loader: Template "layout.html.twig" is not defined (). (uncaught exception) at /var/www/php/Rhodium/vendor/twig/twig/lib/Twig/Loader/Chain.php line 116 {"exception":"[object] (Twig_Error_Loader: Template \"layout.html.twig\" is not defined (). at /var/www/php/Rhodium/vendor/twig/twig/lib/Twig/Loader/Chain.php:116)"} []
[2013-09-05 17:58:05] kp_app.CRITICAL: Twig_Error_Loader: Template "layout.html.twig" is not defined (). (uncaught exception) at /var/www/php/Rhodium/vendor/twig/twig/lib/Twig/Loader/Chain.php line 116 {"exception":"[object] (Twig_Error_Loader: Template \"layout.html.twig\" is not defined (). at /var/www/php/Rhodium/vendor/twig/twig/lib/Twig/Loader/Chain.php:116)"} []
[2013-09-05 17:58:05] kp_app.CRITICAL: Twig_Error_Loader: Template "layout.html.twig" is not defined (). (uncaught exception) at /var/www/php/Rhodium/vendor/twig/twig/lib/Twig/Loader/Chain.php line 116 {"exception":"[object] (Twig_Error_Loader: Template \"layout.html.twig\" is not defined (). at /var/www/php/Rhodium/vendor/twig/twig/lib/Twig/Loader/Chain.php:116)"} []
[2013-09-05 17:58:56] kp_app.CRITICAL: Twig_Error_Loader: Template "layout.html.twig" is not defined (). (uncaught exception) at /var/www/php/Rhodium/vendor/twig/twig/lib/Twig/Loader/Chain.php line 116 {"exception":"[object] (Twig_Error_Loader: Template \"layout.html.twig\" is not defined (). at /var/www/php/Rhodium/vendor/twig/twig/lib/Twig/Loader/Chain.php:116)"} []
[2013-09-05 17:59:11] kp_app.CRITICAL: Twig_Error_Loader: Template "layout.html.twig" is not defined (). (uncaught exception) at /var/www/php/Rhodium/vendor/twig/twig/lib/Twig/Loader/Chain.php line 116 {"exception":"[object] (Twig_Error_Loader: Template \"layout.html.twig\" is not defined (). at /var/www/php/Rhodium/vendor/twig/twig/lib/Twig/Loader/Chain.php:116)"} []
[2013-09-05 17:59:27] kp_app.CRITICAL: Twig_Error_Loader: Template "layout.html.twig" is not defined (). (uncaught exception) at /var/www/php/Rhodium/vendor/twig/twig/lib/Twig/Loader/Chain.php line 116 {"exception":"[object] (Twig_Error_Loader: Template \"layout.html.twig\" is not defined (). at /var/www/php/Rhodium/vendor/twig/twig/lib/Twig/Loader/Chain.php:116)"} []
[2013-09-05 17:59:28] kp_app.CRITICAL: Twig_Error_Loader: Template "layout.html.twig" is not defined (). (uncaught exception) at /var/www/php/Rhodium/vendor/twig/twig/lib/Twig/Loader/Chain.php line 116 {"exception":"[object] (Twig_Error_Loader: Template \"layout.html.twig\" is not defined (). at /var/www/php/Rhodium/vendor/twig/twig/lib/Twig/Loader/Chain.php:116)"} []
[2013-09-05 18:02:39] kp_app.CRITICAL: Twig_Error_Loader: Template "layout.html.twig" is not defined (). (uncaught exception) at /var/www/php/Rhodium/vendor/twig/twig/lib/Twig/Loader/Chain.php line 116 {"exception":"[object] (Twig_Error_Loader: Template \"layout.html.twig\" is not defined (). at /var/www/php/Rhodium/vendor/twig/twig/lib/Twig/Loader/Chain.php:116)"} []
[2013-09-05 18:02:53] kp_app.CRITICAL: Twig_Error_Loader: Template "layout.html.twig" is not defined (). (uncaught exception) at /var/www/php/Rhodium/vendor/twig/twig/lib/Twig/Loader/Chain.php line 116 {"exception":"[object] (Twig_Error_Loader: Template \"layout.html.twig\" is not defined (). at /var/www/php/Rhodium/vendor/twig/twig/lib/Twig/Loader/Chain.php:116)"} []
[2013-09-05 18:05:28] kp_app.CRITICAL: Twig_Error_Loader: The "Main/Views/index.html.twig" directory does not exist. (uncaught exception) at /var/www/php/Rhodium/vendor/twig/twig/lib/Twig/Loader/Filesystem.php line 93 {"exception":"[object] (Twig_Error_Loader: The \"Main/Views/index.html.twig\" directory does not exist. at /var/www/php/Rhodium/vendor/twig/twig/lib/Twig/Loader/Filesystem.php:93)"} []
[2013-09-05 18:05:29] kp_app.CRITICAL: Twig_Error_Loader: The "Main/Views/index.html.twig" directory does not exist. (uncaught exception) at /var/www/php/Rhodium/vendor/twig/twig/lib/Twig/Loader/Filesystem.php line 93 {"exception":"[object] (Twig_Error_Loader: The \"Main/Views/index.html.twig\" directory does not exist. at /var/www/php/Rhodium/vendor/twig/twig/lib/Twig/Loader/Filesystem.php:93)"} []
[2013-09-05 22:18:44] kp_app.CRITICAL: Twig_Error_Loader: Template "layout.html.twig" is not defined (). (uncaught exception) at /var/www/php/Rhodium/vendor/twig/twig/lib/Twig/Loader/Chain.php line 116 {"exception":"[object] (Twig_Error_Loader: Template \"layout.html.twig\" is not defined (). at /var/www/php/Rhodium/vendor/twig/twig/lib/Twig/Loader/Chain.php:116)"} []
[2013-09-05 22:20:45] kp_app.CRITICAL: Twig_Error_Loader: Template "Main/Views/index" is not defined (). (uncaught exception) at /var/www/php/Rhodium/vendor/twig/twig/lib/Twig/Loader/Chain.php line 116 {"exception":"[object] (Twig_Error_Loader: Template \"Main/Views/index\" is not defined (). at /var/www/php/Rhodium/vendor/twig/twig/lib/Twig/Loader/Chain.php:116)"} []
[2013-09-05 22:20:46] kp_app.CRITICAL: Twig_Error_Loader: Template "Main/Views/index" is not defined (). (uncaught exception) at /var/www/php/Rhodium/vendor/twig/twig/lib/Twig/Loader/Chain.php line 116 {"exception":"[object] (Twig_Error_Loader: Template \"Main/Views/index\" is not defined (). at /var/www/php/Rhodium/vendor/twig/twig/lib/Twig/Loader/Chain.php:116)"} []
[2013-09-05 22:39:24] kp_app.CRITICAL: Twig_Error_Loader: Template "Main/Views/shop" is not defined (). (uncaught exception) at /var/www/php/Rhodium/vendor/twig/twig/lib/Twig/Loader/Chain.php line 116 {"exception":"[object] (Twig_Error_Loader: Template \"Main/Views/shop\" is not defined (). at /var/www/php/Rhodium/vendor/twig/twig/lib/Twig/Loader/Chain.php:116)"} []
[2013-09-05 22:39:25] kp_app.CRITICAL: Twig_Error_Loader: Template "Main/Views/shop" is not defined (). (uncaught exception) at /var/www/php/Rhodium/vendor/twig/twig/lib/Twig/Loader/Chain.php line 116 {"exception":"[object] (Twig_Error_Loader: Template \"Main/Views/shop\" is not defined (). at /var/www/php/Rhodium/vendor/twig/twig/lib/Twig/Loader/Chain.php:116)"} []
[2013-09-05 22:39:27] kp_app.CRITICAL: Twig_Error_Loader: Template "Main/Views/shop" is not defined (). (uncaught exception) at /var/www/php/Rhodium/vendor/twig/twig/lib/Twig/Loader/Chain.php line 116 {"exception":"[object] (Twig_Error_Loader: Template \"Main/Views/shop\" is not defined (). at /var/www/php/Rhodium/vendor/twig/twig/lib/Twig/Loader/Chain.php:116)"} []
[2013-09-05 22:39:54] kp_app.CRITICAL: Twig_Error_Loader: Template "layout.html.twig" is not defined (). (uncaught exception) at /var/www/php/Rhodium/vendor/twig/twig/lib/Twig/Loader/Chain.php line 116 {"exception":"[object] (Twig_Error_Loader: Template \"layout.html.twig\" is not defined (). at /var/www/php/Rhodium/vendor/twig/twig/lib/Twig/Loader/Chain.php:116)"} []
[2013-09-05 22:39:55] kp_app.CRITICAL: Twig_Error_Loader: Template "layout.html.twig" is not defined (). (uncaught exception) at /var/www/php/Rhodium/vendor/twig/twig/lib/Twig/Loader/Chain.php line 116 {"exception":"[object] (Twig_Error_Loader: Template \"layout.html.twig\" is not defined (). at /var/www/php/Rhodium/vendor/twig/twig/lib/Twig/Loader/Chain.php:116)"} []
[2013-09-05 22:41:25] kp_app.CRITICAL: Twig_Error_Loader: Template "Main/Views/shop" is not defined (). (uncaught exception) at /var/www/php/Rhodium/vendor/twig/twig/lib/Twig/Loader/Chain.php line 116 {"exception":"[object] (Twig_Error_Loader: Template \"Main/Views/shop\" is not defined (). at /var/www/php/Rhodium/vendor/twig/twig/lib/Twig/Loader/Chain.php:116)"} []
[2013-09-05 22:41:26] kp_app.CRITICAL: Twig_Error_Loader: Template "Main/Views/shop" is not defined (). (uncaught exception) at /var/www/php/Rhodium/vendor/twig/twig/lib/Twig/Loader/Chain.php line 116 {"exception":"[object] (Twig_Error_Loader: Template \"Main/Views/shop\" is not defined (). at /var/www/php/Rhodium/vendor/twig/twig/lib/Twig/Loader/Chain.php:116)"} []
[2013-09-05 22:41:58] kp_app.CRITICAL: Twig_Error_Loader: Template "Main/Views/shop" is not defined (). (uncaught exception) at /var/www/php/Rhodium/vendor/twig/twig/lib/Twig/Loader/Chain.php line 116 {"exception":"[object] (Twig_Error_Loader: Template \"Main/Views/shop\" is not defined (). at /var/www/php/Rhodium/vendor/twig/twig/lib/Twig/Loader/Chain.php:116)"} []
[2013-09-05 22:42:05] kp_app.CRITICAL: Twig_Error_Loader: Template "Main/Views/shop" is not defined (). (uncaught exception) at /var/www/php/Rhodium/vendor/twig/twig/lib/Twig/Loader/Chain.php line 116 {"exception":"[object] (Twig_Error_Loader: Template \"Main/Views/shop\" is not defined (). at /var/www/php/Rhodium/vendor/twig/twig/lib/Twig/Loader/Chain.php:116)"} []
[2013-09-05 22:42:16] kp_app.CRITICAL: Twig_Error_Loader: Template "Main/Views/shop" is not defined (). (uncaught exception) at /var/www/php/Rhodium/vendor/twig/twig/lib/Twig/Loader/Chain.php line 116 {"exception":"[object] (Twig_Error_Loader: Template \"Main/Views/shop\" is not defined (). at /var/www/php/Rhodium/vendor/twig/twig/lib/Twig/Loader/Chain.php:116)"} []
[2013-09-05 22:42:32] kp_app.CRITICAL: Twig_Error_Loader: Template "Main/Views/shop" is not defined (). (uncaught exception) at /var/www/php/Rhodium/vendor/twig/twig/lib/Twig/Loader/Chain.php line 116 {"exception":"[object] (Twig_Error_Loader: Template \"Main/Views/shop\" is not defined (). at /var/www/php/Rhodium/vendor/twig/twig/lib/Twig/Loader/Chain.php:116)"} []
[2013-09-05 22:42:45] kp_app.CRITICAL: Twig_Error_Loader: Template "Main/Views/shop" is not defined (). (uncaught exception) at /var/www/php/Rhodium/vendor/twig/twig/lib/Twig/Loader/Chain.php line 116 {"exception":"[object] (Twig_Error_Loader: Template \"Main/Views/shop\" is not defined (). at /var/www/php/Rhodium/vendor/twig/twig/lib/Twig/Loader/Chain.php:116)"} []
[2013-09-05 22:43:11] kp_app.CRITICAL: Twig_Error_Loader: Template "/../Main/Views/shop" is not defined (). (uncaught exception) at /var/www/php/Rhodium/vendor/twig/twig/lib/Twig/Loader/Chain.php line 116 {"exception":"[object] (Twig_Error_Loader: Template \"/../Main/Views/shop\" is not defined (). at /var/www/php/Rhodium/vendor/twig/twig/lib/Twig/Loader/Chain.php:116)"} []
[2013-09-05 22:43:12] kp_app.CRITICAL: Twig_Error_Loader: Template "/../Main/Views/shop" is not defined (). (uncaught exception) at /var/www/php/Rhodium/vendor/twig/twig/lib/Twig/Loader/Chain.php line 116 {"exception":"[object] (Twig_Error_Loader: Template \"/../Main/Views/shop\" is not defined (). at /var/www/php/Rhodium/vendor/twig/twig/lib/Twig/Loader/Chain.php:116)"} []
[2013-09-05 22:43:24] kp_app.CRITICAL: Twig_Error_Loader: Template "/../Main/Views/index.html.twig" is not defined (). (uncaught exception) at /var/www/php/Rhodium/vendor/twig/twig/lib/Twig/Loader/Chain.php line 116 {"exception":"[object] (Twig_Error_Loader: Template \"/../Main/Views/index.html.twig\" is not defined (). at /var/www/php/Rhodium/vendor/twig/twig/lib/Twig/Loader/Chain.php:116)"} []
[2013-09-05 22:43:25] kp_app.CRITICAL: Twig_Error_Loader: Template "/../Main/Views/index.html.twig" is not defined (). (uncaught exception) at /var/www/php/Rhodium/vendor/twig/twig/lib/Twig/Loader/Chain.php line 116 {"exception":"[object] (Twig_Error_Loader: Template \"/../Main/Views/index.html.twig\" is not defined (). at /var/www/php/Rhodium/vendor/twig/twig/lib/Twig/Loader/Chain.php:116)"} []
[2013-09-05 22:44:18] kp_app.CRITICAL: Twig_Error_Loader: Template "/../Main/Views/index.html.twig" is not defined (). (uncaught exception) at /var/www/php/Rhodium/vendor/twig/twig/lib/Twig/Loader/Chain.php line 116 {"exception":"[object] (Twig_Error_Loader: Template \"/../Main/Views/index.html.twig\" is not defined (). at /var/www/php/Rhodium/vendor/twig/twig/lib/Twig/Loader/Chain.php:116)"} []
[2013-09-05 22:44:28] kp_app.CRITICAL: Twig_Error_Loader: Template "layout.html.twig" is not defined (). (uncaught exception) at /var/www/php/Rhodium/vendor/twig/twig/lib/Twig/Loader/Chain.php line 116 {"exception":"[object] (Twig_Error_Loader: Template \"layout.html.twig\" is not defined (). at /var/www/php/Rhodium/vendor/twig/twig/lib/Twig/Loader/Chain.php:116)"} []
[2013-09-05 22:44:28] kp_app.CRITICAL: Twig_Error_Loader: Template "layout.html.twig" is not defined (). (uncaught exception) at /var/www/php/Rhodium/vendor/twig/twig/lib/Twig/Loader/Chain.php line 116 {"exception":"[object] (Twig_Error_Loader: Template \"layout.html.twig\" is not defined (). at /var/www/php/Rhodium/vendor/twig/twig/lib/Twig/Loader/Chain.php:116)"} []
[2013-09-05 22:45:22] kp_app.CRITICAL: Twig_Error_Loader: Template "layout.html.twig" is not defined (). (uncaught exception) at /var/www/php/Rhodium/vendor/twig/twig/lib/Twig/Loader/Chain.php line 116 {"exception":"[object] (Twig_Error_Loader: Template \"layout.html.twig\" is not defined (). at /var/www/php/Rhodium/vendor/twig/twig/lib/Twig/Loader/Chain.php:116)"} []
[2013-09-05 22:45:23] kp_app.CRITICAL: Twig_Error_Loader: Template "layout.html.twig" is not defined (). (uncaught exception) at /var/www/php/Rhodium/vendor/twig/twig/lib/Twig/Loader/Chain.php line 116 {"exception":"[object] (Twig_Error_Loader: Template \"layout.html.twig\" is not defined (). at /var/www/php/Rhodium/vendor/twig/twig/lib/Twig/Loader/Chain.php:116)"} []
[2013-09-05 22:45:41] kp_app.CRITICAL: Twig_Error_Loader: Template "layout.html.twig" is not defined (). (uncaught exception) at /var/www/php/Rhodium/vendor/twig/twig/lib/Twig/Loader/Chain.php line 116 {"exception":"[object] (Twig_Error_Loader: Template \"layout.html.twig\" is not defined (). at /var/www/php/Rhodium/vendor/twig/twig/lib/Twig/Loader/Chain.php:116)"} []
[2013-09-05 22:46:08] kp_app.CRITICAL: Twig_Error_Loader: Template "Main/Views/index.html.twig" is not defined (). (uncaught exception) at /var/www/php/Rhodium/vendor/twig/twig/lib/Twig/Loader/Chain.php line 116 {"exception":"[object] (Twig_Error_Loader: Template \"Main/Views/index.html.twig\" is not defined (). at /var/www/php/Rhodium/vendor/twig/twig/lib/Twig/Loader/Chain.php:116)"} []
[2013-09-05 22:46:08] kp_app.CRITICAL: Twig_Error_Loader: Template "Main/Views/index.html.twig" is not defined (). (uncaught exception) at /var/www/php/Rhodium/vendor/twig/twig/lib/Twig/Loader/Chain.php line 116 {"exception":"[object] (Twig_Error_Loader: Template \"Main/Views/index.html.twig\" is not defined (). at /var/www/php/Rhodium/vendor/twig/twig/lib/Twig/Loader/Chain.php:116)"} []
[2013-09-05 22:46:09] kp_app.CRITICAL: Twig_Error_Loader: Template "Main/Views/index.html.twig" is not defined (). (uncaught exception) at /var/www/php/Rhodium/vendor/twig/twig/lib/Twig/Loader/Chain.php line 116 {"exception":"[object] (Twig_Error_Loader: Template \"Main/Views/index.html.twig\" is not defined (). at /var/www/php/Rhodium/vendor/twig/twig/lib/Twig/Loader/Chain.php:116)"} []
[2013-09-05 22:46:25] kp_app.CRITICAL: Twig_Error_Loader: Template "layout.html.twig" is not defined (). (uncaught exception) at /var/www/php/Rhodium/vendor/twig/twig/lib/Twig/Loader/Chain.php line 116 {"exception":"[object] (Twig_Error_Loader: Template \"layout.html.twig\" is not defined (). at /var/www/php/Rhodium/vendor/twig/twig/lib/Twig/Loader/Chain.php:116)"} []
[2013-09-05 22:46:41] kp_app.CRITICAL: Twig_Error_Loader: Template "layout.html.twig" is not defined (). (uncaught exception) at /var/www/php/Rhodium/vendor/twig/twig/lib/Twig/Loader/Chain.php line 116 {"exception":"[object] (Twig_Error_Loader: Template \"layout.html.twig\" is not defined (). at /var/www/php/Rhodium/vendor/twig/twig/lib/Twig/Loader/Chain.php:116)"} []
[2013-09-05 22:47:02] kp_app.CRITICAL: Twig_Error_Loader: Template "layout.html.twig" is not defined (). (uncaught exception) at /var/www/php/Rhodium/vendor/twig/twig/lib/Twig/Loader/Chain.php line 116 {"exception":"[object] (Twig_Error_Loader: Template \"layout.html.twig\" is not defined (). at /var/www/php/Rhodium/vendor/twig/twig/lib/Twig/Loader/Chain.php:116)"} []
[2013-09-05 22:47:03] kp_app.CRITICAL: Twig_Error_Loader: Template "layout.html.twig" is not defined (). (uncaught exception) at /var/www/php/Rhodium/vendor/twig/twig/lib/Twig/Loader/Chain.php line 116 {"exception":"[object] (Twig_Error_Loader: Template \"layout.html.twig\" is not defined (). at /var/www/php/Rhodium/vendor/twig/twig/lib/Twig/Loader/Chain.php:116)"} []
[2013-09-05 22:47:15] kp_app.CRITICAL: Twig_Error_Loader: Template "layout.html.twig" is not defined (). (uncaught exception) at /var/www/php/Rhodium/vendor/twig/twig/lib/Twig/Loader/Chain.php line 116 {"exception":"[object] (Twig_Error_Loader: Template \"layout.html.twig\" is not defined (). at /var/www/php/Rhodium/vendor/twig/twig/lib/Twig/Loader/Chain.php:116)"} []
[2013-09-05 22:47:56] kp_app.CRITICAL: Twig_Error_Loader: Template "layout.html.twig" is not defined (). (uncaught exception) at /var/www/php/Rhodium/vendor/twig/twig/lib/Twig/Loader/Chain.php line 116 {"exception":"[object] (Twig_Error_Loader: Template \"layout.html.twig\" is not defined (). at /var/www/php/Rhodium/vendor/twig/twig/lib/Twig/Loader/Chain.php:116)"} []
[2013-09-05 22:48:16] kp_app.CRITICAL: Twig_Error_Loader: Template "Main/Views/index.html.twig" is not defined (). (uncaught exception) at /var/www/php/Rhodium/vendor/twig/twig/lib/Twig/Loader/Chain.php line 116 {"exception":"[object] (Twig_Error_Loader: Template \"Main/Views/index.html.twig\" is not defined (). at /var/www/php/Rhodium/vendor/twig/twig/lib/Twig/Loader/Chain.php:116)"} []
[2013-09-05 22:48:45] kp_app.CRITICAL: Twig_Error_Loader: Template "Main/Views/index.html.twig" is not defined (). (uncaught exception) at /var/www/php/Rhodium/vendor/twig/twig/lib/Twig/Loader/Chain.php line 116 {"exception":"[object] (Twig_Error_Loader: Template \"Main/Views/index.html.twig\" is not defined (). at /var/www/php/Rhodium/vendor/twig/twig/lib/Twig/Loader/Chain.php:116)"} []
[2013-09-05 22:49:01] kp_app.CRITICAL: Twig_Error_Loader: The "/var/www/php/Rhodium/app/../src/{alloy}/Views" directory does not exist. (uncaught exception) at /var/www/php/Rhodium/vendor/twig/twig/lib/Twig/Loader/Filesystem.php line 93 {"exception":"[object] (Twig_Error_Loader: The \"/var/www/php/Rhodium/app/../src/{alloy}/Views\" directory does not exist. at /var/www/php/Rhodium/vendor/twig/twig/lib/Twig/Loader/Filesystem.php:93)"} []
[2013-09-05 22:49:07] kp_app.CRITICAL: Twig_Error_Loader: The "/var/www/php/Rhodium/app/../src/{$alloy}/Views" directory does not exist. (uncaught exception) at /var/www/php/Rhodium/vendor/twig/twig/lib/Twig/Loader/Filesystem.php line 93 {"exception":"[object] (Twig_Error_Loader: The \"/var/www/php/Rhodium/app/../src/{$alloy}/Views\" directory does not exist. at /var/www/php/Rhodium/vendor/twig/twig/lib/Twig/Loader/Filesystem.php:93)"} []
[2013-09-05 22:49:28] kp_app.CRITICAL: Twig_Error_Loader: The "/var/www/php/Rhodium/app/../src//Views" directory does not exist. (uncaught exception) at /var/www/php/Rhodium/vendor/twig/twig/lib/Twig/Loader/Filesystem.php line 93 {"exception":"[object] (Twig_Error_Loader: The \"/var/www/php/Rhodium/app/../src//Views\" directory does not exist. at /var/www/php/Rhodium/vendor/twig/twig/lib/Twig/Loader/Filesystem.php:93)"} []
[2013-09-05 22:49:42] kp_app.CRITICAL: Twig_Error_Loader: Template "layout.html.twig" is not defined (). (uncaught exception) at /var/www/php/Rhodium/vendor/twig/twig/lib/Twig/Loader/Chain.php line 116 {"exception":"[object] (Twig_Error_Loader: Template \"layout.html.twig\" is not defined (). at /var/www/php/Rhodium/vendor/twig/twig/lib/Twig/Loader/Chain.php:116)"} []
[2013-09-05 22:50:12] kp_app.CRITICAL: Twig_Error_Loader: Template "Main:Views:index.html.twig" is not defined (). (uncaught exception) at /var/www/php/Rhodium/vendor/twig/twig/lib/Twig/Loader/Chain.php line 116 {"exception":"[object] (Twig_Error_Loader: Template \"Main:Views:index.html.twig\" is not defined (). at /var/www/php/Rhodium/vendor/twig/twig/lib/Twig/Loader/Chain.php:116)"} []
[2013-09-05 22:50:13] kp_app.CRITICAL: Twig_Error_Loader: Template "Main:Views:index.html.twig" is not defined (). (uncaught exception) at /var/www/php/Rhodium/vendor/twig/twig/lib/Twig/Loader/Chain.php line 116 {"exception":"[object] (Twig_Error_Loader: Template \"Main:Views:index.html.twig\" is not defined (). at /var/www/php/Rhodium/vendor/twig/twig/lib/Twig/Loader/Chain.php:116)"} []
[2013-09-05 23:11:00] kp_app.CRITICAL: Twig_Error_Loader: Template "Main/Views:index.html.twig" is not defined (). (uncaught exception) at /var/www/php/Rhodium/vendor/twig/twig/lib/Twig/Loader/Chain.php line 116 {"exception":"[object] (Twig_Error_Loader: Template \"Main/Views:index.html.twig\" is not defined (). at /var/www/php/Rhodium/vendor/twig/twig/lib/Twig/Loader/Chain.php:116)"} []
[2013-09-05 23:11:14] kp_app.CRITICAL: Twig_Error_Loader: Template "Main:Views/index.html.twig" is not defined (). (uncaught exception) at /var/www/php/Rhodium/vendor/twig/twig/lib/Twig/Loader/Chain.php line 116 {"exception":"[object] (Twig_Error_Loader: Template \"Main:Views/index.html.twig\" is not defined (). at /var/www/php/Rhodium/vendor/twig/twig/lib/Twig/Loader/Chain.php:116)"} []
[2013-09-05 23:11:15] kp_app.CRITICAL: Twig_Error_Loader: Template "Main:Views/index.html.twig" is not defined (). (uncaught exception) at /var/www/php/Rhodium/vendor/twig/twig/lib/Twig/Loader/Chain.php line 116 {"exception":"[object] (Twig_Error_Loader: Template \"Main:Views/index.html.twig\" is not defined (). at /var/www/php/Rhodium/vendor/twig/twig/lib/Twig/Loader/Chain.php:116)"} []
[2013-09-05 23:11:18] kp_app.CRITICAL: Twig_Error_Loader: Template "layout.html.twig" is not defined (). (uncaught exception) at /var/www/php/Rhodium/vendor/twig/twig/lib/Twig/Loader/Chain.php line 116 {"exception":"[object] (Twig_Error_Loader: Template \"layout.html.twig\" is not defined (). at /var/www/php/Rhodium/vendor/twig/twig/lib/Twig/Loader/Chain.php:116)"} []
[2013-09-05 23:16:59] kp_app.CRITICAL: Twig_Error_Loader: Template "layout.html.twig" is not defined (). (uncaught exception) at /var/www/php/Rhodium/vendor/twig/twig/lib/Twig/Loader/Chain.php line 116 {"exception":"[object] (Twig_Error_Loader: Template \"layout.html.twig\" is not defined (). at /var/www/php/Rhodium/vendor/twig/twig/lib/Twig/Loader/Chain.php:116)"} []
[2013-09-05 23:16:59] kp_app.CRITICAL: Twig_Error_Loader: Template "layout.html.twig" is not defined (). (uncaught exception) at /var/www/php/Rhodium/vendor/twig/twig/lib/Twig/Loader/Chain.php line 116 {"exception":"[object] (Twig_Error_Loader: Template \"layout.html.twig\" is not defined (). at /var/www/php/Rhodium/vendor/twig/twig/lib/Twig/Loader/Chain.php:116)"} []
[2013-09-05 23:17:37] kp_app.CRITICAL: Twig_Error_Loader: Template "layout.html.twig" is not defined (). (uncaught exception) at /var/www/php/Rhodium/vendor/twig/twig/lib/Twig/Loader/Chain.php line 116 {"exception":"[object] (Twig_Error_Loader: Template \"layout.html.twig\" is not defined (). at /var/www/php/Rhodium/vendor/twig/twig/lib/Twig/Loader/Chain.php:116)"} []
[2013-09-05 23:17:38] kp_app.CRITICAL: Twig_Error_Loader: Template "layout.html.twig" is not defined (). (uncaught exception) at /var/www/php/Rhodium/vendor/twig/twig/lib/Twig/Loader/Chain.php line 116 {"exception":"[object] (Twig_Error_Loader: Template \"layout.html.twig\" is not defined (). at /var/www/php/Rhodium/vendor/twig/twig/lib/Twig/Loader/Chain.php:116)"} []
[2013-09-05 23:18:10] kp_app.CRITICAL: Twig_Error_Loader: Template "layout.html.twig" is not defined (). (uncaught exception) at /var/www/php/Rhodium/vendor/twig/twig/lib/Twig/Loader/Chain.php line 116 {"exception":"[object] (Twig_Error_Loader: Template \"layout.html.twig\" is not defined (). at /var/www/php/Rhodium/vendor/twig/twig/lib/Twig/Loader/Chain.php:116)"} []
[2013-09-05 23:18:57] kp_app.CRITICAL: Twig_Error_Loader: Template "layout.html.twig" is not defined (). (uncaught exception) at /var/www/php/Rhodium/vendor/twig/twig/lib/Twig/Loader/Chain.php line 116 {"exception":"[object] (Twig_Error_Loader: Template \"layout.html.twig\" is not defined (). at /var/www/php/Rhodium/vendor/twig/twig/lib/Twig/Loader/Chain.php:116)"} []
[2013-09-05 23:18:57] kp_app.CRITICAL: Twig_Error_Loader: Template "layout.html.twig" is not defined (). (uncaught exception) at /var/www/php/Rhodium/vendor/twig/twig/lib/Twig/Loader/Chain.php line 116 {"exception":"[object] (Twig_Error_Loader: Template \"layout.html.twig\" is not defined (). at /var/www/php/Rhodium/vendor/twig/twig/lib/Twig/Loader/Chain.php:116)"} []
[2013-09-05 23:19:58] kp_app.CRITICAL: Twig_Error_Loader: Template "layout.html.twig" is not defined (). (uncaught exception) at /var/www/php/Rhodium/vendor/twig/twig/lib/Twig/Loader/Chain.php line 116 {"exception":"[object] (Twig_Error_Loader: Template \"layout.html.twig\" is not defined (). at /var/www/php/Rhodium/vendor/twig/twig/lib/Twig/Loader/Chain.php:116)"} []
[2013-09-05 23:19:59] kp_app.CRITICAL: Twig_Error_Loader: Template "layout.html.twig" is not defined (). (uncaught exception) at /var/www/php/Rhodium/vendor/twig/twig/lib/Twig/Loader/Chain.php line 116 {"exception":"[object] (Twig_Error_Loader: Template \"layout.html.twig\" is not defined (). at /var/www/php/Rhodium/vendor/twig/twig/lib/Twig/Loader/Chain.php:116)"} []
[2013-09-05 23:20:01] kp_app.CRITICAL: Twig_Error_Loader: Template "layout.html.twig" is not defined (). (uncaught exception) at /var/www/php/Rhodium/vendor/twig/twig/lib/Twig/Loader/Chain.php line 116 {"exception":"[object] (Twig_Error_Loader: Template \"layout.html.twig\" is not defined (). at /var/www/php/Rhodium/vendor/twig/twig/lib/Twig/Loader/Chain.php:116)"} []
[2013-09-05 23:20:02] kp_app.CRITICAL: Twig_Error_Loader: Template "layout.html.twig" is not defined (). (uncaught exception) at /var/www/php/Rhodium/vendor/twig/twig/lib/Twig/Loader/Chain.php line 116 {"exception":"[object] (Twig_Error_Loader: Template \"layout.html.twig\" is not defined (). at /var/www/php/Rhodium/vendor/twig/twig/lib/Twig/Loader/Chain.php:116)"} []
[2013-09-05 23:22:24] kp_app.CRITICAL: Twig_Error_Loader: Template "layout.html.twig" is not defined (). (uncaught exception) at /var/www/php/Rhodium/vendor/twig/twig/lib/Twig/Loader/Chain.php line 116 {"exception":"[object] (Twig_Error_Loader: Template \"layout.html.twig\" is not defined (). at /var/www/php/Rhodium/vendor/twig/twig/lib/Twig/Loader/Chain.php:116)"} []
[2013-09-05 23:22:28] kp_app.CRITICAL: Twig_Error_Loader: Template "layout.html.twig" is not defined (). (uncaught exception) at /var/www/php/Rhodium/vendor/twig/twig/lib/Twig/Loader/Chain.php line 116 {"exception":"[object] (Twig_Error_Loader: Template \"layout.html.twig\" is not defined (). at /var/www/php/Rhodium/vendor/twig/twig/lib/Twig/Loader/Chain.php:116)"} []
[2013-09-06 01:16:53] kp_app.CRITICAL: Twig_Error_Syntax: Unexpected token "name" of value "t" ("end of print statement" expected) in "Bullion/Views/admin_home.html.twig" at line 11 (uncaught exception) at /var/www/php/Rhodium/vendor/twig/twig/lib/Twig/TokenStream.php line 76 {"exception":"[object] (Twig_Error_Syntax: Unexpected token \"name\" of value \"t\" (\"end of print statement\" expected) in \"Bullion/Views/admin_home.html.twig\" at line 11 at /var/www/php/Rhodium/vendor/twig/twig/lib/Twig/TokenStream.php:76)"} []
[2013-09-06 01:17:01] kp_app.CRITICAL: Twig_Error_Syntax: Unexpected token "name" of value "t" ("end of print statement" expected) in "Bullion/Views/admin_home.html.twig" at line 11 (uncaught exception) at /var/www/php/Rhodium/vendor/twig/twig/lib/Twig/TokenStream.php line 76 {"exception":"[object] (Twig_Error_Syntax: Unexpected token \"name\" of value \"t\" (\"end of print statement\" expected) in \"Bullion/Views/admin_home.html.twig\" at line 11 at /var/www/php/Rhodium/vendor/twig/twig/lib/Twig/TokenStream.php:76)"} []
[2013-09-06 01:17:02] kp_app.CRITICAL: Twig_Error_Syntax: Unexpected token "name" of value "t" ("end of print statement" expected) in "Bullion/Views/admin_home.html.twig" at line 11 (uncaught exception) at /var/www/php/Rhodium/vendor/twig/twig/lib/Twig/TokenStream.php line 76 {"exception":"[object] (Twig_Error_Syntax: Unexpected token \"name\" of value \"t\" (\"end of print statement\" expected) in \"Bullion/Views/admin_home.html.twig\" at line 11 at /var/www/php/Rhodium/vendor/twig/twig/lib/Twig/TokenStream.php:76)"} []
[2013-09-06 01:17:10] kp_app.CRITICAL: Twig_Error_Syntax: Unexpected token "name" of value "t" ("end of print statement" expected) in "Bullion/Views/admin_home.html.twig" at line 11 (uncaught exception) at /var/www/php/Rhodium/vendor/twig/twig/lib/Twig/TokenStream.php line 76 {"exception":"[object] (Twig_Error_Syntax: Unexpected token \"name\" of value \"t\" (\"end of print statement\" expected) in \"Bullion/Views/admin_home.html.twig\" at line 11 at /var/www/php/Rhodium/vendor/twig/twig/lib/Twig/TokenStream.php:76)"} []
[2013-09-06 16:08:34] kp_app.ERROR: Symfony\Component\HttpKernel\Exception\MethodNotAllowedHttpException: No route found for "GET /admin/products/add": Method Not Allowed (Allow: POST) (uncaught exception) at /var/www/php/Rhodium/vendor/symfony/http-kernel/Symfony/Component/HttpKernel/EventListener/RouterListener.php line 120 {"exception":"[object] (Symfony\\Component\\HttpKernel\\Exception\\MethodNotAllowedHttpException: No route found for \"GET /admin/products/add\": Method Not Allowed (Allow: POST) at /var/www/php/Rhodium/vendor/symfony/http-kernel/Symfony/Component/HttpKernel/EventListener/RouterListener.php:120, Symfony\\Component\\Routing\\Exception\\MethodNotAllowedException:  at /var/www/php/Rhodium/vendor/symfony/routing/Symfony/Component/Routing/Matcher/UrlMatcher.php:90)"} []
[2013-09-06 16:11:53] kp_app.ERROR: Symfony\Component\HttpKernel\Exception\NotFoundHttpException: No route found for "GET /admin/products/add_test" (uncaught exception) at /var/www/php/Rhodium/vendor/symfony/http-kernel/Symfony/Component/HttpKernel/EventListener/RouterListener.php line 116 {"exception":"[object] (Symfony\\Component\\HttpKernel\\Exception\\NotFoundHttpException: No route found for \"GET /admin/products/add_test\" at /var/www/php/Rhodium/vendor/symfony/http-kernel/Symfony/Component/HttpKernel/EventListener/RouterListener.php:116, Symfony\\Component\\Routing\\Exception\\ResourceNotFoundException:  at /var/www/php/Rhodium/vendor/symfony/routing/Symfony/Component/Routing/Matcher/UrlMatcher.php:91)"} []
[2013-09-06 16:16:17] kp_app.CRITICAL: Doctrine\DBAL\DBALException: An exception occurred while executing 'INSERT INTO product (name, type, tags, price, startDate, endDate, vars, country, weight, dimensions) VALUES (?, ?, ?, ?, ?, ?, ?, ?, ?, ?)' with params ["Test product", "Digital download", ["digital","download","test","product"], 5.99, null, null, ["pdf","docx"], "United Kingdom", null, null]:

SQLSTATE[42S02]: Base table or view not found: 1146 Table 'Rhodium.product' doesn't exist (uncaught exception) at /var/www/php/Rhodium/vendor/doctrine/dbal/lib/Doctrine/DBAL/DBALException.php line 47 {"exception":"[object] (Doctrine\\DBAL\\DBALException: An exception occurred while executing 'INSERT INTO product (name, type, tags, price, startDate, endDate, vars, country, weight, dimensions) VALUES (?, ?, ?, ?, ?, ?, ?, ?, ?, ?)' with params [\"Test product\", \"Digital download\", [\"digital\",\"download\",\"test\",\"product\"], 5.99, null, null, [\"pdf\",\"docx\"], \"United Kingdom\", null, null]:\n\nSQLSTATE[42S02]: Base table or view not found: 1146 Table 'Rhodium.product' doesn't exist at /var/www/php/Rhodium/vendor/doctrine/dbal/lib/Doctrine/DBAL/DBALException.php:47, PDOException: SQLSTATE[42S02]: Base table or view not found: 1146 Table 'Rhodium.product' doesn't exist at /var/www/php/Rhodium/vendor/doctrine/dbal/lib/Doctrine/DBAL/Connection.php:786)"} []
[2013-09-06 16:16:57] kp_app.CRITICAL: Doctrine\DBAL\DBALException: An exception occurred while executing 'INSERT INTO product (name, type, tags, price, startDate, endDate, vars, country, weight, dimensions) VALUES (?, ?, ?, ?, ?, ?, ?, ?, ?, ?)' with params ["Test product", "Digital download", ["digital","download","test","product"], 5.99, null, null, ["pdf","docx"], "United Kingdom", null, null]:

SQLSTATE[42S02]: Base table or view not found: 1146 Table 'Rhodium.product' doesn't exist (uncaught exception) at /var/www/php/Rhodium/vendor/doctrine/dbal/lib/Doctrine/DBAL/DBALException.php line 47 {"exception":"[object] (Doctrine\\DBAL\\DBALException: An exception occurred while executing 'INSERT INTO product (name, type, tags, price, startDate, endDate, vars, country, weight, dimensions) VALUES (?, ?, ?, ?, ?, ?, ?, ?, ?, ?)' with params [\"Test product\", \"Digital download\", [\"digital\",\"download\",\"test\",\"product\"], 5.99, null, null, [\"pdf\",\"docx\"], \"United Kingdom\", null, null]:\n\nSQLSTATE[42S02]: Base table or view not found: 1146 Table 'Rhodium.product' doesn't exist at /var/www/php/Rhodium/vendor/doctrine/dbal/lib/Doctrine/DBAL/DBALException.php:47, PDOException: SQLSTATE[42S02]: Base table or view not found: 1146 Table 'Rhodium.product' doesn't exist at /var/www/php/Rhodium/vendor/doctrine/dbal/lib/Doctrine/DBAL/Connection.php:786)"} []
[2013-09-06 16:21:15] kp_app.CRITICAL: Doctrine\DBAL\DBALException: An exception occurred while executing 'INSERT INTO product (name, type, tags, price, startDate, endDate, vars, country, weight, dimensions) VALUES (?, ?, ?, ?, ?, ?, ?, ?, ?, ?)' with params ["Test product", "Digital download", "digital:download:test:product", 5.99, null, null, "pdf:docx", "United Kingdom", null, null]:

SQLSTATE[42S02]: Base table or view not found: 1146 Table 'Rhodium.product' doesn't exist (uncaught exception) at /var/www/php/Rhodium/vendor/doctrine/dbal/lib/Doctrine/DBAL/DBALException.php line 47 {"exception":"[object] (Doctrine\\DBAL\\DBALException: An exception occurred while executing 'INSERT INTO product (name, type, tags, price, startDate, endDate, vars, country, weight, dimensions) VALUES (?, ?, ?, ?, ?, ?, ?, ?, ?, ?)' with params [\"Test product\", \"Digital download\", \"digital:download:test:product\", 5.99, null, null, \"pdf:docx\", \"United Kingdom\", null, null]:\n\nSQLSTATE[42S02]: Base table or view not found: 1146 Table 'Rhodium.product' doesn't exist at /var/www/php/Rhodium/vendor/doctrine/dbal/lib/Doctrine/DBAL/DBALException.php:47, PDOException: SQLSTATE[42S02]: Base table or view not found: 1146 Table 'Rhodium.product' doesn't exist at /var/www/php/Rhodium/vendor/doctrine/dbal/lib/Doctrine/DBAL/Connection.php:786)"} []
[2013-09-06 16:28:24] kp_app.CRITICAL: Doctrine\DBAL\DBALException: An exception occurred while executing 'INSERT INTO product (name, type, tags, price, startDate, endDate, vars, country, weight, dimensions) VALUES (?, ?, ?, ?, ?, ?, ?, ?, ?, ?)' with params ["Test product", "Digital download", "digital:download:test:product", 5.99, null, null, "pdf:docx", "United Kingdom", null, null]:

SQLSTATE[42S02]: Base table or view not found: 1146 Table 'Rhodium.product' doesn't exist (uncaught exception) at /var/www/php/Rhodium/vendor/doctrine/dbal/lib/Doctrine/DBAL/DBALException.php line 47 {"exception":"[object] (Doctrine\\DBAL\\DBALException: An exception occurred while executing 'INSERT INTO product (name, type, tags, price, startDate, endDate, vars, country, weight, dimensions) VALUES (?, ?, ?, ?, ?, ?, ?, ?, ?, ?)' with params [\"Test product\", \"Digital download\", \"digital:download:test:product\", 5.99, null, null, \"pdf:docx\", \"United Kingdom\", null, null]:\n\nSQLSTATE[42S02]: Base table or view not found: 1146 Table 'Rhodium.product' doesn't exist at /var/www/php/Rhodium/vendor/doctrine/dbal/lib/Doctrine/DBAL/DBALException.php:47, PDOException: SQLSTATE[42S02]: Base table or view not found: 1146 Table 'Rhodium.product' doesn't exist at /var/www/php/Rhodium/vendor/doctrine/dbal/lib/Doctrine/DBAL/Connection.php:786)"} []
[2013-09-06 16:28:25] kp_app.CRITICAL: Doctrine\DBAL\DBALException: An exception occurred while executing 'INSERT INTO product (name, type, tags, price, startDate, endDate, vars, country, weight, dimensions) VALUES (?, ?, ?, ?, ?, ?, ?, ?, ?, ?)' with params ["Test product", "Digital download", "digital:download:test:product", 5.99, null, null, "pdf:docx", "United Kingdom", null, null]:

SQLSTATE[42S02]: Base table or view not found: 1146 Table 'Rhodium.product' doesn't exist (uncaught exception) at /var/www/php/Rhodium/vendor/doctrine/dbal/lib/Doctrine/DBAL/DBALException.php line 47 {"exception":"[object] (Doctrine\\DBAL\\DBALException: An exception occurred while executing 'INSERT INTO product (name, type, tags, price, startDate, endDate, vars, country, weight, dimensions) VALUES (?, ?, ?, ?, ?, ?, ?, ?, ?, ?)' with params [\"Test product\", \"Digital download\", \"digital:download:test:product\", 5.99, null, null, \"pdf:docx\", \"United Kingdom\", null, null]:\n\nSQLSTATE[42S02]: Base table or view not found: 1146 Table 'Rhodium.product' doesn't exist at /var/www/php/Rhodium/vendor/doctrine/dbal/lib/Doctrine/DBAL/DBALException.php:47, PDOException: SQLSTATE[42S02]: Base table or view not found: 1146 Table 'Rhodium.product' doesn't exist at /var/www/php/Rhodium/vendor/doctrine/dbal/lib/Doctrine/DBAL/Connection.php:786)"} []
[2013-09-06 16:28:42] kp_app.CRITICAL: Doctrine\DBAL\DBALException: An exception occurred while executing 'INSERT INTO product (name, type, tags, price, startDate, endDate, vars, country, weight, dimensions) VALUES (?, ?, ?, ?, ?, ?, ?, ?, ?, ?)' with params ["Test product", "Digital download", "digital:download:test:product", 5.99, null, null, "pdf:docx", "United Kingdom", null, null]:

SQLSTATE[42S02]: Base table or view not found: 1146 Table 'Rhodium.product' doesn't exist (uncaught exception) at /var/www/php/Rhodium/vendor/doctrine/dbal/lib/Doctrine/DBAL/DBALException.php line 47 {"exception":"[object] (Doctrine\\DBAL\\DBALException: An exception occurred while executing 'INSERT INTO product (name, type, tags, price, startDate, endDate, vars, country, weight, dimensions) VALUES (?, ?, ?, ?, ?, ?, ?, ?, ?, ?)' with params [\"Test product\", \"Digital download\", \"digital:download:test:product\", 5.99, null, null, \"pdf:docx\", \"United Kingdom\", null, null]:\n\nSQLSTATE[42S02]: Base table or view not found: 1146 Table 'Rhodium.product' doesn't exist at /var/www/php/Rhodium/vendor/doctrine/dbal/lib/Doctrine/DBAL/DBALException.php:47, PDOException: SQLSTATE[42S02]: Base table or view not found: 1146 Table 'Rhodium.product' doesn't exist at /var/www/php/Rhodium/vendor/doctrine/dbal/lib/Doctrine/DBAL/Connection.php:786)"} []
[2013-09-06 16:29:06] kp_app.CRITICAL: Doctrine\DBAL\DBALException: An exception occurred while executing 'INSERT INTO product (name, type, tags, price, startDate, endDate, vars, country, weight, dimensions) VALUES (?, ?, ?, ?, ?, ?, ?, ?, ?, ?)' with params ["Test product", "Digital download", "digital:download:test:product", 5.99, null, null, "pdf:docx", "United Kingdom", null, null]:

SQLSTATE[42S02]: Base table or view not found: 1146 Table 'Rhodium.product' doesn't exist (uncaught exception) at /var/www/php/Rhodium/vendor/doctrine/dbal/lib/Doctrine/DBAL/DBALException.php line 47 {"exception":"[object] (Doctrine\\DBAL\\DBALException: An exception occurred while executing 'INSERT INTO product (name, type, tags, price, startDate, endDate, vars, country, weight, dimensions) VALUES (?, ?, ?, ?, ?, ?, ?, ?, ?, ?)' with params [\"Test product\", \"Digital download\", \"digital:download:test:product\", 5.99, null, null, \"pdf:docx\", \"United Kingdom\", null, null]:\n\nSQLSTATE[42S02]: Base table or view not found: 1146 Table 'Rhodium.product' doesn't exist at /var/www/php/Rhodium/vendor/doctrine/dbal/lib/Doctrine/DBAL/DBALException.php:47, PDOException: SQLSTATE[42S02]: Base table or view not found: 1146 Table 'Rhodium.product' doesn't exist at /var/www/php/Rhodium/vendor/doctrine/dbal/lib/Doctrine/DBAL/Connection.php:786)"} []
[2013-09-06 16:29:37] kp_app.CRITICAL: UnexpectedValueException: The Response content must be a string or object implementing __toString(), "boolean" given. (uncaught exception) at /var/www/php/Rhodium/vendor/symfony/http-foundation/Symfony/Component/HttpFoundation/Response.php line 358 {"exception":"[object] (UnexpectedValueException: The Response content must be a string or object implementing __toString(), \"boolean\" given. at /var/www/php/Rhodium/vendor/symfony/http-foundation/Symfony/Component/HttpFoundation/Response.php:358)"} []
[2013-09-06 16:30:19] kp_app.CRITICAL: UnexpectedValueException: The Response content must be a string or object implementing __toString(), "boolean" given. (uncaught exception) at /var/www/php/Rhodium/vendor/symfony/http-foundation/Symfony/Component/HttpFoundation/Response.php line 358 {"exception":"[object] (UnexpectedValueException: The Response content must be a string or object implementing __toString(), \"boolean\" given. at /var/www/php/Rhodium/vendor/symfony/http-foundation/Symfony/Component/HttpFoundation/Response.php:358)"} []
[2013-09-06 16:30:21] kp_app.CRITICAL: UnexpectedValueException: The Response content must be a string or object implementing __toString(), "boolean" given. (uncaught exception) at /var/www/php/Rhodium/vendor/symfony/http-foundation/Symfony/Component/HttpFoundation/Response.php line 358 {"exception":"[object] (UnexpectedValueException: The Response content must be a string or object implementing __toString(), \"boolean\" given. at /var/www/php/Rhodium/vendor/symfony/http-foundation/Symfony/Component/HttpFoundation/Response.php:358)"} []
[2013-09-06 16:30:38] kp_app.CRITICAL: UnexpectedValueException: The Response content must be a string or object implementing __toString(), "boolean" given. (uncaught exception) at /var/www/php/Rhodium/vendor/symfony/http-foundation/Symfony/Component/HttpFoundation/Response.php line 358 {"exception":"[object] (UnexpectedValueException: The Response content must be a string or object implementing __toString(), \"boolean\" given. at /var/www/php/Rhodium/vendor/symfony/http-foundation/Symfony/Component/HttpFoundation/Response.php:358)"} []
[2013-09-06 16:32:38] kp_app.CRITICAL: UnexpectedValueException: The Response content must be a string or object implementing __toString(), "boolean" given. (uncaught exception) at /var/www/php/Rhodium/vendor/symfony/http-foundation/Symfony/Component/HttpFoundation/Response.php line 358 {"exception":"[object] (UnexpectedValueException: The Response content must be a string or object implementing __toString(), \"boolean\" given. at /var/www/php/Rhodium/vendor/symfony/http-foundation/Symfony/Component/HttpFoundation/Response.php:358)"} []
[2013-09-06 16:33:44] kp_app.CRITICAL: UnexpectedValueException: The Response content must be a string or object implementing __toString(), "boolean" given. (uncaught exception) at /var/www/php/Rhodium/vendor/symfony/http-foundation/Symfony/Component/HttpFoundation/Response.php line 358 {"exception":"[object] (UnexpectedValueException: The Response content must be a string or object implementing __toString(), \"boolean\" given. at /var/www/php/Rhodium/vendor/symfony/http-foundation/Symfony/Component/HttpFoundation/Response.php:358)"} []
[2013-09-06 16:42:45] kp_app.CRITICAL: UnexpectedValueException: The Response content must be a string or object implementing __toString(), "boolean" given. (uncaught exception) at /var/www/php/Rhodium/vendor/symfony/http-foundation/Symfony/Component/HttpFoundation/Response.php line 358 {"exception":"[object] (UnexpectedValueException: The Response content must be a string or object implementing __toString(), \"boolean\" given. at /var/www/php/Rhodium/vendor/symfony/http-foundation/Symfony/Component/HttpFoundation/Response.php:358)"} []
[2013-09-06 16:43:04] kp_app.CRITICAL: Doctrine\DBAL\DBALException: An exception occurred while executing 'SELECT * FROM ? WHERE ? = ? ' with params ["products", "id", "1"]:

SQLSTATE[42000]: Syntax error or access violation: 1064 You have an error in your SQL syntax; check the manual that corresponds to your MySQL server version for the right syntax to use near ''products' WHERE 'id' = '1'' at line 1 (uncaught exception) at /var/www/php/Rhodium/vendor/doctrine/dbal/lib/Doctrine/DBAL/DBALException.php line 47 {"exception":"[object] (Doctrine\\DBAL\\DBALException: An exception occurred while executing 'SELECT * FROM ? WHERE ? = ? ' with params [\"products\", \"id\", \"1\"]:\n\nSQLSTATE[42000]: Syntax error or access violation: 1064 You have an error in your SQL syntax; check the manual that corresponds to your MySQL server version for the right syntax to use near ''products' WHERE 'id' = '1'' at line 1 at /var/www/php/Rhodium/vendor/doctrine/dbal/lib/Doctrine/DBAL/DBALException.php:47, PDOException: SQLSTATE[42000]: Syntax error or access violation: 1064 You have an error in your SQL syntax; check the manual that corresponds to your MySQL server version for the right syntax to use near ''products' WHERE 'id' = '1'' at line 1 at /var/www/php/Rhodium/vendor/doctrine/dbal/lib/Doctrine/DBAL/Connection.php:643)"} []
[2013-09-06 16:43:21] kp_app.CRITICAL: Doctrine\DBAL\DBALException: An exception occurred while executing 'SELECT * FROM ? WHERE ? = ? ' with params ["products", "id", "1"]:

SQLSTATE[42000]: Syntax error or access violation: 1064 You have an error in your SQL syntax; check the manual that corresponds to your MySQL server version for the right syntax to use near ''products' WHERE 'id' = '1'' at line 1 (uncaught exception) at /var/www/php/Rhodium/vendor/doctrine/dbal/lib/Doctrine/DBAL/DBALException.php line 47 {"exception":"[object] (Doctrine\\DBAL\\DBALException: An exception occurred while executing 'SELECT * FROM ? WHERE ? = ? ' with params [\"products\", \"id\", \"1\"]:\n\nSQLSTATE[42000]: Syntax error or access violation: 1064 You have an error in your SQL syntax; check the manual that corresponds to your MySQL server version for the right syntax to use near ''products' WHERE 'id' = '1'' at line 1 at /var/www/php/Rhodium/vendor/doctrine/dbal/lib/Doctrine/DBAL/DBALException.php:47, PDOException: SQLSTATE[42000]: Syntax error or access violation: 1064 You have an error in your SQL syntax; check the manual that corresponds to your MySQL server version for the right syntax to use near ''products' WHERE 'id' = '1'' at line 1 at /var/www/php/Rhodium/vendor/doctrine/dbal/lib/Doctrine/DBAL/Connection.php:643)"} []
[2013-09-06 16:43:23] kp_app.CRITICAL: Doctrine\DBAL\DBALException: An exception occurred while executing 'SELECT * FROM ? WHERE ? = ? ' with params ["products", "id", "1"]:

SQLSTATE[42000]: Syntax error or access violation: 1064 You have an error in your SQL syntax; check the manual that corresponds to your MySQL server version for the right syntax to use near ''products' WHERE 'id' = '1'' at line 1 (uncaught exception) at /var/www/php/Rhodium/vendor/doctrine/dbal/lib/Doctrine/DBAL/DBALException.php line 47 {"exception":"[object] (Doctrine\\DBAL\\DBALException: An exception occurred while executing 'SELECT * FROM ? WHERE ? = ? ' with params [\"products\", \"id\", \"1\"]:\n\nSQLSTATE[42000]: Syntax error or access violation: 1064 You have an error in your SQL syntax; check the manual that corresponds to your MySQL server version for the right syntax to use near ''products' WHERE 'id' = '1'' at line 1 at /var/www/php/Rhodium/vendor/doctrine/dbal/lib/Doctrine/DBAL/DBALException.php:47, PDOException: SQLSTATE[42000]: Syntax error or access violation: 1064 You have an error in your SQL syntax; check the manual that corresponds to your MySQL server version for the right syntax to use near ''products' WHERE 'id' = '1'' at line 1 at /var/www/php/Rhodium/vendor/doctrine/dbal/lib/Doctrine/DBAL/Connection.php:643)"} []
[2013-09-06 16:43:46] kp_app.CRITICAL: UnexpectedValueException: The Response content must be a string or object implementing __toString(), "boolean" given. (uncaught exception) at /var/www/php/Rhodium/vendor/symfony/http-foundation/Symfony/Component/HttpFoundation/Response.php line 358 {"exception":"[object] (UnexpectedValueException: The Response content must be a string or object implementing __toString(), \"boolean\" given. at /var/www/php/Rhodium/vendor/symfony/http-foundation/Symfony/Component/HttpFoundation/Response.php:358)"} []
[2013-09-06 16:43:47] kp_app.CRITICAL: UnexpectedValueException: The Response content must be a string or object implementing __toString(), "boolean" given. (uncaught exception) at /var/www/php/Rhodium/vendor/symfony/http-foundation/Symfony/Component/HttpFoundation/Response.php line 358 {"exception":"[object] (UnexpectedValueException: The Response content must be a string or object implementing __toString(), \"boolean\" given. at /var/www/php/Rhodium/vendor/symfony/http-foundation/Symfony/Component/HttpFoundation/Response.php:358)"} []
[2013-09-06 16:45:08] kp_app.CRITICAL: UnexpectedValueException: The Response content must be a string or object implementing __toString(), "array" given. (uncaught exception) at /var/www/php/Rhodium/vendor/symfony/http-foundation/Symfony/Component/HttpFoundation/Response.php line 358 {"exception":"[object] (UnexpectedValueException: The Response content must be a string or object implementing __toString(), \"array\" given. at /var/www/php/Rhodium/vendor/symfony/http-foundation/Symfony/Component/HttpFoundation/Response.php:358)"} []
[2013-09-06 18:35:14] kp_app.CRITICAL: Doctrine\DBAL\DBALException: An exception occurred while executing 'SELECT * FROM products WHERE * = ? ' with params [null]:

SQLSTATE[42000]: Syntax error or access violation: 1064 You have an error in your SQL syntax; check the manual that corresponds to your MySQL server version for the right syntax to use near '* = NULL' at line 1 (uncaught exception) at /var/www/php/Rhodium/vendor/doctrine/dbal/lib/Doctrine/DBAL/DBALException.php line 47 {"exception":"[object] (Doctrine\\DBAL\\DBALException: An exception occurred while executing 'SELECT * FROM products WHERE * = ? ' with params [null]:\n\nSQLSTATE[42000]: Syntax error or access violation: 1064 You have an error in your SQL syntax; check the manual that corresponds to your MySQL server version for the right syntax to use near '* = NULL' at line 1 at /var/www/php/Rhodium/vendor/doctrine/dbal/lib/Doctrine/DBAL/DBALException.php:47, PDOException: SQLSTATE[42000]: Syntax error or access violation: 1064 You have an error in your SQL syntax; check the manual that corresponds to your MySQL server version for the right syntax to use near '* = NULL' at line 1 at /var/www/php/Rhodium/vendor/doctrine/dbal/lib/Doctrine/DBAL/Connection.php:643)"} []
[2013-09-06 18:35:22] kp_app.CRITICAL: Doctrine\DBAL\DBALException: An exception occurred while executing 'SELECT * FROM products WHERE * = ? ' with params [null]:

SQLSTATE[42000]: Syntax error or access violation: 1064 You have an error in your SQL syntax; check the manual that corresponds to your MySQL server version for the right syntax to use near '* = NULL' at line 1 (uncaught exception) at /var/www/php/Rhodium/vendor/doctrine/dbal/lib/Doctrine/DBAL/DBALException.php line 47 {"exception":"[object] (Doctrine\\DBAL\\DBALException: An exception occurred while executing 'SELECT * FROM products WHERE * = ? ' with params [null]:\n\nSQLSTATE[42000]: Syntax error or access violation: 1064 You have an error in your SQL syntax; check the manual that corresponds to your MySQL server version for the right syntax to use near '* = NULL' at line 1 at /var/www/php/Rhodium/vendor/doctrine/dbal/lib/Doctrine/DBAL/DBALException.php:47, PDOException: SQLSTATE[42000]: Syntax error or access violation: 1064 You have an error in your SQL syntax; check the manual that corresponds to your MySQL server version for the right syntax to use near '* = NULL' at line 1 at /var/www/php/Rhodium/vendor/doctrine/dbal/lib/Doctrine/DBAL/Connection.php:643)"} []
[2013-09-06 18:35:26] kp_app.CRITICAL: Doctrine\DBAL\DBALException: An exception occurred while executing 'SELECT * FROM products WHERE * = ? ' with params [null]:

SQLSTATE[42000]: Syntax error or access violation: 1064 You have an error in your SQL syntax; check the manual that corresponds to your MySQL server version for the right syntax to use near '* = NULL' at line 1 (uncaught exception) at /var/www/php/Rhodium/vendor/doctrine/dbal/lib/Doctrine/DBAL/DBALException.php line 47 {"exception":"[object] (Doctrine\\DBAL\\DBALException: An exception occurred while executing 'SELECT * FROM products WHERE * = ? ' with params [null]:\n\nSQLSTATE[42000]: Syntax error or access violation: 1064 You have an error in your SQL syntax; check the manual that corresponds to your MySQL server version for the right syntax to use near '* = NULL' at line 1 at /var/www/php/Rhodium/vendor/doctrine/dbal/lib/Doctrine/DBAL/DBALException.php:47, PDOException: SQLSTATE[42000]: Syntax error or access violation: 1064 You have an error in your SQL syntax; check the manual that corresponds to your MySQL server version for the right syntax to use near '* = NULL' at line 1 at /var/www/php/Rhodium/vendor/doctrine/dbal/lib/Doctrine/DBAL/Connection.php:643)"} []
[2013-09-06 18:36:10] kp_app.CRITICAL: Doctrine\DBAL\DBALException: An exception occurred while executing 'SELECT * FROM products WHERE * = ? ' with params [null]:

SQLSTATE[42000]: Syntax error or access violation: 1064 You have an error in your SQL syntax; check the manual that corresponds to your MySQL server version for the right syntax to use near '* = NULL' at line 1 (uncaught exception) at /var/www/php/Rhodium/vendor/doctrine/dbal/lib/Doctrine/DBAL/DBALException.php line 47 {"exception":"[object] (Doctrine\\DBAL\\DBALException: An exception occurred while executing 'SELECT * FROM products WHERE * = ? ' with params [null]:\n\nSQLSTATE[42000]: Syntax error or access violation: 1064 You have an error in your SQL syntax; check the manual that corresponds to your MySQL server version for the right syntax to use near '* = NULL' at line 1 at /var/www/php/Rhodium/vendor/doctrine/dbal/lib/Doctrine/DBAL/DBALException.php:47, PDOException: SQLSTATE[42000]: Syntax error or access violation: 1064 You have an error in your SQL syntax; check the manual that corresponds to your MySQL server version for the right syntax to use near '* = NULL' at line 1 at /var/www/php/Rhodium/vendor/doctrine/dbal/lib/Doctrine/DBAL/Connection.php:643)"} []
[2013-09-06 18:36:11] kp_app.CRITICAL: Doctrine\DBAL\DBALException: An exception occurred while executing 'SELECT * FROM products WHERE * = ? ' with params [null]:

SQLSTATE[42000]: Syntax error or access violation: 1064 You have an error in your SQL syntax; check the manual that corresponds to your MySQL server version for the right syntax to use near '* = NULL' at line 1 (uncaught exception) at /var/www/php/Rhodium/vendor/doctrine/dbal/lib/Doctrine/DBAL/DBALException.php line 47 {"exception":"[object] (Doctrine\\DBAL\\DBALException: An exception occurred while executing 'SELECT * FROM products WHERE * = ? ' with params [null]:\n\nSQLSTATE[42000]: Syntax error or access violation: 1064 You have an error in your SQL syntax; check the manual that corresponds to your MySQL server version for the right syntax to use near '* = NULL' at line 1 at /var/www/php/Rhodium/vendor/doctrine/dbal/lib/Doctrine/DBAL/DBALException.php:47, PDOException: SQLSTATE[42000]: Syntax error or access violation: 1064 You have an error in your SQL syntax; check the manual that corresponds to your MySQL server version for the right syntax to use near '* = NULL' at line 1 at /var/www/php/Rhodium/vendor/doctrine/dbal/lib/Doctrine/DBAL/Connection.php:643)"} []
[2013-09-06 18:36:24] kp_app.CRITICAL: Doctrine\DBAL\DBALException: An exception occurred while executing 'SELECT * FROM products WHERE * = ? ' with params [""]:

SQLSTATE[42000]: Syntax error or access violation: 1064 You have an error in your SQL syntax; check the manual that corresponds to your MySQL server version for the right syntax to use near '* = ''' at line 1 (uncaught exception) at /var/www/php/Rhodium/vendor/doctrine/dbal/lib/Doctrine/DBAL/DBALException.php line 47 {"exception":"[object] (Doctrine\\DBAL\\DBALException: An exception occurred while executing 'SELECT * FROM products WHERE * = ? ' with params [\"\"]:\n\nSQLSTATE[42000]: Syntax error or access violation: 1064 You have an error in your SQL syntax; check the manual that corresponds to your MySQL server version for the right syntax to use near '* = ''' at line 1 at /var/www/php/Rhodium/vendor/doctrine/dbal/lib/Doctrine/DBAL/DBALException.php:47, PDOException: SQLSTATE[42000]: Syntax error or access violation: 1064 You have an error in your SQL syntax; check the manual that corresponds to your MySQL server version for the right syntax to use near '* = ''' at line 1 at /var/www/php/Rhodium/vendor/doctrine/dbal/lib/Doctrine/DBAL/Connection.php:643)"} []
[2013-09-06 18:36:28] kp_app.CRITICAL: Doctrine\DBAL\DBALException: An exception occurred while executing 'SELECT * FROM products WHERE * = ? ' with params [null]:

SQLSTATE[42000]: Syntax error or access violation: 1064 You have an error in your SQL syntax; check the manual that corresponds to your MySQL server version for the right syntax to use near '* = NULL' at line 1 (uncaught exception) at /var/www/php/Rhodium/vendor/doctrine/dbal/lib/Doctrine/DBAL/DBALException.php line 47 {"exception":"[object] (Doctrine\\DBAL\\DBALException: An exception occurred while executing 'SELECT * FROM products WHERE * = ? ' with params [null]:\n\nSQLSTATE[42000]: Syntax error or access violation: 1064 You have an error in your SQL syntax; check the manual that corresponds to your MySQL server version for the right syntax to use near '* = NULL' at line 1 at /var/www/php/Rhodium/vendor/doctrine/dbal/lib/Doctrine/DBAL/DBALException.php:47, PDOException: SQLSTATE[42000]: Syntax error or access violation: 1064 You have an error in your SQL syntax; check the manual that corresponds to your MySQL server version for the right syntax to use near '* = NULL' at line 1 at /var/www/php/Rhodium/vendor/doctrine/dbal/lib/Doctrine/DBAL/Connection.php:643)"} []
[2013-09-06 18:41:45] kp_app.CRITICAL: Doctrine\DBAL\DBALException: An exception occurred while executing 'SELECT * FROM products WHERE * = ? ' with params [null]:

SQLSTATE[42000]: Syntax error or access violation: 1064 You have an error in your SQL syntax; check the manual that corresponds to your MySQL server version for the right syntax to use near '* = NULL' at line 1 (uncaught exception) at /var/www/php/Rhodium/vendor/doctrine/dbal/lib/Doctrine/DBAL/DBALException.php line 47 {"exception":"[object] (Doctrine\\DBAL\\DBALException: An exception occurred while executing 'SELECT * FROM products WHERE * = ? ' with params [null]:\n\nSQLSTATE[42000]: Syntax error or access violation: 1064 You have an error in your SQL syntax; check the manual that corresponds to your MySQL server version for the right syntax to use near '* = NULL' at line 1 at /var/www/php/Rhodium/vendor/doctrine/dbal/lib/Doctrine/DBAL/DBALException.php:47, PDOException: SQLSTATE[42000]: Syntax error or access violation: 1064 You have an error in your SQL syntax; check the manual that corresponds to your MySQL server version for the right syntax to use near '* = NULL' at line 1 at /var/www/php/Rhodium/vendor/doctrine/dbal/lib/Doctrine/DBAL/Connection.php:643)"} []
[2013-09-06 18:41:46] kp_app.CRITICAL: Doctrine\DBAL\DBALException: An exception occurred while executing 'SELECT * FROM products WHERE * = ? ' with params [null]:

SQLSTATE[42000]: Syntax error or access violation: 1064 You have an error in your SQL syntax; check the manual that corresponds to your MySQL server version for the right syntax to use near '* = NULL' at line 1 (uncaught exception) at /var/www/php/Rhodium/vendor/doctrine/dbal/lib/Doctrine/DBAL/DBALException.php line 47 {"exception":"[object] (Doctrine\\DBAL\\DBALException: An exception occurred while executing 'SELECT * FROM products WHERE * = ? ' with params [null]:\n\nSQLSTATE[42000]: Syntax error or access violation: 1064 You have an error in your SQL syntax; check the manual that corresponds to your MySQL server version for the right syntax to use near '* = NULL' at line 1 at /var/www/php/Rhodium/vendor/doctrine/dbal/lib/Doctrine/DBAL/DBALException.php:47, PDOException: SQLSTATE[42000]: Syntax error or access violation: 1064 You have an error in your SQL syntax; check the manual that corresponds to your MySQL server version for the right syntax to use near '* = NULL' at line 1 at /var/www/php/Rhodium/vendor/doctrine/dbal/lib/Doctrine/DBAL/Connection.php:643)"} []
[2013-09-06 18:55:12] kp_app.CRITICAL: Doctrine\DBAL\DBALException: An exception occurred while executing '':

SQLSTATE[42000]: Syntax error or access violation: 1065 Query was empty (uncaught exception) at /var/www/php/Rhodium/vendor/doctrine/dbal/lib/Doctrine/DBAL/DBALException.php line 47 {"exception":"[object] (Doctrine\\DBAL\\DBALException: An exception occurred while executing '':\n\nSQLSTATE[42000]: Syntax error or access violation: 1065 Query was empty at /var/www/php/Rhodium/vendor/doctrine/dbal/lib/Doctrine/DBAL/DBALException.php:47, PDOException: SQLSTATE[42000]: Syntax error or access violation: 1065 Query was empty at /var/www/php/Rhodium/vendor/doctrine/dbal/lib/Doctrine/DBAL/Connection.php:646)"} []
[2013-09-06 19:45:29] kp_app.CRITICAL: Twig_Error_Loader: Template "Master/Views/layout.html.twig" is not defined (). (uncaught exception) at /var/www/php/Rhodium/vendor/twig/twig/lib/Twig/Loader/Chain.php line 116 {"exception":"[object] (Twig_Error_Loader: Template \"Master/Views/layout.html.twig\" is not defined (). at /var/www/php/Rhodium/vendor/twig/twig/lib/Twig/Loader/Chain.php:116)"} []
[2013-09-06 19:45:30] kp_app.CRITICAL: Twig_Error_Loader: Template "Master/Views/layout.html.twig" is not defined (). (uncaught exception) at /var/www/php/Rhodium/vendor/twig/twig/lib/Twig/Loader/Chain.php line 116 {"exception":"[object] (Twig_Error_Loader: Template \"Master/Views/layout.html.twig\" is not defined (). at /var/www/php/Rhodium/vendor/twig/twig/lib/Twig/Loader/Chain.php:116)"} []
[2013-09-06 19:45:44] kp_app.CRITICAL: Twig_Error_Loader: Template "Master/Views/layout.html.twig" is not defined (). (uncaught exception) at /var/www/php/Rhodium/vendor/twig/twig/lib/Twig/Loader/Chain.php line 116 {"exception":"[object] (Twig_Error_Loader: Template \"Master/Views/layout.html.twig\" is not defined (). at /var/www/php/Rhodium/vendor/twig/twig/lib/Twig/Loader/Chain.php:116)"} []
[2013-09-06 19:45:45] kp_app.CRITICAL: Twig_Error_Loader: Template "Master/Views/layout.html.twig" is not defined (). (uncaught exception) at /var/www/php/Rhodium/vendor/twig/twig/lib/Twig/Loader/Chain.php line 116 {"exception":"[object] (Twig_Error_Loader: Template \"Master/Views/layout.html.twig\" is not defined (). at /var/www/php/Rhodium/vendor/twig/twig/lib/Twig/Loader/Chain.php:116)"} []
[2013-09-06 19:45:53] kp_app.CRITICAL: Twig_Error_Loader: Template "Master/Views/layout.html.twig" is not defined (). (uncaught exception) at /var/www/php/Rhodium/vendor/twig/twig/lib/Twig/Loader/Chain.php line 116 {"exception":"[object] (Twig_Error_Loader: Template \"Master/Views/layout.html.twig\" is not defined (). at /var/www/php/Rhodium/vendor/twig/twig/lib/Twig/Loader/Chain.php:116)"} []
[2013-09-06 19:45:54] kp_app.CRITICAL: Twig_Error_Loader: Template "Master/Views/layout.html.twig" is not defined (). (uncaught exception) at /var/www/php/Rhodium/vendor/twig/twig/lib/Twig/Loader/Chain.php line 116 {"exception":"[object] (Twig_Error_Loader: Template \"Master/Views/layout.html.twig\" is not defined (). at /var/www/php/Rhodium/vendor/twig/twig/lib/Twig/Loader/Chain.php:116)"} []
[2013-09-06 19:46:09] kp_app.CRITICAL: Twig_Error_Loader: Template "Master/Views/layout.html.twig" is not defined (). (uncaught exception) at /var/www/php/Rhodium/vendor/twig/twig/lib/Twig/Loader/Chain.php line 116 {"exception":"[object] (Twig_Error_Loader: Template \"Master/Views/layout.html.twig\" is not defined (). at /var/www/php/Rhodium/vendor/twig/twig/lib/Twig/Loader/Chain.php:116)"} []
[2013-09-06 19:46:22] kp_app.CRITICAL: Twig_Error_Loader: Template "Master/Views/layout.html.twig" is not defined (). (uncaught exception) at /var/www/php/Rhodium/vendor/twig/twig/lib/Twig/Loader/Chain.php line 116 {"exception":"[object] (Twig_Error_Loader: Template \"Master/Views/layout.html.twig\" is not defined (). at /var/www/php/Rhodium/vendor/twig/twig/lib/Twig/Loader/Chain.php:116)"} []
[2013-09-06 19:47:33] kp_app.CRITICAL: Twig_Error_Loader: Template "Master/Views/layout.html.twig" is not defined (). (uncaught exception) at /var/www/php/Rhodium/vendor/twig/twig/lib/Twig/Loader/Chain.php line 116 {"exception":"[object] (Twig_Error_Loader: Template \"Master/Views/layout.html.twig\" is not defined (). at /var/www/php/Rhodium/vendor/twig/twig/lib/Twig/Loader/Chain.php:116)"} []
[2013-09-06 19:47:36] kp_app.CRITICAL: Twig_Error_Loader: Template "Master/Views/layout.html.twig" is not defined (). (uncaught exception) at /var/www/php/Rhodium/vendor/twig/twig/lib/Twig/Loader/Chain.php line 116 {"exception":"[object] (Twig_Error_Loader: Template \"Master/Views/layout.html.twig\" is not defined (). at /var/www/php/Rhodium/vendor/twig/twig/lib/Twig/Loader/Chain.php:116)"} []
[2013-09-06 19:47:43] kp_app.CRITICAL: Twig_Error_Loader: Template "Master/Views/layout.html.twig" is not defined (). (uncaught exception) at /var/www/php/Rhodium/vendor/twig/twig/lib/Twig/Loader/Chain.php line 116 {"exception":"[object] (Twig_Error_Loader: Template \"Master/Views/layout.html.twig\" is not defined (). at /var/www/php/Rhodium/vendor/twig/twig/lib/Twig/Loader/Chain.php:116)"} []
[2013-09-06 19:48:15] kp_app.CRITICAL: Twig_Error_Loader: Template "Master/Views/layout.html.twig" is not defined (). (uncaught exception) at /var/www/php/Rhodium/vendor/twig/twig/lib/Twig/Loader/Chain.php line 116 {"exception":"[object] (Twig_Error_Loader: Template \"Master/Views/layout.html.twig\" is not defined (). at /var/www/php/Rhodium/vendor/twig/twig/lib/Twig/Loader/Chain.php:116)"} []
[2013-09-06 19:48:17] kp_app.CRITICAL: Twig_Error_Loader: Template "Master/Views/layout.html.twig" is not defined (). (uncaught exception) at /var/www/php/Rhodium/vendor/twig/twig/lib/Twig/Loader/Chain.php line 116 {"exception":"[object] (Twig_Error_Loader: Template \"Master/Views/layout.html.twig\" is not defined (). at /var/www/php/Rhodium/vendor/twig/twig/lib/Twig/Loader/Chain.php:116)"} []
[2013-09-06 19:49:00] kp_app.CRITICAL: Twig_Error_Loader: Template "Master/Views/layout.html.twig" is not defined (). (uncaught exception) at /var/www/php/Rhodium/vendor/twig/twig/lib/Twig/Loader/Chain.php line 116 {"exception":"[object] (Twig_Error_Loader: Template \"Master/Views/layout.html.twig\" is not defined (). at /var/www/php/Rhodium/vendor/twig/twig/lib/Twig/Loader/Chain.php:116)"} []
[2013-09-06 19:49:09] kp_app.CRITICAL: Twig_Error_Loader: Template "Master/Views/layout.html.twig" is not defined (). (uncaught exception) at /var/www/php/Rhodium/vendor/twig/twig/lib/Twig/Loader/Chain.php line 116 {"exception":"[object] (Twig_Error_Loader: Template \"Master/Views/layout.html.twig\" is not defined (). at /var/www/php/Rhodium/vendor/twig/twig/lib/Twig/Loader/Chain.php:116)"} []
[2013-09-06 19:49:10] kp_app.CRITICAL: Twig_Error_Loader: Template "Master/Views/layout.html.twig" is not defined (). (uncaught exception) at /var/www/php/Rhodium/vendor/twig/twig/lib/Twig/Loader/Chain.php line 116 {"exception":"[object] (Twig_Error_Loader: Template \"Master/Views/layout.html.twig\" is not defined (). at /var/www/php/Rhodium/vendor/twig/twig/lib/Twig/Loader/Chain.php:116)"} []
[2013-09-06 19:49:39] kp_app.CRITICAL: Twig_Error_Loader: Template "Master/Views/layout.html.twig" is not defined (). (uncaught exception) at /var/www/php/Rhodium/vendor/twig/twig/lib/Twig/Loader/Chain.php line 116 {"exception":"[object] (Twig_Error_Loader: Template \"Master/Views/layout.html.twig\" is not defined (). at /var/www/php/Rhodium/vendor/twig/twig/lib/Twig/Loader/Chain.php:116)"} []
[2013-09-06 19:51:43] kp_app.CRITICAL: Twig_Error_Loader: Template "Master/Views/layout.html.twig" is not defined (). (uncaught exception) at /var/www/php/Rhodium/vendor/twig/twig/lib/Twig/Loader/Chain.php line 116 {"exception":"[object] (Twig_Error_Loader: Template \"Master/Views/layout.html.twig\" is not defined (). at /var/www/php/Rhodium/vendor/twig/twig/lib/Twig/Loader/Chain.php:116)"} []
[2013-09-06 19:52:55] kp_app.CRITICAL: Twig_Error_Loader: Template "Master/Views/layout.html.twig" is not defined (). (uncaught exception) at /var/www/php/Rhodium/vendor/twig/twig/lib/Twig/Loader/Chain.php line 116 {"exception":"[object] (Twig_Error_Loader: Template \"Master/Views/layout.html.twig\" is not defined (). at /var/www/php/Rhodium/vendor/twig/twig/lib/Twig/Loader/Chain.php:116)"} []
[2013-09-06 19:54:47] kp_app.CRITICAL: Twig_Error_Loader: Template "Master/Views/layout.html.twig" is not defined (). (uncaught exception) at /var/www/php/Rhodium/vendor/twig/twig/lib/Twig/Loader/Chain.php line 116 {"exception":"[object] (Twig_Error_Loader: Template \"Master/Views/layout.html.twig\" is not defined (). at /var/www/php/Rhodium/vendor/twig/twig/lib/Twig/Loader/Chain.php:116)"} []
[2013-09-06 19:54:48] kp_app.CRITICAL: Twig_Error_Loader: Template "Master/Views/layout.html.twig" is not defined (). (uncaught exception) at /var/www/php/Rhodium/vendor/twig/twig/lib/Twig/Loader/Chain.php line 116 {"exception":"[object] (Twig_Error_Loader: Template \"Master/Views/layout.html.twig\" is not defined (). at /var/www/php/Rhodium/vendor/twig/twig/lib/Twig/Loader/Chain.php:116)"} []
[2013-09-06 19:54:53] kp_app.CRITICAL: Twig_Error_Loader: Template "Master/Views/layout.html.twig" is not defined (). (uncaught exception) at /var/www/php/Rhodium/vendor/twig/twig/lib/Twig/Loader/Chain.php line 116 {"exception":"[object] (Twig_Error_Loader: Template \"Master/Views/layout.html.twig\" is not defined (). at /var/www/php/Rhodium/vendor/twig/twig/lib/Twig/Loader/Chain.php:116)"} []
[2013-09-06 19:54:54] kp_app.CRITICAL: Twig_Error_Loader: Template "Master/Views/layout.html.twig" is not defined (). (uncaught exception) at /var/www/php/Rhodium/vendor/twig/twig/lib/Twig/Loader/Chain.php line 116 {"exception":"[object] (Twig_Error_Loader: Template \"Master/Views/layout.html.twig\" is not defined (). at /var/www/php/Rhodium/vendor/twig/twig/lib/Twig/Loader/Chain.php:116)"} []
[2013-09-06 19:55:10] kp_app.CRITICAL: Twig_Error_Loader: Template "Master/Views/layout.html.twig" is not defined (). (uncaught exception) at /var/www/php/Rhodium/vendor/twig/twig/lib/Twig/Loader/Chain.php line 116 {"exception":"[object] (Twig_Error_Loader: Template \"Master/Views/layout.html.twig\" is not defined (). at /var/www/php/Rhodium/vendor/twig/twig/lib/Twig/Loader/Chain.php:116)"} []
[2013-09-06 19:55:34] kp_app.CRITICAL: Twig_Error_Loader: Template "Master/Views/layout.html.twig" is not defined (). (uncaught exception) at /var/www/php/Rhodium/vendor/twig/twig/lib/Twig/Loader/Chain.php line 116 {"exception":"[object] (Twig_Error_Loader: Template \"Master/Views/layout.html.twig\" is not defined (). at /var/www/php/Rhodium/vendor/twig/twig/lib/Twig/Loader/Chain.php:116)"} []
[2013-09-06 19:55:35] kp_app.CRITICAL: Twig_Error_Loader: Template "Master/Views/layout.html.twig" is not defined (). (uncaught exception) at /var/www/php/Rhodium/vendor/twig/twig/lib/Twig/Loader/Chain.php line 116 {"exception":"[object] (Twig_Error_Loader: Template \"Master/Views/layout.html.twig\" is not defined (). at /var/www/php/Rhodium/vendor/twig/twig/lib/Twig/Loader/Chain.php:116)"} []
[2013-09-06 20:13:32] kp_app.CRITICAL: Twig_Error_Loader: Template "Master/Views/layout.html.twig" is not defined (). (uncaught exception) at /var/www/php/Rhodium/vendor/twig/twig/lib/Twig/Loader/Chain.php line 116 {"exception":"[object] (Twig_Error_Loader: Template \"Master/Views/layout.html.twig\" is not defined (). at /var/www/php/Rhodium/vendor/twig/twig/lib/Twig/Loader/Chain.php:116)"} []
[2013-09-06 20:16:36] kp_app.CRITICAL: Twig_Error_Loader: Template "Master/Views/layout.html.twig" is not defined (). (uncaught exception) at /var/www/php/Rhodium/vendor/twig/twig/lib/Twig/Loader/Chain.php line 116 {"exception":"[object] (Twig_Error_Loader: Template \"Master/Views/layout.html.twig\" is not defined (). at /var/www/php/Rhodium/vendor/twig/twig/lib/Twig/Loader/Chain.php:116)"} []
[2013-09-06 20:17:04] kp_app.CRITICAL: Twig_Error_Loader: Template "Master/Views/layout.html.twig" is not defined (). (uncaught exception) at /var/www/php/Rhodium/vendor/twig/twig/lib/Twig/Loader/Chain.php line 116 {"exception":"[object] (Twig_Error_Loader: Template \"Master/Views/layout.html.twig\" is not defined (). at /var/www/php/Rhodium/vendor/twig/twig/lib/Twig/Loader/Chain.php:116)"} []
[2013-09-06 20:17:07] kp_app.CRITICAL: Twig_Error_Loader: Template "Master/Views/layout.html.twig" is not defined (). (uncaught exception) at /var/www/php/Rhodium/vendor/twig/twig/lib/Twig/Loader/Chain.php line 116 {"exception":"[object] (Twig_Error_Loader: Template \"Master/Views/layout.html.twig\" is not defined (). at /var/www/php/Rhodium/vendor/twig/twig/lib/Twig/Loader/Chain.php:116)"} []
[2013-09-06 20:17:48] kp_app.CRITICAL: Twig_Error_Loader: Template "Master/Views/layout.html.twig" is not defined (). (uncaught exception) at /var/www/php/Rhodium/vendor/twig/twig/lib/Twig/Loader/Chain.php line 116 {"exception":"[object] (Twig_Error_Loader: Template \"Master/Views/layout.html.twig\" is not defined (). at /var/www/php/Rhodium/vendor/twig/twig/lib/Twig/Loader/Chain.php:116)"} []
[2013-09-06 20:17:48] kp_app.CRITICAL: Twig_Error_Loader: Template "Master/Views/layout.html.twig" is not defined (). (uncaught exception) at /var/www/php/Rhodium/vendor/twig/twig/lib/Twig/Loader/Chain.php line 116 {"exception":"[object] (Twig_Error_Loader: Template \"Master/Views/layout.html.twig\" is not defined (). at /var/www/php/Rhodium/vendor/twig/twig/lib/Twig/Loader/Chain.php:116)"} []
[2013-09-06 20:19:05] kp_app.CRITICAL: Twig_Error_Loader: Template "Master/Views/layout.html.twig" is not defined (). (uncaught exception) at /var/www/php/Rhodium/vendor/twig/twig/lib/Twig/Loader/Chain.php line 116 {"exception":"[object] (Twig_Error_Loader: Template \"Master/Views/layout.html.twig\" is not defined (). at /var/www/php/Rhodium/vendor/twig/twig/lib/Twig/Loader/Chain.php:116)"} []
[2013-09-06 20:19:12] kp_app.CRITICAL: Twig_Error_Loader: Template "Master/Views/layout.html.twig" is not defined (). (uncaught exception) at /var/www/php/Rhodium/vendor/twig/twig/lib/Twig/Loader/Chain.php line 116 {"exception":"[object] (Twig_Error_Loader: Template \"Master/Views/layout.html.twig\" is not defined (). at /var/www/php/Rhodium/vendor/twig/twig/lib/Twig/Loader/Chain.php:116)"} []
[2013-09-06 20:19:13] kp_app.CRITICAL: Twig_Error_Loader: Template "Master/Views/layout.html.twig" is not defined (). (uncaught exception) at /var/www/php/Rhodium/vendor/twig/twig/lib/Twig/Loader/Chain.php line 116 {"exception":"[object] (Twig_Error_Loader: Template \"Master/Views/layout.html.twig\" is not defined (). at /var/www/php/Rhodium/vendor/twig/twig/lib/Twig/Loader/Chain.php:116)"} []
[2013-09-06 20:19:13] kp_app.CRITICAL: Twig_Error_Loader: Template "Master/Views/layout.html.twig" is not defined (). (uncaught exception) at /var/www/php/Rhodium/vendor/twig/twig/lib/Twig/Loader/Chain.php line 116 {"exception":"[object] (Twig_Error_Loader: Template \"Master/Views/layout.html.twig\" is not defined (). at /var/www/php/Rhodium/vendor/twig/twig/lib/Twig/Loader/Chain.php:116)"} []
[2013-09-06 20:19:40] kp_app.CRITICAL: Twig_Error_Loader: Template "Master/Views/layout.html.twig" is not defined (). (uncaught exception) at /var/www/php/Rhodium/vendor/twig/twig/lib/Twig/Loader/Chain.php line 116 {"exception":"[object] (Twig_Error_Loader: Template \"Master/Views/layout.html.twig\" is not defined (). at /var/www/php/Rhodium/vendor/twig/twig/lib/Twig/Loader/Chain.php:116)"} []
[2013-09-06 20:19:41] kp_app.CRITICAL: Twig_Error_Loader: Template "Master/Views/layout.html.twig" is not defined (). (uncaught exception) at /var/www/php/Rhodium/vendor/twig/twig/lib/Twig/Loader/Chain.php line 116 {"exception":"[object] (Twig_Error_Loader: Template \"Master/Views/layout.html.twig\" is not defined (). at /var/www/php/Rhodium/vendor/twig/twig/lib/Twig/Loader/Chain.php:116)"} []
[2013-09-06 20:19:49] kp_app.CRITICAL: Twig_Error_Loader: Template "Master/Views/layout.html.twig" is not defined (). (uncaught exception) at /var/www/php/Rhodium/vendor/twig/twig/lib/Twig/Loader/Chain.php line 116 {"exception":"[object] (Twig_Error_Loader: Template \"Master/Views/layout.html.twig\" is not defined (). at /var/www/php/Rhodium/vendor/twig/twig/lib/Twig/Loader/Chain.php:116)"} []
[2013-09-06 20:22:04] kp_app.CRITICAL: Twig_Error_Loader: Template "Master/Views/layout.html.twig" is not defined (). (uncaught exception) at /var/www/php/Rhodium/vendor/twig/twig/lib/Twig/Loader/Chain.php line 116 {"exception":"[object] (Twig_Error_Loader: Template \"Master/Views/layout.html.twig\" is not defined (). at /var/www/php/Rhodium/vendor/twig/twig/lib/Twig/Loader/Chain.php:116)"} []
[2013-09-06 20:22:25] kp_app.CRITICAL: Twig_Error_Loader: Template "Master/Views/layout.html.twig" is not defined (). (uncaught exception) at /var/www/php/Rhodium/vendor/twig/twig/lib/Twig/Loader/Chain.php line 116 {"exception":"[object] (Twig_Error_Loader: Template \"Master/Views/layout.html.twig\" is not defined (). at /var/www/php/Rhodium/vendor/twig/twig/lib/Twig/Loader/Chain.php:116)"} []
[2013-09-06 20:22:34] kp_app.CRITICAL: Twig_Error_Loader: Template "Master/Views/layout.html.twig" is not defined (). (uncaught exception) at /var/www/php/Rhodium/vendor/twig/twig/lib/Twig/Loader/Chain.php line 116 {"exception":"[object] (Twig_Error_Loader: Template \"Master/Views/layout.html.twig\" is not defined (). at /var/www/php/Rhodium/vendor/twig/twig/lib/Twig/Loader/Chain.php:116)"} []
[2013-09-06 20:24:08] kp_app.CRITICAL: Twig_Error_Loader: Template "Master/Views/layout.html.twig" is not defined (). (uncaught exception) at /var/www/php/Rhodium/vendor/twig/twig/lib/Twig/Loader/Chain.php line 116 {"exception":"[object] (Twig_Error_Loader: Template \"Master/Views/layout.html.twig\" is not defined (). at /var/www/php/Rhodium/vendor/twig/twig/lib/Twig/Loader/Chain.php:116)"} []
[2013-09-06 20:24:09] kp_app.CRITICAL: Twig_Error_Loader: Template "Master/Views/layout.html.twig" is not defined (). (uncaught exception) at /var/www/php/Rhodium/vendor/twig/twig/lib/Twig/Loader/Chain.php line 116 {"exception":"[object] (Twig_Error_Loader: Template \"Master/Views/layout.html.twig\" is not defined (). at /var/www/php/Rhodium/vendor/twig/twig/lib/Twig/Loader/Chain.php:116)"} []
[2013-09-06 20:59:31] kp_app.CRITICAL: Twig_Error_Syntax: Unexpected token "punctuation" of value ":" ("end of print statement" expected) in "Bullion/Views/multiple_products.html.twig" at line 9 (uncaught exception) at /var/www/php/Rhodium/vendor/twig/twig/lib/Twig/TokenStream.php line 76 {"exception":"[object] (Twig_Error_Syntax: Unexpected token \"punctuation\" of value \":\" (\"end of print statement\" expected) in \"Bullion/Views/multiple_products.html.twig\" at line 9 at /var/www/php/Rhodium/vendor/twig/twig/lib/Twig/TokenStream.php:76)"} []
[2013-09-06 21:00:06] kp_app.CRITICAL: Twig_Error_Syntax: Unexpected token "punctuation" of value ":" ("end of print statement" expected) in "Bullion/Views/multiple_products.html.twig" at line 9 (uncaught exception) at /var/www/php/Rhodium/vendor/twig/twig/lib/Twig/TokenStream.php line 76 {"exception":"[object] (Twig_Error_Syntax: Unexpected token \"punctuation\" of value \":\" (\"end of print statement\" expected) in \"Bullion/Views/multiple_products.html.twig\" at line 9 at /var/www/php/Rhodium/vendor/twig/twig/lib/Twig/TokenStream.php:76)"} []
[2013-09-06 21:00:17] kp_app.CRITICAL: Twig_Error_Syntax: Unexpected token "punctuation" of value ":" ("end of print statement" expected) in "Bullion/Views/multiple_products.html.twig" at line 9 (uncaught exception) at /var/www/php/Rhodium/vendor/twig/twig/lib/Twig/TokenStream.php line 76 {"exception":"[object] (Twig_Error_Syntax: Unexpected token \"punctuation\" of value \":\" (\"end of print statement\" expected) in \"Bullion/Views/multiple_products.html.twig\" at line 9 at /var/www/php/Rhodium/vendor/twig/twig/lib/Twig/TokenStream.php:76)"} []
[2013-09-06 21:00:25] kp_app.CRITICAL: Twig_Error_Syntax: Unexpected token "punctuation" of value ":" ("end of print statement" expected) in "Bullion/Views/multiple_products.html.twig" at line 9 (uncaught exception) at /var/www/php/Rhodium/vendor/twig/twig/lib/Twig/TokenStream.php line 76 {"exception":"[object] (Twig_Error_Syntax: Unexpected token \"punctuation\" of value \":\" (\"end of print statement\" expected) in \"Bullion/Views/multiple_products.html.twig\" at line 9 at /var/www/php/Rhodium/vendor/twig/twig/lib/Twig/TokenStream.php:76)"} []
[2013-09-06 21:03:53] kp_app.CRITICAL: Twig_Error_Syntax: Unexpected token "end of print statement" of value "" in "Bullion/Views/multiple_products.html.twig" at line 15 (uncaught exception) at /var/www/php/Rhodium/vendor/twig/twig/lib/Twig/ExpressionParser.php line 170 {"exception":"[object] (Twig_Error_Syntax: Unexpected token \"end of print statement\" of value \"\" in \"Bullion/Views/multiple_products.html.twig\" at line 15 at /var/www/php/Rhodium/vendor/twig/twig/lib/Twig/ExpressionParser.php:170)"} []
[2013-09-06 21:12:04] kp_app.CRITICAL: Twig_Error_Syntax: Unexpected tag name "p" (expecting closing tag for the "for" tag defined near line 6) in "Bullion/Views/multiple_products.html.twig" at line 7 (uncaught exception) at /var/www/php/Rhodium/vendor/twig/twig/lib/Twig/Parser.php line 178 {"exception":"[object] (Twig_Error_Syntax: Unexpected tag name \"p\" (expecting closing tag for the \"for\" tag defined near line 6) in \"Bullion/Views/multiple_products.html.twig\" at line 7 at /var/www/php/Rhodium/vendor/twig/twig/lib/Twig/Parser.php:178)"} []
[2013-09-06 21:13:58] kp_app.CRITICAL: Twig_Error_Syntax: Unexpected tag name "p" (expecting closing tag for the "for" tag defined near line 8) in "Bullion/Views/multiple_products.html.twig" at line 9 (uncaught exception) at /var/www/php/Rhodium/vendor/twig/twig/lib/Twig/Parser.php line 178 {"exception":"[object] (Twig_Error_Syntax: Unexpected tag name \"p\" (expecting closing tag for the \"for\" tag defined near line 8) in \"Bullion/Views/multiple_products.html.twig\" at line 9 at /var/www/php/Rhodium/vendor/twig/twig/lib/Twig/Parser.php:178)"} []
[2013-09-06 21:16:25] kp_app.CRITICAL: Twig_Error_Syntax: The filter "key" does not exist. Did you mean "keys" in "Bullion/Views/multiple_products.html.twig" at line 7 (uncaught exception) at /var/www/php/Rhodium/vendor/twig/twig/lib/Twig/ExpressionParser.php line 575 {"exception":"[object] (Twig_Error_Syntax: The filter \"key\" does not exist. Did you mean \"keys\" in \"Bullion/Views/multiple_products.html.twig\" at line 7 at /var/www/php/Rhodium/vendor/twig/twig/lib/Twig/ExpressionParser.php:575)"} []
[2013-09-09 20:06:40] kp_app.ERROR: Symfony\Component\HttpKernel\Exception\MethodNotAllowedHttpException: No route found for "GET /checkout": Method Not Allowed (Allow: POST) (uncaught exception) at /var/www/php/Rhodium/vendor/symfony/http-kernel/Symfony/Component/HttpKernel/EventListener/RouterListener.php line 120 {"exception":"[object] (Symfony\\Component\\HttpKernel\\Exception\\MethodNotAllowedHttpException: No route found for \"GET /checkout\": Method Not Allowed (Allow: POST) at /var/www/php/Rhodium/vendor/symfony/http-kernel/Symfony/Component/HttpKernel/EventListener/RouterListener.php:120, Symfony\\Component\\Routing\\Exception\\MethodNotAllowedException:  at /var/www/php/Rhodium/vendor/symfony/routing/Symfony/Component/Routing/Matcher/UrlMatcher.php:90)"} []
[2013-09-09 20:06:53] kp_app.ERROR: Symfony\Component\HttpKernel\Exception\MethodNotAllowedHttpException: No route found for "GET /checkout": Method Not Allowed (Allow: POST) (uncaught exception) at /var/www/php/Rhodium/vendor/symfony/http-kernel/Symfony/Component/HttpKernel/EventListener/RouterListener.php line 120 {"exception":"[object] (Symfony\\Component\\HttpKernel\\Exception\\MethodNotAllowedHttpException: No route found for \"GET /checkout\": Method Not Allowed (Allow: POST) at /var/www/php/Rhodium/vendor/symfony/http-kernel/Symfony/Component/HttpKernel/EventListener/RouterListener.php:120, Symfony\\Component\\Routing\\Exception\\MethodNotAllowedException:  at /var/www/php/Rhodium/vendor/symfony/routing/Symfony/Component/Routing/Matcher/UrlMatcher.php:90)"} []
[2013-09-09 20:07:21] kp_app.ERROR: Symfony\Component\HttpKernel\Exception\MethodNotAllowedHttpException: No route found for "GET /checkout": Method Not Allowed (Allow: POST) (uncaught exception) at /var/www/php/Rhodium/vendor/symfony/http-kernel/Symfony/Component/HttpKernel/EventListener/RouterListener.php line 120 {"exception":"[object] (Symfony\\Component\\HttpKernel\\Exception\\MethodNotAllowedHttpException: No route found for \"GET /checkout\": Method Not Allowed (Allow: POST) at /var/www/php/Rhodium/vendor/symfony/http-kernel/Symfony/Component/HttpKernel/EventListener/RouterListener.php:120, Symfony\\Component\\Routing\\Exception\\MethodNotAllowedException:  at /var/www/php/Rhodium/vendor/symfony/routing/Symfony/Component/Routing/Matcher/UrlMatcher.php:90)"} []
[2013-09-09 20:07:31] kp_app.ERROR: Symfony\Component\HttpKernel\Exception\MethodNotAllowedHttpException: No route found for "GET /checkout": Method Not Allowed (Allow: POST) (uncaught exception) at /var/www/php/Rhodium/vendor/symfony/http-kernel/Symfony/Component/HttpKernel/EventListener/RouterListener.php line 120 {"exception":"[object] (Symfony\\Component\\HttpKernel\\Exception\\MethodNotAllowedHttpException: No route found for \"GET /checkout\": Method Not Allowed (Allow: POST) at /var/www/php/Rhodium/vendor/symfony/http-kernel/Symfony/Component/HttpKernel/EventListener/RouterListener.php:120, Symfony\\Component\\Routing\\Exception\\MethodNotAllowedException:  at /var/www/php/Rhodium/vendor/symfony/routing/Symfony/Component/Routing/Matcher/UrlMatcher.php:90)"} []
[2013-09-09 20:07:32] kp_app.ERROR: Symfony\Component\HttpKernel\Exception\MethodNotAllowedHttpException: No route found for "GET /checkout": Method Not Allowed (Allow: POST) (uncaught exception) at /var/www/php/Rhodium/vendor/symfony/http-kernel/Symfony/Component/HttpKernel/EventListener/RouterListener.php line 120 {"exception":"[object] (Symfony\\Component\\HttpKernel\\Exception\\MethodNotAllowedHttpException: No route found for \"GET /checkout\": Method Not Allowed (Allow: POST) at /var/www/php/Rhodium/vendor/symfony/http-kernel/Symfony/Component/HttpKernel/EventListener/RouterListener.php:120, Symfony\\Component\\Routing\\Exception\\MethodNotAllowedException:  at /var/www/php/Rhodium/vendor/symfony/routing/Symfony/Component/Routing/Matcher/UrlMatcher.php:90)"} []
[2013-09-09 20:07:36] kp_app.ERROR: Symfony\Component\HttpKernel\Exception\MethodNotAllowedHttpException: No route found for "GET /checkout": Method Not Allowed (Allow: POST) (uncaught exception) at /var/www/php/Rhodium/vendor/symfony/http-kernel/Symfony/Component/HttpKernel/EventListener/RouterListener.php line 120 {"exception":"[object] (Symfony\\Component\\HttpKernel\\Exception\\MethodNotAllowedHttpException: No route found for \"GET /checkout\": Method Not Allowed (Allow: POST) at /var/www/php/Rhodium/vendor/symfony/http-kernel/Symfony/Component/HttpKernel/EventListener/RouterListener.php:120, Symfony\\Component\\Routing\\Exception\\MethodNotAllowedException:  at /var/www/php/Rhodium/vendor/symfony/routing/Symfony/Component/Routing/Matcher/UrlMatcher.php:90)"} []
[2013-09-09 20:07:44] kp_app.ERROR: Symfony\Component\HttpKernel\Exception\MethodNotAllowedHttpException: No route found for "GET /checkout": Method Not Allowed (Allow: POST) (uncaught exception) at /var/www/php/Rhodium/vendor/symfony/http-kernel/Symfony/Component/HttpKernel/EventListener/RouterListener.php line 120 {"exception":"[object] (Symfony\\Component\\HttpKernel\\Exception\\MethodNotAllowedHttpException: No route found for \"GET /checkout\": Method Not Allowed (Allow: POST) at /var/www/php/Rhodium/vendor/symfony/http-kernel/Symfony/Component/HttpKernel/EventListener/RouterListener.php:120, Symfony\\Component\\Routing\\Exception\\MethodNotAllowedException:  at /var/www/php/Rhodium/vendor/symfony/routing/Symfony/Component/Routing/Matcher/UrlMatcher.php:90)"} []
[2013-09-09 20:07:45] kp_app.ERROR: Symfony\Component\HttpKernel\Exception\MethodNotAllowedHttpException: No route found for "GET /checkout": Method Not Allowed (Allow: POST) (uncaught exception) at /var/www/php/Rhodium/vendor/symfony/http-kernel/Symfony/Component/HttpKernel/EventListener/RouterListener.php line 120 {"exception":"[object] (Symfony\\Component\\HttpKernel\\Exception\\MethodNotAllowedHttpException: No route found for \"GET /checkout\": Method Not Allowed (Allow: POST) at /var/www/php/Rhodium/vendor/symfony/http-kernel/Symfony/Component/HttpKernel/EventListener/RouterListener.php:120, Symfony\\Component\\Routing\\Exception\\MethodNotAllowedException:  at /var/www/php/Rhodium/vendor/symfony/routing/Symfony/Component/Routing/Matcher/UrlMatcher.php:90)"} []
[2013-09-09 20:08:28] kp_app.ERROR: Symfony\Component\HttpKernel\Exception\MethodNotAllowedHttpException: No route found for "GET /checkout": Method Not Allowed (Allow: POST) (uncaught exception) at /var/www/php/Rhodium/vendor/symfony/http-kernel/Symfony/Component/HttpKernel/EventListener/RouterListener.php line 120 {"exception":"[object] (Symfony\\Component\\HttpKernel\\Exception\\MethodNotAllowedHttpException: No route found for \"GET /checkout\": Method Not Allowed (Allow: POST) at /var/www/php/Rhodium/vendor/symfony/http-kernel/Symfony/Component/HttpKernel/EventListener/RouterListener.php:120, Symfony\\Component\\Routing\\Exception\\MethodNotAllowedException:  at /var/www/php/Rhodium/vendor/symfony/routing/Symfony/Component/Routing/Matcher/UrlMatcher.php:90)"} []
[2013-09-09 20:08:35] kp_app.ERROR: Symfony\Component\HttpKernel\Exception\MethodNotAllowedHttpException: No route found for "GET /checkout": Method Not Allowed (Allow: POST) (uncaught exception) at /var/www/php/Rhodium/vendor/symfony/http-kernel/Symfony/Component/HttpKernel/EventListener/RouterListener.php line 120 {"exception":"[object] (Symfony\\Component\\HttpKernel\\Exception\\MethodNotAllowedHttpException: No route found for \"GET /checkout\": Method Not Allowed (Allow: POST) at /var/www/php/Rhodium/vendor/symfony/http-kernel/Symfony/Component/HttpKernel/EventListener/RouterListener.php:120, Symfony\\Component\\Routing\\Exception\\MethodNotAllowedException:  at /var/www/php/Rhodium/vendor/symfony/routing/Symfony/Component/Routing/Matcher/UrlMatcher.php:90)"} []
[2013-09-09 20:08:35] kp_app.ERROR: Symfony\Component\HttpKernel\Exception\MethodNotAllowedHttpException: No route found for "GET /checkout": Method Not Allowed (Allow: POST) (uncaught exception) at /var/www/php/Rhodium/vendor/symfony/http-kernel/Symfony/Component/HttpKernel/EventListener/RouterListener.php line 120 {"exception":"[object] (Symfony\\Component\\HttpKernel\\Exception\\MethodNotAllowedHttpException: No route found for \"GET /checkout\": Method Not Allowed (Allow: POST) at /var/www/php/Rhodium/vendor/symfony/http-kernel/Symfony/Component/HttpKernel/EventListener/RouterListener.php:120, Symfony\\Component\\Routing\\Exception\\MethodNotAllowedException:  at /var/www/php/Rhodium/vendor/symfony/routing/Symfony/Component/Routing/Matcher/UrlMatcher.php:90)"} []
[2013-09-09 20:08:42] kp_app.ERROR: Symfony\Component\HttpKernel\Exception\MethodNotAllowedHttpException: No route found for "GET /checkout": Method Not Allowed (Allow: POST) (uncaught exception) at /var/www/php/Rhodium/vendor/symfony/http-kernel/Symfony/Component/HttpKernel/EventListener/RouterListener.php line 120 {"exception":"[object] (Symfony\\Component\\HttpKernel\\Exception\\MethodNotAllowedHttpException: No route found for \"GET /checkout\": Method Not Allowed (Allow: POST) at /var/www/php/Rhodium/vendor/symfony/http-kernel/Symfony/Component/HttpKernel/EventListener/RouterListener.php:120, Symfony\\Component\\Routing\\Exception\\MethodNotAllowedException:  at /var/www/php/Rhodium/vendor/symfony/routing/Symfony/Component/Routing/Matcher/UrlMatcher.php:90)"} []
[2013-09-09 20:08:42] kp_app.ERROR: Symfony\Component\HttpKernel\Exception\MethodNotAllowedHttpException: No route found for "GET /checkout": Method Not Allowed (Allow: POST) (uncaught exception) at /var/www/php/Rhodium/vendor/symfony/http-kernel/Symfony/Component/HttpKernel/EventListener/RouterListener.php line 120 {"exception":"[object] (Symfony\\Component\\HttpKernel\\Exception\\MethodNotAllowedHttpException: No route found for \"GET /checkout\": Method Not Allowed (Allow: POST) at /var/www/php/Rhodium/vendor/symfony/http-kernel/Symfony/Component/HttpKernel/EventListener/RouterListener.php:120, Symfony\\Component\\Routing\\Exception\\MethodNotAllowedException:  at /var/www/php/Rhodium/vendor/symfony/routing/Symfony/Component/Routing/Matcher/UrlMatcher.php:90)"} []
[2013-09-09 20:08:53] kp_app.ERROR: Symfony\Component\HttpKernel\Exception\MethodNotAllowedHttpException: No route found for "GET /checkout": Method Not Allowed (Allow: POST) (uncaught exception) at /var/www/php/Rhodium/vendor/symfony/http-kernel/Symfony/Component/HttpKernel/EventListener/RouterListener.php line 120 {"exception":"[object] (Symfony\\Component\\HttpKernel\\Exception\\MethodNotAllowedHttpException: No route found for \"GET /checkout\": Method Not Allowed (Allow: POST) at /var/www/php/Rhodium/vendor/symfony/http-kernel/Symfony/Component/HttpKernel/EventListener/RouterListener.php:120, Symfony\\Component\\Routing\\Exception\\MethodNotAllowedException:  at /var/www/php/Rhodium/vendor/symfony/routing/Symfony/Component/Routing/Matcher/UrlMatcher.php:90)"} []
[2013-09-09 20:08:54] kp_app.ERROR: Symfony\Component\HttpKernel\Exception\MethodNotAllowedHttpException: No route found for "GET /checkout": Method Not Allowed (Allow: POST) (uncaught exception) at /var/www/php/Rhodium/vendor/symfony/http-kernel/Symfony/Component/HttpKernel/EventListener/RouterListener.php line 120 {"exception":"[object] (Symfony\\Component\\HttpKernel\\Exception\\MethodNotAllowedHttpException: No route found for \"GET /checkout\": Method Not Allowed (Allow: POST) at /var/www/php/Rhodium/vendor/symfony/http-kernel/Symfony/Component/HttpKernel/EventListener/RouterListener.php:120, Symfony\\Component\\Routing\\Exception\\MethodNotAllowedException:  at /var/www/php/Rhodium/vendor/symfony/routing/Symfony/Component/Routing/Matcher/UrlMatcher.php:90)"} []
[2013-09-09 20:43:33] kp_app.CRITICAL: Doctrine\DBAL\DBALException: An exception occurred while executing 'INSERT INTO payments (total, currency, products) VALUES (?, ?, ?)' with params [null, null, null]:

SQLSTATE[23000]: Integrity constraint violation: 1048 Column 'total' cannot be null (uncaught exception) at /var/www/php/Rhodium/vendor/doctrine/dbal/lib/Doctrine/DBAL/DBALException.php line 47 {"exception":"[object] (Doctrine\\DBAL\\DBALException: An exception occurred while executing 'INSERT INTO payments (total, currency, products) VALUES (?, ?, ?)' with params [null, null, null]:\n\nSQLSTATE[23000]: Integrity constraint violation: 1048 Column 'total' cannot be null at /var/www/php/Rhodium/vendor/doctrine/dbal/lib/Doctrine/DBAL/DBALException.php:47, PDOException: SQLSTATE[23000]: Integrity constraint violation: 1048 Column 'total' cannot be null at /var/www/php/Rhodium/vendor/doctrine/dbal/lib/Doctrine/DBAL/Connection.php:786)"} []
[2013-09-09 20:45:22] kp_app.CRITICAL: Doctrine\DBAL\DBALException: An exception occurred while executing 'INSERT INTO payments (total, currency, products) VALUES (?, ?, ?)' with params [null, null, null]:

SQLSTATE[23000]: Integrity constraint violation: 1048 Column 'total' cannot be null (uncaught exception) at /var/www/php/Rhodium/vendor/doctrine/dbal/lib/Doctrine/DBAL/DBALException.php line 47 {"exception":"[object] (Doctrine\\DBAL\\DBALException: An exception occurred while executing 'INSERT INTO payments (total, currency, products) VALUES (?, ?, ?)' with params [null, null, null]:\n\nSQLSTATE[23000]: Integrity constraint violation: 1048 Column 'total' cannot be null at /var/www/php/Rhodium/vendor/doctrine/dbal/lib/Doctrine/DBAL/DBALException.php:47, PDOException: SQLSTATE[23000]: Integrity constraint violation: 1048 Column 'total' cannot be null at /var/www/php/Rhodium/vendor/doctrine/dbal/lib/Doctrine/DBAL/Connection.php:786)"} []
[2013-09-09 20:48:30] kp_app.CRITICAL: Doctrine\DBAL\DBALException: An exception occurred while executing 'INSERT INTO payments (total, currency, products) VALUES (?, ?, ?)' with params [null, null, null]:

SQLSTATE[23000]: Integrity constraint violation: 1048 Column 'total' cannot be null (uncaught exception) at /var/www/php/Rhodium/vendor/doctrine/dbal/lib/Doctrine/DBAL/DBALException.php line 47 {"exception":"[object] (Doctrine\\DBAL\\DBALException: An exception occurred while executing 'INSERT INTO payments (total, currency, products) VALUES (?, ?, ?)' with params [null, null, null]:\n\nSQLSTATE[23000]: Integrity constraint violation: 1048 Column 'total' cannot be null at /var/www/php/Rhodium/vendor/doctrine/dbal/lib/Doctrine/DBAL/DBALException.php:47, PDOException: SQLSTATE[23000]: Integrity constraint violation: 1048 Column 'total' cannot be null at /var/www/php/Rhodium/vendor/doctrine/dbal/lib/Doctrine/DBAL/Connection.php:786)"} []
[2013-09-09 20:48:57] kp_app.CRITICAL: Doctrine\DBAL\DBALException: An exception occurred while executing 'INSERT INTO payments (total, currency, products) VALUES (?, ?, ?)' with params [null, null, null]:

SQLSTATE[23000]: Integrity constraint violation: 1048 Column 'total' cannot be null (uncaught exception) at /var/www/php/Rhodium/vendor/doctrine/dbal/lib/Doctrine/DBAL/DBALException.php line 47 {"exception":"[object] (Doctrine\\DBAL\\DBALException: An exception occurred while executing 'INSERT INTO payments (total, currency, products) VALUES (?, ?, ?)' with params [null, null, null]:\n\nSQLSTATE[23000]: Integrity constraint violation: 1048 Column 'total' cannot be null at /var/www/php/Rhodium/vendor/doctrine/dbal/lib/Doctrine/DBAL/DBALException.php:47, PDOException: SQLSTATE[23000]: Integrity constraint violation: 1048 Column 'total' cannot be null at /var/www/php/Rhodium/vendor/doctrine/dbal/lib/Doctrine/DBAL/Connection.php:786)"} []
[2013-09-09 20:50:17] kp_app.CRITICAL: Doctrine\DBAL\DBALException: An exception occurred while executing 'INSERT INTO payments (total, currency, products) VALUES (?, ?, ?)' with params [null, null, null]:

SQLSTATE[23000]: Integrity constraint violation: 1048 Column 'total' cannot be null (uncaught exception) at /var/www/php/Rhodium/vendor/doctrine/dbal/lib/Doctrine/DBAL/DBALException.php line 47 {"exception":"[object] (Doctrine\\DBAL\\DBALException: An exception occurred while executing 'INSERT INTO payments (total, currency, products) VALUES (?, ?, ?)' with params [null, null, null]:\n\nSQLSTATE[23000]: Integrity constraint violation: 1048 Column 'total' cannot be null at /var/www/php/Rhodium/vendor/doctrine/dbal/lib/Doctrine/DBAL/DBALException.php:47, PDOException: SQLSTATE[23000]: Integrity constraint violation: 1048 Column 'total' cannot be null at /var/www/php/Rhodium/vendor/doctrine/dbal/lib/Doctrine/DBAL/Connection.php:786)"} []
[2013-09-09 21:40:59] kp_app.CRITICAL: Stripe_InvalidRequestError: You cannot use a Stripe token more than once: tok_2XgX4HbAFtwtA7 (uncaught exception) at /var/www/php/Rhodium/src/Bullion/APIs/stripe/lib/Stripe/ApiRequestor.php line 86 {"exception":"[object] (Stripe_InvalidRequestError: You cannot use a Stripe token more than once: tok_2XgX4HbAFtwtA7 at /var/www/php/Rhodium/src/Bullion/APIs/stripe/lib/Stripe/ApiRequestor.php:86)"} []
[2013-09-09 21:41:17] kp_app.CRITICAL: Stripe_InvalidRequestError: You cannot use a Stripe token more than once: tok_2XgX4HbAFtwtA7 (uncaught exception) at /var/www/php/Rhodium/src/Bullion/APIs/stripe/lib/Stripe/ApiRequestor.php line 86 {"exception":"[object] (Stripe_InvalidRequestError: You cannot use a Stripe token more than once: tok_2XgX4HbAFtwtA7 at /var/www/php/Rhodium/src/Bullion/APIs/stripe/lib/Stripe/ApiRequestor.php:86)"} []
[2013-09-09 21:41:31] kp_app.CRITICAL: Stripe_InvalidRequestError: You cannot use a Stripe token more than once: tok_2XgX4HbAFtwtA7 (uncaught exception) at /var/www/php/Rhodium/src/Bullion/APIs/stripe/lib/Stripe/ApiRequestor.php line 86 {"exception":"[object] (Stripe_InvalidRequestError: You cannot use a Stripe token more than once: tok_2XgX4HbAFtwtA7 at /var/www/php/Rhodium/src/Bullion/APIs/stripe/lib/Stripe/ApiRequestor.php:86)"} []
[2013-09-09 21:41:42] kp_app.CRITICAL: Stripe_InvalidRequestError: You cannot use a Stripe token more than once: tok_2XgX4HbAFtwtA7 (uncaught exception) at /var/www/php/Rhodium/src/Bullion/APIs/stripe/lib/Stripe/ApiRequestor.php line 86 {"exception":"[object] (Stripe_InvalidRequestError: You cannot use a Stripe token more than once: tok_2XgX4HbAFtwtA7 at /var/www/php/Rhodium/src/Bullion/APIs/stripe/lib/Stripe/ApiRequestor.php:86)"} []
[2013-09-09 21:42:33] kp_app.CRITICAL: Stripe_InvalidRequestError: You cannot use a Stripe token more than once: tok_2XgrGXa2tI4Uf1 (uncaught exception) at /var/www/php/Rhodium/src/Bullion/APIs/stripe/lib/Stripe/ApiRequestor.php line 86 {"exception":"[object] (Stripe_InvalidRequestError: You cannot use a Stripe token more than once: tok_2XgrGXa2tI4Uf1 at /var/www/php/Rhodium/src/Bullion/APIs/stripe/lib/Stripe/ApiRequestor.php:86)"} []
[2013-09-09 21:43:02] kp_app.CRITICAL: Stripe_InvalidRequestError: You must supply either a card or a customer id (uncaught exception) at /var/www/php/Rhodium/src/Bullion/APIs/stripe/lib/Stripe/ApiRequestor.php line 86 {"exception":"[object] (Stripe_InvalidRequestError: You must supply either a card or a customer id at /var/www/php/Rhodium/src/Bullion/APIs/stripe/lib/Stripe/ApiRequestor.php:86)"} []
[2013-09-09 21:43:19] kp_app.CRITICAL: Stripe_InvalidRequestError: You cannot use a Stripe token more than once: tok_2XgrGXa2tI4Uf1 (uncaught exception) at /var/www/php/Rhodium/src/Bullion/APIs/stripe/lib/Stripe/ApiRequestor.php line 86 {"exception":"[object] (Stripe_InvalidRequestError: You cannot use a Stripe token more than once: tok_2XgrGXa2tI4Uf1 at /var/www/php/Rhodium/src/Bullion/APIs/stripe/lib/Stripe/ApiRequestor.php:86)"} []
[2013-09-09 21:44:02] kp_app.CRITICAL: Stripe_InvalidRequestError: You cannot use a Stripe token more than once: tok_2XgrGXa2tI4Uf1 (uncaught exception) at /var/www/php/Rhodium/src/Bullion/APIs/stripe/lib/Stripe/ApiRequestor.php line 86 {"exception":"[object] (Stripe_InvalidRequestError: You cannot use a Stripe token more than once: tok_2XgrGXa2tI4Uf1 at /var/www/php/Rhodium/src/Bullion/APIs/stripe/lib/Stripe/ApiRequestor.php:86)"} []
[2013-09-09 21:45:31] kp_app.CRITICAL: Stripe_InvalidRequestError: You cannot use a Stripe token more than once: tok_2XgrGXa2tI4Uf1 (uncaught exception) at /var/www/php/Rhodium/src/Bullion/APIs/stripe/lib/Stripe/ApiRequestor.php line 86 {"exception":"[object] (Stripe_InvalidRequestError: You cannot use a Stripe token more than once: tok_2XgrGXa2tI4Uf1 at /var/www/php/Rhodium/src/Bullion/APIs/stripe/lib/Stripe/ApiRequestor.php:86)"} []
[2013-09-09 21:46:08] kp_app.CRITICAL: Stripe_InvalidRequestError: You cannot use a Stripe token more than once: tok_2XgrGXa2tI4Uf1 (uncaught exception) at /var/www/php/Rhodium/src/Bullion/APIs/stripe/lib/Stripe/ApiRequestor.php line 86 {"exception":"[object] (Stripe_InvalidRequestError: You cannot use a Stripe token more than once: tok_2XgrGXa2tI4Uf1 at /var/www/php/Rhodium/src/Bullion/APIs/stripe/lib/Stripe/ApiRequestor.php:86)"} []
[2013-09-09 21:49:52] kp_app.CRITICAL: Stripe_InvalidRequestError: You cannot use a Stripe token more than once: tok_2XgrGXa2tI4Uf1 (uncaught exception) at /var/www/php/Rhodium/src/Bullion/APIs/stripe/lib/Stripe/ApiRequestor.php line 86 {"exception":"[object] (Stripe_InvalidRequestError: You cannot use a Stripe token more than once: tok_2XgrGXa2tI4Uf1 at /var/www/php/Rhodium/src/Bullion/APIs/stripe/lib/Stripe/ApiRequestor.php:86)"} []
[2013-09-09 21:51:31] kp_app.CRITICAL: Stripe_InvalidRequestError: You cannot use a Stripe token more than once: tok_2XgrGXa2tI4Uf1 (uncaught exception) at /var/www/php/Rhodium/src/Bullion/APIs/stripe/lib/Stripe/ApiRequestor.php line 86 {"exception":"[object] (Stripe_InvalidRequestError: You cannot use a Stripe token more than once: tok_2XgrGXa2tI4Uf1 at /var/www/php/Rhodium/src/Bullion/APIs/stripe/lib/Stripe/ApiRequestor.php:86)"} []
[2013-09-09 21:52:19] kp_app.CRITICAL: Stripe_InvalidRequestError: You cannot use a Stripe token more than once: tok_2XgrGXa2tI4Uf1 (uncaught exception) at /var/www/php/Rhodium/src/Bullion/APIs/stripe/lib/Stripe/ApiRequestor.php line 86 {"exception":"[object] (Stripe_InvalidRequestError: You cannot use a Stripe token more than once: tok_2XgrGXa2tI4Uf1 at /var/www/php/Rhodium/src/Bullion/APIs/stripe/lib/Stripe/ApiRequestor.php:86)"} []
[2013-09-09 21:52:33] kp_app.CRITICAL: Stripe_InvalidRequestError: You cannot use a Stripe token more than once: tok_2XgrGXa2tI4Uf1 (uncaught exception) at /var/www/php/Rhodium/src/Bullion/APIs/stripe/lib/Stripe/ApiRequestor.php line 86 {"exception":"[object] (Stripe_InvalidRequestError: You cannot use a Stripe token more than once: tok_2XgrGXa2tI4Uf1 at /var/www/php/Rhodium/src/Bullion/APIs/stripe/lib/Stripe/ApiRequestor.php:86)"} []
[2013-09-09 21:52:45] kp_app.CRITICAL: Stripe_InvalidRequestError: You cannot use a Stripe token more than once: tok_2XgrGXa2tI4Uf1 (uncaught exception) at /var/www/php/Rhodium/src/Bullion/APIs/stripe/lib/Stripe/ApiRequestor.php line 86 {"exception":"[object] (Stripe_InvalidRequestError: You cannot use a Stripe token more than once: tok_2XgrGXa2tI4Uf1 at /var/www/php/Rhodium/src/Bullion/APIs/stripe/lib/Stripe/ApiRequestor.php:86)"} []
[2013-09-09 21:53:31] kp_app.CRITICAL: Stripe_InvalidRequestError: You cannot use a Stripe token more than once: tok_2XgrGXa2tI4Uf1 (uncaught exception) at /var/www/php/Rhodium/src/Bullion/APIs/stripe/lib/Stripe/ApiRequestor.php line 86 {"exception":"[object] (Stripe_InvalidRequestError: You cannot use a Stripe token more than once: tok_2XgrGXa2tI4Uf1 at /var/www/php/Rhodium/src/Bullion/APIs/stripe/lib/Stripe/ApiRequestor.php:86)"} []
[2013-09-09 21:53:46] kp_app.CRITICAL: Stripe_InvalidRequestError: You cannot use a Stripe token more than once: tok_2XgrGXa2tI4Uf1 (uncaught exception) at /var/www/php/Rhodium/src/Bullion/APIs/stripe/lib/Stripe/ApiRequestor.php line 86 {"exception":"[object] (Stripe_InvalidRequestError: You cannot use a Stripe token more than once: tok_2XgrGXa2tI4Uf1 at /var/www/php/Rhodium/src/Bullion/APIs/stripe/lib/Stripe/ApiRequestor.php:86)"} []
[2013-09-09 21:53:59] kp_app.CRITICAL: Stripe_InvalidRequestError: You cannot use a Stripe token more than once: tok_2XgrGXa2tI4Uf1 (uncaught exception) at /var/www/php/Rhodium/src/Bullion/APIs/stripe/lib/Stripe/ApiRequestor.php line 86 {"exception":"[object] (Stripe_InvalidRequestError: You cannot use a Stripe token more than once: tok_2XgrGXa2tI4Uf1 at /var/www/php/Rhodium/src/Bullion/APIs/stripe/lib/Stripe/ApiRequestor.php:86)"} []
[2013-09-09 21:56:56] kp_app.CRITICAL: Stripe_InvalidRequestError: You cannot use a Stripe token more than once: tok_2XgrGXa2tI4Uf1 (uncaught exception) at /var/www/php/Rhodium/src/Bullion/APIs/stripe/lib/Stripe/ApiRequestor.php line 86 {"exception":"[object] (Stripe_InvalidRequestError: You cannot use a Stripe token more than once: tok_2XgrGXa2tI4Uf1 at /var/www/php/Rhodium/src/Bullion/APIs/stripe/lib/Stripe/ApiRequestor.php:86)"} []
[2013-09-09 21:57:04] kp_app.CRITICAL: Stripe_InvalidRequestError: You cannot use a Stripe token more than once: tok_2XgrGXa2tI4Uf1 (uncaught exception) at /var/www/php/Rhodium/src/Bullion/APIs/stripe/lib/Stripe/ApiRequestor.php line 86 {"exception":"[object] (Stripe_InvalidRequestError: You cannot use a Stripe token more than once: tok_2XgrGXa2tI4Uf1 at /var/www/php/Rhodium/src/Bullion/APIs/stripe/lib/Stripe/ApiRequestor.php:86)"} []
[2013-09-09 21:58:02] kp_app.CRITICAL: Stripe_InvalidRequestError: You cannot use a Stripe token more than once: tok_2XgrGXa2tI4Uf1 (uncaught exception) at /var/www/php/Rhodium/src/Bullion/APIs/stripe/lib/Stripe/ApiRequestor.php line 86 {"exception":"[object] (Stripe_InvalidRequestError: You cannot use a Stripe token more than once: tok_2XgrGXa2tI4Uf1 at /var/www/php/Rhodium/src/Bullion/APIs/stripe/lib/Stripe/ApiRequestor.php:86)"} []
[2013-09-09 21:58:40] kp_app.CRITICAL: Stripe_InvalidRequestError: You cannot use a Stripe token more than once: tok_2XgrGXa2tI4Uf1 (uncaught exception) at /var/www/php/Rhodium/src/Bullion/APIs/stripe/lib/Stripe/ApiRequestor.php line 86 {"exception":"[object] (Stripe_InvalidRequestError: You cannot use a Stripe token more than once: tok_2XgrGXa2tI4Uf1 at /var/www/php/Rhodium/src/Bullion/APIs/stripe/lib/Stripe/ApiRequestor.php:86)"} []
[2013-09-09 21:59:18] kp_app.CRITICAL: Stripe_InvalidRequestError: You cannot use a Stripe token more than once: tok_2XgrGXa2tI4Uf1 (uncaught exception) at /var/www/php/Rhodium/src/Bullion/APIs/stripe/lib/Stripe/ApiRequestor.php line 86 {"exception":"[object] (Stripe_InvalidRequestError: You cannot use a Stripe token more than once: tok_2XgrGXa2tI4Uf1 at /var/www/php/Rhodium/src/Bullion/APIs/stripe/lib/Stripe/ApiRequestor.php:86)"} []
[2013-09-09 22:00:13] kp_app.CRITICAL: Stripe_InvalidRequestError: You cannot use a Stripe token more than once: tok_2XgrGXa2tI4Uf1 (uncaught exception) at /var/www/php/Rhodium/src/Bullion/APIs/stripe/lib/Stripe/ApiRequestor.php line 86 {"exception":"[object] (Stripe_InvalidRequestError: You cannot use a Stripe token more than once: tok_2XgrGXa2tI4Uf1 at /var/www/php/Rhodium/src/Bullion/APIs/stripe/lib/Stripe/ApiRequestor.php:86)"} []
[2013-09-09 22:00:30] kp_app.CRITICAL: Stripe_InvalidRequestError: You cannot use a Stripe token more than once: tok_2XgrGXa2tI4Uf1 (uncaught exception) at /var/www/php/Rhodium/src/Bullion/APIs/stripe/lib/Stripe/ApiRequestor.php line 86 {"exception":"[object] (Stripe_InvalidRequestError: You cannot use a Stripe token more than once: tok_2XgrGXa2tI4Uf1 at /var/www/php/Rhodium/src/Bullion/APIs/stripe/lib/Stripe/ApiRequestor.php:86)"} []
[2013-09-09 22:00:44] kp_app.CRITICAL: Stripe_InvalidRequestError: You cannot use a Stripe token more than once: tok_2XgrGXa2tI4Uf1 (uncaught exception) at /var/www/php/Rhodium/src/Bullion/APIs/stripe/lib/Stripe/ApiRequestor.php line 86 {"exception":"[object] (Stripe_InvalidRequestError: You cannot use a Stripe token more than once: tok_2XgrGXa2tI4Uf1 at /var/www/php/Rhodium/src/Bullion/APIs/stripe/lib/Stripe/ApiRequestor.php:86)"} []
[2013-09-09 22:00:55] kp_app.CRITICAL: Stripe_InvalidRequestError: You cannot use a Stripe token more than once: tok_2XgrGXa2tI4Uf1 (uncaught exception) at /var/www/php/Rhodium/src/Bullion/APIs/stripe/lib/Stripe/ApiRequestor.php line 86 {"exception":"[object] (Stripe_InvalidRequestError: You cannot use a Stripe token more than once: tok_2XgrGXa2tI4Uf1 at /var/www/php/Rhodium/src/Bullion/APIs/stripe/lib/Stripe/ApiRequestor.php:86)"} []
[2013-09-09 22:01:43] kp_app.CRITICAL: Stripe_InvalidRequestError: You cannot use a Stripe token more than once: tok_2XgrGXa2tI4Uf1 (uncaught exception) at /var/www/php/Rhodium/src/Bullion/APIs/stripe/lib/Stripe/ApiRequestor.php line 86 {"exception":"[object] (Stripe_InvalidRequestError: You cannot use a Stripe token more than once: tok_2XgrGXa2tI4Uf1 at /var/www/php/Rhodium/src/Bullion/APIs/stripe/lib/Stripe/ApiRequestor.php:86)"} []
[2013-09-09 22:02:06] kp_app.CRITICAL: Stripe_InvalidRequestError: You cannot use a Stripe token more than once: tok_2XgrGXa2tI4Uf1 (uncaught exception) at /var/www/php/Rhodium/src/Bullion/APIs/stripe/lib/Stripe/ApiRequestor.php line 86 {"exception":"[object] (Stripe_InvalidRequestError: You cannot use a Stripe token more than once: tok_2XgrGXa2tI4Uf1 at /var/www/php/Rhodium/src/Bullion/APIs/stripe/lib/Stripe/ApiRequestor.php:86)"} []
[2013-09-09 22:04:49] kp_app.CRITICAL: Stripe_InvalidRequestError: You cannot use a Stripe token more than once: tok_2XgrGXa2tI4Uf1 (uncaught exception) at /var/www/php/Rhodium/src/Bullion/APIs/stripe/lib/Stripe/ApiRequestor.php line 86 {"exception":"[object] (Stripe_InvalidRequestError: You cannot use a Stripe token more than once: tok_2XgrGXa2tI4Uf1 at /var/www/php/Rhodium/src/Bullion/APIs/stripe/lib/Stripe/ApiRequestor.php:86)"} []
[2013-09-09 22:05:44] kp_app.CRITICAL: Stripe_InvalidRequestError: You cannot use a Stripe token more than once: tok_2XgrGXa2tI4Uf1 (uncaught exception) at /var/www/php/Rhodium/src/Bullion/APIs/stripe/lib/Stripe/ApiRequestor.php line 86 {"exception":"[object] (Stripe_InvalidRequestError: You cannot use a Stripe token more than once: tok_2XgrGXa2tI4Uf1 at /var/www/php/Rhodium/src/Bullion/APIs/stripe/lib/Stripe/ApiRequestor.php:86)"} []
[2013-09-09 22:08:40] kp_app.CRITICAL: Stripe_InvalidRequestError: You cannot use a Stripe token more than once: tok_2XgrGXa2tI4Uf1 (uncaught exception) at /var/www/php/Rhodium/src/Bullion/APIs/stripe/lib/Stripe/ApiRequestor.php line 86 {"exception":"[object] (Stripe_InvalidRequestError: You cannot use a Stripe token more than once: tok_2XgrGXa2tI4Uf1 at /var/www/php/Rhodium/src/Bullion/APIs/stripe/lib/Stripe/ApiRequestor.php:86)"} []
[2013-09-09 22:16:08] kp_app.CRITICAL: Stripe_InvalidRequestError: You cannot use a Stripe token more than once: tok_2XgrGXa2tI4Uf1 (uncaught exception) at /var/www/php/Rhodium/src/Bullion/APIs/stripe/lib/Stripe/ApiRequestor.php line 86 {"exception":"[object] (Stripe_InvalidRequestError: You cannot use a Stripe token more than once: tok_2XgrGXa2tI4Uf1 at /var/www/php/Rhodium/src/Bullion/APIs/stripe/lib/Stripe/ApiRequestor.php:86)"} []
[2013-09-09 22:23:36] kp_app.CRITICAL: Stripe_InvalidRequestError: You cannot use a Stripe token more than once: tok_2XgrGXa2tI4Uf1 (uncaught exception) at /var/www/php/Rhodium/src/Bullion/APIs/stripe/lib/Stripe/ApiRequestor.php line 86 {"exception":"[object] (Stripe_InvalidRequestError: You cannot use a Stripe token more than once: tok_2XgrGXa2tI4Uf1 at /var/www/php/Rhodium/src/Bullion/APIs/stripe/lib/Stripe/ApiRequestor.php:86)"} []
[2013-09-09 22:24:19] kp_app.CRITICAL: Stripe_InvalidRequestError: You cannot use a Stripe token more than once: tok_2XgrGXa2tI4Uf1 (uncaught exception) at /var/www/php/Rhodium/src/Bullion/APIs/stripe/lib/Stripe/ApiRequestor.php line 86 {"exception":"[object] (Stripe_InvalidRequestError: You cannot use a Stripe token more than once: tok_2XgrGXa2tI4Uf1 at /var/www/php/Rhodium/src/Bullion/APIs/stripe/lib/Stripe/ApiRequestor.php:86)"} []
[2013-09-09 22:24:55] kp_app.CRITICAL: Stripe_InvalidRequestError: You cannot use a Stripe token more than once: tok_2XgrGXa2tI4Uf1 (uncaught exception) at /var/www/php/Rhodium/src/Bullion/APIs/stripe/lib/Stripe/ApiRequestor.php line 86 {"exception":"[object] (Stripe_InvalidRequestError: You cannot use a Stripe token more than once: tok_2XgrGXa2tI4Uf1 at /var/www/php/Rhodium/src/Bullion/APIs/stripe/lib/Stripe/ApiRequestor.php:86)"} []
[2013-09-09 22:25:14] kp_app.CRITICAL: Stripe_InvalidRequestError: You cannot use a Stripe token more than once: tok_2XgrGXa2tI4Uf1 (uncaught exception) at /var/www/php/Rhodium/src/Bullion/APIs/stripe/lib/Stripe/ApiRequestor.php line 86 {"exception":"[object] (Stripe_InvalidRequestError: You cannot use a Stripe token more than once: tok_2XgrGXa2tI4Uf1 at /var/www/php/Rhodium/src/Bullion/APIs/stripe/lib/Stripe/ApiRequestor.php:86)"} []
[2013-09-09 22:25:37] kp_app.CRITICAL: Stripe_InvalidRequestError: You cannot use a Stripe token more than once: tok_2XgrGXa2tI4Uf1 (uncaught exception) at /var/www/php/Rhodium/src/Bullion/APIs/stripe/lib/Stripe/ApiRequestor.php line 86 {"exception":"[object] (Stripe_InvalidRequestError: You cannot use a Stripe token more than once: tok_2XgrGXa2tI4Uf1 at /var/www/php/Rhodium/src/Bullion/APIs/stripe/lib/Stripe/ApiRequestor.php:86)"} []
[2013-09-09 22:25:52] kp_app.CRITICAL: Stripe_InvalidRequestError: You cannot use a Stripe token more than once: tok_2XgrGXa2tI4Uf1 (uncaught exception) at /var/www/php/Rhodium/src/Bullion/APIs/stripe/lib/Stripe/ApiRequestor.php line 86 {"exception":"[object] (Stripe_InvalidRequestError: You cannot use a Stripe token more than once: tok_2XgrGXa2tI4Uf1 at /var/www/php/Rhodium/src/Bullion/APIs/stripe/lib/Stripe/ApiRequestor.php:86)"} []
[2013-09-09 23:41:24] kp_app.ERROR: Symfony\Component\HttpKernel\Exception\MethodNotAllowedHttpException: No route found for "GET /checkout/result": Method Not Allowed (Allow: POST) (uncaught exception) at /var/www/php/Rhodium/vendor/symfony/http-kernel/Symfony/Component/HttpKernel/EventListener/RouterListener.php line 120 {"exception":"[object] (Symfony\\Component\\HttpKernel\\Exception\\MethodNotAllowedHttpException: No route found for \"GET /checkout/result\": Method Not Allowed (Allow: POST) at /var/www/php/Rhodium/vendor/symfony/http-kernel/Symfony/Component/HttpKernel/EventListener/RouterListener.php:120, Symfony\\Component\\Routing\\Exception\\MethodNotAllowedException:  at /var/www/php/Rhodium/vendor/symfony/routing/Symfony/Component/Routing/Matcher/UrlMatcher.php:90)"} []
[2013-09-11 23:42:58] kp_app.ERROR: Symfony\Component\HttpKernel\Exception\NotFoundHttpException: No route found for "GET /user/login" (uncaught exception) at /var/www/php/Rhodium/vendor/symfony/http-kernel/Symfony/Component/HttpKernel/EventListener/RouterListener.php line 116 {"exception":"[object] (Symfony\\Component\\HttpKernel\\Exception\\NotFoundHttpException: No route found for \"GET /user/login\" at /var/www/php/Rhodium/vendor/symfony/http-kernel/Symfony/Component/HttpKernel/EventListener/RouterListener.php:116, Symfony\\Component\\Routing\\Exception\\ResourceNotFoundException:  at /var/www/php/Rhodium/vendor/symfony/routing/Symfony/Component/Routing/Matcher/UrlMatcher.php:91)"} []
[2013-09-11 23:47:32] kp_app.ERROR: Symfony\Component\HttpKernel\Exception\NotFoundHttpException: No route found for "GET /user/login" (uncaught exception) at /var/www/php/Rhodium/vendor/symfony/http-kernel/Symfony/Component/HttpKernel/EventListener/RouterListener.php line 116 {"exception":"[object] (Symfony\\Component\\HttpKernel\\Exception\\NotFoundHttpException: No route found for \"GET /user/login\" at /var/www/php/Rhodium/vendor/symfony/http-kernel/Symfony/Component/HttpKernel/EventListener/RouterListener.php:116, Symfony\\Component\\Routing\\Exception\\ResourceNotFoundException:  at /var/www/php/Rhodium/vendor/symfony/routing/Symfony/Component/Routing/Matcher/UrlMatcher.php:91)"} []
[2013-09-11 23:50:35] kp_app.ERROR: Symfony\Component\HttpKernel\Exception\NotFoundHttpException: No route found for "GET /user/login" (uncaught exception) at /var/www/php/Rhodium/vendor/symfony/http-kernel/Symfony/Component/HttpKernel/EventListener/RouterListener.php line 116 {"exception":"[object] (Symfony\\Component\\HttpKernel\\Exception\\NotFoundHttpException: No route found for \"GET /user/login\" at /var/www/php/Rhodium/vendor/symfony/http-kernel/Symfony/Component/HttpKernel/EventListener/RouterListener.php:116, Symfony\\Component\\Routing\\Exception\\ResourceNotFoundException:  at /var/www/php/Rhodium/vendor/symfony/routing/Symfony/Component/Routing/Matcher/UrlMatcher.php:91)"} []
[2013-09-11 23:50:38] kp_app.ERROR: Symfony\Component\HttpKernel\Exception\NotFoundHttpException: No route found for "GET /user/login" (uncaught exception) at /var/www/php/Rhodium/vendor/symfony/http-kernel/Symfony/Component/HttpKernel/EventListener/RouterListener.php line 116 {"exception":"[object] (Symfony\\Component\\HttpKernel\\Exception\\NotFoundHttpException: No route found for \"GET /user/login\" at /var/www/php/Rhodium/vendor/symfony/http-kernel/Symfony/Component/HttpKernel/EventListener/RouterListener.php:116, Symfony\\Component\\Routing\\Exception\\ResourceNotFoundException:  at /var/www/php/Rhodium/vendor/symfony/routing/Symfony/Component/Routing/Matcher/UrlMatcher.php:91)"} []
[2013-09-11 23:51:14] kp_app.ERROR: Symfony\Component\HttpKernel\Exception\NotFoundHttpException: No route found for "GET /user" (uncaught exception) at /var/www/php/Rhodium/vendor/symfony/http-kernel/Symfony/Component/HttpKernel/EventListener/RouterListener.php line 116 {"exception":"[object] (Symfony\\Component\\HttpKernel\\Exception\\NotFoundHttpException: No route found for \"GET /user\" at /var/www/php/Rhodium/vendor/symfony/http-kernel/Symfony/Component/HttpKernel/EventListener/RouterListener.php:116, Symfony\\Component\\Routing\\Exception\\ResourceNotFoundException:  at /var/www/php/Rhodium/vendor/symfony/routing/Symfony/Component/Routing/Matcher/UrlMatcher.php:91)"} []
[2013-09-11 23:57:28] kp_app.ERROR: Symfony\Component\HttpKernel\Exception\NotFoundHttpException: No route found for "GET /user" (uncaught exception) at /var/www/php/Rhodium/vendor/symfony/http-kernel/Symfony/Component/HttpKernel/EventListener/RouterListener.php line 116 {"exception":"[object] (Symfony\\Component\\HttpKernel\\Exception\\NotFoundHttpException: No route found for \"GET /user\" at /var/www/php/Rhodium/vendor/symfony/http-kernel/Symfony/Component/HttpKernel/EventListener/RouterListener.php:116, Symfony\\Component\\Routing\\Exception\\ResourceNotFoundException:  at /var/www/php/Rhodium/vendor/symfony/routing/Symfony/Component/Routing/Matcher/UrlMatcher.php:91)"} []
[2013-10-08 14:40:39] kp_app.ERROR: Symfony\Component\HttpKernel\Exception\NotFoundHttpException: No route found for "GET /alloy/main" (uncaught exception) at /var/www/php/Rhodium/vendor/symfony/http-kernel/Symfony/Component/HttpKernel/EventListener/RouterListener.php line 116 {"exception":"[object] (Symfony\\Component\\HttpKernel\\Exception\\NotFoundHttpException: No route found for \"GET /alloy/main\" at /var/www/php/Rhodium/vendor/symfony/http-kernel/Symfony/Component/HttpKernel/EventListener/RouterListener.php:116, Symfony\\Component\\Routing\\Exception\\ResourceNotFoundException:  at /var/www/php/Rhodium/vendor/symfony/routing/Symfony/Component/Routing/Matcher/UrlMatcher.php:91)"} []
[2013-10-08 14:40:49] kp_app.ERROR: Symfony\Component\HttpKernel\Exception\NotFoundHttpException: No route found for "GET /alloy/main" (uncaught exception) at /var/www/php/Rhodium/vendor/symfony/http-kernel/Symfony/Component/HttpKernel/EventListener/RouterListener.php line 116 {"exception":"[object] (Symfony\\Component\\HttpKernel\\Exception\\NotFoundHttpException: No route found for \"GET /alloy/main\" at /var/www/php/Rhodium/vendor/symfony/http-kernel/Symfony/Component/HttpKernel/EventListener/RouterListener.php:116, Symfony\\Component\\Routing\\Exception\\ResourceNotFoundException:  at /var/www/php/Rhodium/vendor/symfony/routing/Symfony/Component/Routing/Matcher/UrlMatcher.php:91)"} []
[2013-10-11 00:28:46] kp_app.ERROR: Symfony\Component\HttpKernel\Exception\NotFoundHttpException: No route found for "GET /form" (uncaught exception) at /var/www/php/Rhodium/vendor/symfony/http-kernel/Symfony/Component/HttpKernel/EventListener/RouterListener.php line 116 {"exception":"[object] (Symfony\\Component\\HttpKernel\\Exception\\NotFoundHttpException: No route found for \"GET /form\" at /var/www/php/Rhodium/vendor/symfony/http-kernel/Symfony/Component/HttpKernel/EventListener/RouterListener.php:116, Symfony\\Component\\Routing\\Exception\\ResourceNotFoundException:  at /var/www/php/Rhodium/vendor/symfony/routing/Symfony/Component/Routing/Matcher/UrlMatcher.php:91)"} []
[2013-10-11 00:31:27] kp_app.CRITICAL: UnexpectedValueException: The Response content must be a string or object implementing __toString(), "object" given. (uncaught exception) at /var/www/php/Rhodium/vendor/symfony/http-foundation/Symfony/Component/HttpFoundation/Response.php line 358 {"exception":"[object] (UnexpectedValueException: The Response content must be a string or object implementing __toString(), \"object\" given. at /var/www/php/Rhodium/vendor/symfony/http-foundation/Symfony/Component/HttpFoundation/Response.php:358)"} []
[2013-10-11 00:31:29] kp_app.CRITICAL: UnexpectedValueException: The Response content must be a string or object implementing __toString(), "object" given. (uncaught exception) at /var/www/php/Rhodium/vendor/symfony/http-foundation/Symfony/Component/HttpFoundation/Response.php line 358 {"exception":"[object] (UnexpectedValueException: The Response content must be a string or object implementing __toString(), \"object\" given. at /var/www/php/Rhodium/vendor/symfony/http-foundation/Symfony/Component/HttpFoundation/Response.php:358)"} []
[2013-10-11 00:34:08] kp_app.CRITICAL: UnexpectedValueException: The Response content must be a string or object implementing __toString(), "object" given. (uncaught exception) at /var/www/php/Rhodium/vendor/symfony/http-foundation/Symfony/Component/HttpFoundation/Response.php line 358 {"exception":"[object] (UnexpectedValueException: The Response content must be a string or object implementing __toString(), \"object\" given. at /var/www/php/Rhodium/vendor/symfony/http-foundation/Symfony/Component/HttpFoundation/Response.php:358)"} []
[2013-10-11 00:35:34] kp_app.CRITICAL: UnexpectedValueException: The Response content must be a string or object implementing __toString(), "object" given. (uncaught exception) at /var/www/php/Rhodium/vendor/symfony/http-foundation/Symfony/Component/HttpFoundation/Response.php line 358 {"exception":"[object] (UnexpectedValueException: The Response content must be a string or object implementing __toString(), \"object\" given. at /var/www/php/Rhodium/vendor/symfony/http-foundation/Symfony/Component/HttpFoundation/Response.php:358)"} []
[2013-10-11 00:36:05] kp_app.CRITICAL: UnexpectedValueException: The Response content must be a string or object implementing __toString(), "object" given. (uncaught exception) at /var/www/php/Rhodium/vendor/symfony/http-foundation/Symfony/Component/HttpFoundation/Response.php line 358 {"exception":"[object] (UnexpectedValueException: The Response content must be a string or object implementing __toString(), \"object\" given. at /var/www/php/Rhodium/vendor/symfony/http-foundation/Symfony/Component/HttpFoundation/Response.php:358)"} []
[2013-10-11 00:38:53] kp_app.CRITICAL: UnexpectedValueException: The Response content must be a string or object implementing __toString(), "object" given. (uncaught exception) at /var/www/php/Rhodium/vendor/symfony/http-foundation/Symfony/Component/HttpFoundation/Response.php line 358 {"exception":"[object] (UnexpectedValueException: The Response content must be a string or object implementing __toString(), \"object\" given. at /var/www/php/Rhodium/vendor/symfony/http-foundation/Symfony/Component/HttpFoundation/Response.php:358)"} []
[2013-10-11 00:41:08] kp_app.CRITICAL: UnexpectedValueException: The Response content must be a string or object implementing __toString(), "object" given. (uncaught exception) at /var/www/php/Rhodium/vendor/symfony/http-foundation/Symfony/Component/HttpFoundation/Response.php line 358 {"exception":"[object] (UnexpectedValueException: The Response content must be a string or object implementing __toString(), \"object\" given. at /var/www/php/Rhodium/vendor/symfony/http-foundation/Symfony/Component/HttpFoundation/Response.php:358)"} []
[2013-10-11 00:41:50] kp_app.CRITICAL: UnexpectedValueException: The Response content must be a string or object implementing __toString(), "object" given. (uncaught exception) at /var/www/php/Rhodium/vendor/symfony/http-foundation/Symfony/Component/HttpFoundation/Response.php line 358 {"exception":"[object] (UnexpectedValueException: The Response content must be a string or object implementing __toString(), \"object\" given. at /var/www/php/Rhodium/vendor/symfony/http-foundation/Symfony/Component/HttpFoundation/Response.php:358)"} []
[2013-10-11 00:42:01] kp_app.CRITICAL: UnexpectedValueException: The Response content must be a string or object implementing __toString(), "object" given. (uncaught exception) at /var/www/php/Rhodium/vendor/symfony/http-foundation/Symfony/Component/HttpFoundation/Response.php line 358 {"exception":"[object] (UnexpectedValueException: The Response content must be a string or object implementing __toString(), \"object\" given. at /var/www/php/Rhodium/vendor/symfony/http-foundation/Symfony/Component/HttpFoundation/Response.php:358)"} []
[2013-10-11 00:42:12] kp_app.CRITICAL: UnexpectedValueException: The Response content must be a string or object implementing __toString(), "object" given. (uncaught exception) at /var/www/php/Rhodium/vendor/symfony/http-foundation/Symfony/Component/HttpFoundation/Response.php line 358 {"exception":"[object] (UnexpectedValueException: The Response content must be a string or object implementing __toString(), \"object\" given. at /var/www/php/Rhodium/vendor/symfony/http-foundation/Symfony/Component/HttpFoundation/Response.php:358)"} []
[2013-10-11 00:42:33] kp_app.CRITICAL: UnexpectedValueException: The Response content must be a string or object implementing __toString(), "object" given. (uncaught exception) at /var/www/php/Rhodium/vendor/symfony/http-foundation/Symfony/Component/HttpFoundation/Response.php line 358 {"exception":"[object] (UnexpectedValueException: The Response content must be a string or object implementing __toString(), \"object\" given. at /var/www/php/Rhodium/vendor/symfony/http-foundation/Symfony/Component/HttpFoundation/Response.php:358)"} []
[2013-10-11 00:46:15] kp_app.CRITICAL: UnexpectedValueException: The Response content must be a string or object implementing __toString(), "object" given. (uncaught exception) at /var/www/php/Rhodium/vendor/symfony/http-foundation/Symfony/Component/HttpFoundation/Response.php line 358 {"exception":"[object] (UnexpectedValueException: The Response content must be a string or object implementing __toString(), \"object\" given. at /var/www/php/Rhodium/vendor/symfony/http-foundation/Symfony/Component/HttpFoundation/Response.php:358)"} []
